--------------- Build Started: 08/21/2020 08:26:08 Project: CY8C4014SXI, Configuration: ARM GCC 5.4-2016-q2-update Debug ---------------
cydsfit.exe -.appdatapath "C:\Users\mac_000\AppData\Local\Cypress Semiconductor\PSoC Creator\4.3" -.fdsnotice -.fdswarpdepfile=warp_dependencies.txt -.fdselabdepfile=elab_dependencies.txt -.fdsbldfile=generated_files.txt -.fdsreffile=referenced_files.txt -p C:\Users\mac_000\Documents\Git_IR_REMO\PSoC\CY8C4014SXI.cydsn\CY8C4014SXI.cyprj -d CY8C4014SXI-420 -s C:\Users\mac_000\Documents\Git_IR_REMO\PSoC\CY8C4014SXI.cydsn\Generated_Source\PSoC4 -- -yv2 -q10 -ygs -o2 -v3 -.fftcfgtype=LE
Elaborating Design...
ADD: fit.M0006: error: Pin Error: (P3[0] has been reserved for SWD Debug in the DWR System settings.).
 * C:\Users\mac_000\Documents\Git_IR_REMO\PSoC\CY8C4014SXI.cydsn\CY8C4014SXI.cydwr (IR)
ADD: fit.M0006: error: Pin Error: (P3[1] has been reserved for SWD Debug in the DWR System settings.).
 * C:\Users\mac_000\Documents\Git_IR_REMO\PSoC\CY8C4014SXI.cydsn\CY8C4014SXI.cydwr (M_BL)
DEL: fit.M0006: error: Pin Error: (P3[1] has been reserved for SWD Debug in the DWR System settings.).
 * C:\Users\mac_000\Documents\Git_IR_REMO\PSoC\CY8C4014SXI.cydsn\CY8C4014SXI.cydwr (M_BL)
ADD: fit.M0006: error: Pin Error: (P3[1] has been reserved for SWD Debug in the DWR System settings.).
 * C:\Users\mac_000\Documents\Git_IR_REMO\PSoC\CY8C4014SXI.cydsn\CY8C4014SXI.cydwr (M_BL)
DEL: fit.M0006: error: Pin Error: (P3[1] has been reserved for SWD Debug in the DWR System settings.).
 * C:\Users\mac_000\Documents\Git_IR_REMO\PSoC\CY8C4014SXI.cydsn\CY8C4014SXI.cydwr (M_BL)
ADD: fit.M0006: error: Pin Error: (P3[1] has been reserved for SWD Debug in the DWR System settings.).
 * C:\Users\mac_000\Documents\Git_IR_REMO\PSoC\CY8C4014SXI.cydsn\CY8C4014SXI.cydwr (M_BL)
DEL: fit.M0006: error: Pin Error: (P3[1] has been reserved for SWD Debug in the DWR System settings.).
 * C:\Users\mac_000\Documents\Git_IR_REMO\PSoC\CY8C4014SXI.cydsn\CY8C4014SXI.cydwr (M_BL)
ADD: fit.M0006: error: Pin Error: (P3[1] has been reserved for SWD Debug in the DWR System settings.).
 * C:\Users\mac_000\Documents\Git_IR_REMO\PSoC\CY8C4014SXI.cydsn\CY8C4014SXI.cydwr (M_BL)
Error: fit.M0050: The fitter aborted due to errors, please address all errors and rebuild. (App=cydsfit)
--------------- Build Failed: 08/21/2020 08:26:13 ---------------
