Loading plugins phase: Elapsed time ==> 0s.352ms
<CYPRESSTAG name="CyDsfit arguments...">
cydsfit arguments: -.fdsnotice -.fdswarpdepfile=warp_dependencies.txt -.fdselabdepfile=elab_dependencies.txt -.fdsbldfile=generated_files.txt -.fdsreffile=referenced_files.txt -p C:\Users\mac_000\Documents\Git_IR_REMO\PSoC\CY8C4014SXI.cydsn\CY8C4014SXI.cyprj -d CY8C4014SXI-420 -s C:\Users\mac_000\Documents\Git_IR_REMO\PSoC\CY8C4014SXI.cydsn\Generated_Source\PSoC4 -- -yv2 -q10 -ygs -o2 -v3 -.fftcfgtype=LE
</CYPRESSTAG>
<CYPRESSTAG name="Design elaboration results...">
ADD: fit.M0006: error: Pin Error: (P3[0] has been reserved for SWD Debug in the DWR System settings.).
 * C:\Users\mac_000\Documents\Git_IR_REMO\PSoC\CY8C4014SXI.cydsn\CY8C4014SXI.cydwr (IR)

ADD: fit.M0006: error: Pin Error: (P3[1] has been reserved for SWD Debug in the DWR System settings.).
 * C:\Users\mac_000\Documents\Git_IR_REMO\PSoC\CY8C4014SXI.cydsn\CY8C4014SXI.cydwr (M_BL)

DEL: fit.M0006: error: Pin Error: (P3[1] has been reserved for SWD Debug in the DWR System settings.).
 * C:\Users\mac_000\Documents\Git_IR_REMO\PSoC\CY8C4014SXI.cydsn\CY8C4014SXI.cydwr (M_BL)

ADD: fit.M0006: error: Pin Error: (P3[1] has been reserved for SWD Debug in the DWR System settings.).
 * C:\Users\mac_000\Documents\Git_IR_REMO\PSoC\CY8C4014SXI.cydsn\CY8C4014SXI.cydwr (M_BL)

DEL: fit.M0006: error: Pin Error: (P3[1] has been reserved for SWD Debug in the DWR System settings.).
 * C:\Users\mac_000\Documents\Git_IR_REMO\PSoC\CY8C4014SXI.cydsn\CY8C4014SXI.cydwr (M_BL)

ADD: fit.M0006: error: Pin Error: (P3[1] has been reserved for SWD Debug in the DWR System settings.).
 * C:\Users\mac_000\Documents\Git_IR_REMO\PSoC\CY8C4014SXI.cydsn\CY8C4014SXI.cydwr (M_BL)

DEL: fit.M0006: error: Pin Error: (P3[1] has been reserved for SWD Debug in the DWR System settings.).
 * C:\Users\mac_000\Documents\Git_IR_REMO\PSoC\CY8C4014SXI.cydsn\CY8C4014SXI.cydwr (M_BL)

ADD: fit.M0006: error: Pin Error: (P3[1] has been reserved for SWD Debug in the DWR System settings.).
 * C:\Users\mac_000\Documents\Git_IR_REMO\PSoC\CY8C4014SXI.cydsn\CY8C4014SXI.cydwr (M_BL)

</CYPRESSTAG>
Elaboration phase: Elapsed time ==> 1s.936ms
