ARM GAS  C:\Users\mac_000\AppData\Local\Temp\ccpsNMUs.s 			page 1


   1              		.syntax unified
   2              		.cpu cortex-m0
   3              		.fpu softvfp
   4              		.eabi_attribute 20, 1
   5              		.eabi_attribute 21, 1
   6              		.eabi_attribute 23, 3
   7              		.eabi_attribute 24, 1
   8              		.eabi_attribute 25, 1
   9              		.eabi_attribute 26, 1
  10              		.eabi_attribute 30, 1
  11              		.eabi_attribute 34, 0
  12              		.eabi_attribute 18, 4
  13              		.thumb
  14              		.syntax unified
  15              		.file	"main.c"
  16              		.text
  17              	.Ltext0:
  18              		.cfi_sections	.debug_frame
  19              		.section	.text.do_capture,"ax",%progbits
  20              		.align	2
  21              		.global	do_capture
  22              		.code	16
  23              		.thumb_func
  24              		.type	do_capture, %function
  25              	do_capture:
  26              	.LFB35:
  27              		.file 1 "main.c"
   1:main.c        **** /* ========================================
   2:main.c        ****  *
   3:main.c        ****  * Copyright YOUR COMPANY, THE YEAR
   4:main.c        ****  * All Rights Reserved
   5:main.c        ****  * UNPUBLISHED, LICENSED SOFTWARE.
   6:main.c        ****  *
   7:main.c        ****  * CONFIDENTIAL AND PROPRIETARY INFORMATION
   8:main.c        ****  * WHICH IS THE PROPERTY OF your company.
   9:main.c        ****  *
  10:main.c        ****  * ========================================
  11:main.c        **** */
  12:main.c        **** #include "project.h"
  13:main.c        **** #include <stdio.h>
  14:main.c        **** 
  15:main.c        **** static short Capture[100];
  16:main.c        **** static int NCapture = 0;
  17:main.c        **** 
  18:main.c        **** CY_ISR(do_capture) {
  28              		.loc 1 18 0
  29              		.cfi_startproc
  30              		@ args = 0, pretend = 0, frame = 0
  31              		@ frame_needed = 0, uses_anonymous_args = 0
  32 0000 70B5     		push	{r4, r5, r6, lr}
  33              		.cfi_def_cfa_offset 16
  34              		.cfi_offset 4, -16
  35              		.cfi_offset 5, -12
  36              		.cfi_offset 6, -8
  37              		.cfi_offset 14, -4
  19:main.c        ****     Timer1_STATUS;
  38              		.loc 1 19 0
ARM GAS  C:\Users\mac_000\AppData\Local\Temp\ccpsNMUs.s 			page 2


  39 0002 064B     		ldr	r3, .L2
  40 0004 1B78     		ldrb	r3, [r3]
  20:main.c        ****     Capture[NCapture++] = Timer1_ReadCapture();
  41              		.loc 1 20 0
  42 0006 064D     		ldr	r5, .L2+4
  43 0008 2C68     		ldr	r4, [r5]
  44 000a 631C     		adds	r3, r4, #1
  45 000c 2B60     		str	r3, [r5]
  46 000e FFF7FEFF 		bl	Timer1_ReadCapture
  47              	.LVL0:
  48 0012 6400     		lsls	r4, r4, #1
  49 0014 2C19     		adds	r4, r5, r4
  50 0016 A080     		strh	r0, [r4, #4]
  21:main.c        **** }
  51              		.loc 1 21 0
  52              		@ sp needed
  53 0018 70BD     		pop	{r4, r5, r6, pc}
  54              	.L3:
  55 001a C046     		.align	2
  56              	.L2:
  57 001c 61000F40 		.word	1074724961
  58 0020 00000000 		.word	.LANCHOR0
  59              		.cfi_endproc
  60              	.LFE35:
  61              		.size	do_capture, .-do_capture
  62              		.section	.text.Puts,"ax",%progbits
  63              		.align	2
  64              		.global	Puts
  65              		.code	16
  66              		.thumb_func
  67              		.type	Puts, %function
  68              	Puts:
  69              	.LFB36:
  22:main.c        **** 
  23:main.c        **** void Puts(const char *s) {
  70              		.loc 1 23 0
  71              		.cfi_startproc
  72              		@ args = 0, pretend = 0, frame = 0
  73              		@ frame_needed = 0, uses_anonymous_args = 0
  74              	.LVL1:
  75 0000 10B5     		push	{r4, lr}
  76              		.cfi_def_cfa_offset 8
  77              		.cfi_offset 4, -8
  78              		.cfi_offset 14, -4
  24:main.c        ****     UART1_UartPutString(s);
  79              		.loc 1 24 0
  80 0002 FFF7FEFF 		bl	UART1_UartPutString
  81              	.LVL2:
  25:main.c        **** }
  82              		.loc 1 25 0
  83              		@ sp needed
  84 0006 10BD     		pop	{r4, pc}
  85              		.cfi_endproc
  86              	.LFE36:
  87              		.size	Puts, .-Puts
  88              		.section	.text.main,"ax",%progbits
  89              		.align	2
ARM GAS  C:\Users\mac_000\AppData\Local\Temp\ccpsNMUs.s 			page 3


  90              		.global	main
  91              		.code	16
  92              		.thumb_func
  93              		.type	main, %function
  94              	main:
  95              	.LFB37:
  26:main.c        **** 
  27:main.c        **** int main(void)
  28:main.c        **** {
  96              		.loc 1 28 0
  97              		.cfi_startproc
  98              		@ args = 0, pretend = 0, frame = 80
  99              		@ frame_needed = 0, uses_anonymous_args = 0
 100 0000 70B5     		push	{r4, r5, r6, lr}
 101              		.cfi_def_cfa_offset 16
 102              		.cfi_offset 4, -16
 103              		.cfi_offset 5, -12
 104              		.cfi_offset 6, -8
 105              		.cfi_offset 14, -4
 106 0002 96B0     		sub	sp, sp, #88
 107              		.cfi_def_cfa_offset 104
 108              	.LVL3:
  29:main.c        ****     char buf[80];
  30:main.c        ****     int rep, code = 0;
  31:main.c        ****     
  32:main.c        ****     int i;
  33:main.c        **** 
  34:main.c        ****     UART1_Start();
 109              		.loc 1 34 0
 110 0004 FFF7FEFF 		bl	UART1_Start
 111              	.LVL4:
  35:main.c        ****     Timer1_Start();
 112              		.loc 1 35 0
 113 0008 FFF7FEFF 		bl	Timer1_Start
 114              	.LVL5:
  36:main.c        ****     Timer2_Start();
 115              		.loc 1 36 0
 116 000c FFF7FEFF 		bl	Timer2_Start
 117              	.LVL6:
  37:main.c        ****     
  38:main.c        ****     ISR1_StartEx(do_capture);
 118              		.loc 1 38 0
 119 0010 3F48     		ldr	r0, .L19
 120 0012 FFF7FEFF 		bl	ISR1_StartEx
 121              	.LVL7:
  39:main.c        ****     CyGlobalIntEnable;
 122              		.loc 1 39 0
 123              		.syntax divided
 124              	@ 39 "main.c" 1
 125 0016 62B6     		CPSIE   i
 126              	@ 0 "" 2
  30:main.c        ****     
 127              		.loc 1 30 0
 128              		.thumb
 129              		.syntax unified
 130 0018 0024     		movs	r4, #0
 131              	.LVL8:
ARM GAS  C:\Users\mac_000\AppData\Local\Temp\ccpsNMUs.s 			page 4


 132              	.L15:
 133              	.LBB2:
  40:main.c        ****     
  41:main.c        ****     for(;;)
  42:main.c        ****     {  
  43:main.c        ****         ISR1_Disable();
 134              		.loc 1 43 0
 135 001a FFF7FEFF 		bl	ISR1_Disable
 136              	.LVL9:
  44:main.c        ****         ISR1_ClearPending();
 137              		.loc 1 44 0
 138 001e FFF7FEFF 		bl	ISR1_ClearPending
 139              	.LVL10:
 140              	.L6:
  45:main.c        ****         while ((Timer2_ReadStatusRegister() & Timer2_STATUS_TC) == 0);
 141              		.loc 1 45 0 discriminator 1
 142 0022 FFF7FEFF 		bl	Timer2_ReadStatusRegister
 143              	.LVL11:
 144 0026 C307     		lsls	r3, r0, #31
 145 0028 FBD5     		bpl	.L6
  46:main.c        ****         NCapture=0;
 146              		.loc 1 46 0
 147 002a 0022     		movs	r2, #0
 148 002c 394B     		ldr	r3, .L19+4
 149 002e 1A60     		str	r2, [r3]
  47:main.c        ****         Timer1_ClearFIFO();
 150              		.loc 1 47 0
 151 0030 FFF7FEFF 		bl	Timer1_ClearFIFO
 152              	.LVL12:
  48:main.c        ****         Timer1_Init();
 153              		.loc 1 48 0
 154 0034 FFF7FEFF 		bl	Timer1_Init
 155              	.LVL13:
  49:main.c        ****         Timer1_Enable();
 156              		.loc 1 49 0
 157 0038 FFF7FEFF 		bl	Timer1_Enable
 158              	.LVL14:
  50:main.c        ****         Timer1_WriteCounter(26000);
 159              		.loc 1 50 0
 160 003c 364D     		ldr	r5, .L19+8
 161 003e 2800     		movs	r0, r5
 162 0040 FFF7FEFF 		bl	Timer1_WriteCounter
 163              	.LVL15:
  51:main.c        ****         Timer1_WritePeriod(26000);
 164              		.loc 1 51 0
 165 0044 2800     		movs	r0, r5
 166 0046 FFF7FEFF 		bl	Timer1_WritePeriod
 167              	.LVL16:
 168              	.L7:
  52:main.c        ****         while (IR_Read() != 0);
 169              		.loc 1 52 0 discriminator 1
 170 004a FFF7FEFF 		bl	IR_Read
 171              	.LVL17:
 172 004e 0028     		cmp	r0, #0
 173 0050 FBD1     		bne	.L7
  53:main.c        ****         ISR1_Enable();
 174              		.loc 1 53 0
ARM GAS  C:\Users\mac_000\AppData\Local\Temp\ccpsNMUs.s 			page 5


 175 0052 FFF7FEFF 		bl	ISR1_Enable
 176              	.LVL18:
  54:main.c        ****         LED_Write(1);
 177              		.loc 1 54 0
 178 0056 0120     		movs	r0, #1
 179 0058 FFF7FEFF 		bl	LED_Write
 180              	.LVL19:
 181              	.L8:
  55:main.c        ****         while (Timer1_ReadCounter() > 10);
 182              		.loc 1 55 0 discriminator 1
 183 005c FFF7FEFF 		bl	Timer1_ReadCounter
 184              	.LVL20:
 185 0060 0A28     		cmp	r0, #10
 186 0062 FBD8     		bhi	.L8
  56:main.c        ****         ISR1_Disable();
 187              		.loc 1 56 0
 188 0064 FFF7FEFF 		bl	ISR1_Disable
 189              	.LVL21:
  57:main.c        ****         LED_Write(0);
 190              		.loc 1 57 0
 191 0068 0020     		movs	r0, #0
 192 006a FFF7FEFF 		bl	LED_Write
 193              	.LVL22:
  58:main.c        ****         snprintf(buf, 80, "interrupt %d\r\n", NCapture);
 194              		.loc 1 58 0
 195 006e 294B     		ldr	r3, .L19+4
 196 0070 1B68     		ldr	r3, [r3]
 197 0072 2A4A     		ldr	r2, .L19+12
 198 0074 5021     		movs	r1, #80
 199 0076 02A8     		add	r0, sp, #8
 200 0078 FFF7FEFF 		bl	snprintf
 201              	.LVL23:
  59:main.c        ****         Puts(buf);
 202              		.loc 1 59 0
 203 007c 02A8     		add	r0, sp, #8
 204 007e FFF7FEFF 		bl	Puts
 205              	.LVL24:
  60:main.c        ****         unsigned L = 0;
 206              		.loc 1 60 0
 207 0082 0021     		movs	r1, #0
  61:main.c        ****         for (i = 1; i < NCapture; i++) {
 208              		.loc 1 61 0
 209 0084 0122     		movs	r2, #1
 210 0086 15E0     		b	.L9
 211              	.LVL25:
 212              	.L11:
 213              	.LBB3:
  62:main.c        ****             unsigned long bit;
  63:main.c        ****             int diff;
  64:main.c        ****             
  65:main.c        ****             diff = Capture[i-1] -Capture[i];
 214              		.loc 1 65 0
 215 0088 531E     		subs	r3, r2, #1
 216 008a 224D     		ldr	r5, .L19+4
 217 008c 5B00     		lsls	r3, r3, #1
 218 008e EB18     		adds	r3, r5, r3
 219 0090 0420     		movs	r0, #4
ARM GAS  C:\Users\mac_000\AppData\Local\Temp\ccpsNMUs.s 			page 6


 220 0092 1B5E     		ldrsh	r3, [r3, r0]
 221 0094 5000     		lsls	r0, r2, #1
 222 0096 2818     		adds	r0, r5, r0
 223 0098 0425     		movs	r5, #4
 224 009a 405F     		ldrsh	r0, [r0, r5]
 225 009c 1B1A     		subs	r3, r3, r0
 226              	.LVL26:
  66:main.c        ****  
  67:main.c        ****             if (diff < 450) {
 227              		.loc 1 67 0
 228 009e C220     		movs	r0, #194
 229 00a0 FF30     		adds	r0, r0, #255
 230 00a2 8342     		cmp	r3, r0
 231 00a4 01DC     		bgt	.L16
  68:main.c        ****                 bit = 0;
 232              		.loc 1 68 0
 233 00a6 0023     		movs	r3, #0
 234              	.LVL27:
 235 00a8 01E0     		b	.L10
 236              	.LVL28:
 237              	.L16:
  69:main.c        ****             }
  70:main.c        ****             else {
  71:main.c        ****                 bit = 0x80000000u;
 238              		.loc 1 71 0
 239 00aa 8023     		movs	r3, #128
 240              	.LVL29:
 241 00ac 1B06     		lsls	r3, r3, #24
 242              	.L10:
 243              	.LVL30:
  72:main.c        ****             }
  73:main.c        ****             L >>= 1;
 244              		.loc 1 73 0 discriminator 2
 245 00ae 4908     		lsrs	r1, r1, #1
 246              	.LVL31:
  74:main.c        ****             L = L | bit;                       
 247              		.loc 1 74 0 discriminator 2
 248 00b0 1943     		orrs	r1, r3
 249              	.LVL32:
 250              	.LBE3:
  61:main.c        ****             unsigned long bit;
 251              		.loc 1 61 0 discriminator 2
 252 00b2 0132     		adds	r2, r2, #1
 253              	.LVL33:
 254              	.L9:
  61:main.c        ****             unsigned long bit;
 255              		.loc 1 61 0 is_stmt 0 discriminator 1
 256 00b4 174B     		ldr	r3, .L19+4
 257 00b6 1B68     		ldr	r3, [r3]
 258 00b8 9A42     		cmp	r2, r3
 259 00ba E5DB     		blt	.L11
  75:main.c        ****         }
  76:main.c        ****         if (NCapture <= 2) {
 260              		.loc 1 76 0 is_stmt 1
 261 00bc 022B     		cmp	r3, #2
 262 00be 01DC     		bgt	.L17
  77:main.c        ****             rep = 1;
ARM GAS  C:\Users\mac_000\AppData\Local\Temp\ccpsNMUs.s 			page 7


 263              		.loc 1 77 0
 264 00c0 0120     		movs	r0, #1
 265 00c2 01E0     		b	.L12
 266              	.L17:
  78:main.c        ****         }
  79:main.c        ****         else {
  80:main.c        ****             rep = 0;
  81:main.c        ****             code = 0;
 267              		.loc 1 81 0
 268 00c4 0024     		movs	r4, #0
 269              	.LVL34:
  80:main.c        ****             code = 0;
 270              		.loc 1 80 0
 271 00c6 0020     		movs	r0, #0
 272              	.L12:
 273              	.LVL35:
  82:main.c        ****         }
  83:main.c        ****         
  84:main.c        ****         unsigned char b0, b1, b2, b3;
  85:main.c        ****         if (NCapture >=34) {
 274              		.loc 1 85 0
 275 00c8 212B     		cmp	r3, #33
 276 00ca 15DD     		ble	.L13
 277              	.LVL36:
  86:main.c        ****             b0 = L & 0xff;
  87:main.c        ****             b1 = (L >> 8) & 0xff;
 278              		.loc 1 87 0
 279 00cc 0A0A     		lsrs	r2, r1, #8
 280              	.LVL37:
  88:main.c        ****             b2 = (L >> 16) & 0xff;
 281              		.loc 1 88 0
 282 00ce 0D0C     		lsrs	r5, r1, #16
 283              	.LVL38:
  89:main.c        ****             b3 = (L >> 24) & 0xff;
 284              		.loc 1 89 0
 285 00d0 0E0E     		lsrs	r6, r1, #24
 286              	.LVL39:
  90:main.c        ****             if (b0 & ~b1 && b2 & ~b3) {
 287              		.loc 1 90 0
 288 00d2 FF23     		movs	r3, #255
 289 00d4 1A40     		ands	r2, r3
 290              	.LVL40:
 291 00d6 0B40     		ands	r3, r1
 292 00d8 9343     		bics	r3, r2
 293 00da 0AD0     		beq	.L14
 294              		.loc 1 90 0 is_stmt 0 discriminator 1
 295 00dc FF23     		movs	r3, #255
 296 00de 1D40     		ands	r5, r3
 297              	.LVL41:
 298 00e0 2B00     		movs	r3, r5
 299 00e2 B343     		bics	r3, r6
 300 00e4 05D0     		beq	.L14
  91:main.c        ****                 code = (b0 << 8) | b2;
 301              		.loc 1 91 0 is_stmt 1
 302 00e6 0C02     		lsls	r4, r1, #8
 303              	.LVL42:
 304 00e8 FF23     		movs	r3, #255
ARM GAS  C:\Users\mac_000\AppData\Local\Temp\ccpsNMUs.s 			page 8


 305 00ea 1B02     		lsls	r3, r3, #8
 306 00ec 1C40     		ands	r4, r3
 307 00ee 2C43     		orrs	r4, r5
 308              	.LVL43:
 309 00f0 02E0     		b	.L13
 310              	.L14:
  92:main.c        ****             }
  93:main.c        ****             else if (rep == 0) {
 311              		.loc 1 93 0
 312 00f2 0028     		cmp	r0, #0
 313 00f4 00D1     		bne	.L13
  94:main.c        ****                 code = 0;
 314              		.loc 1 94 0
 315 00f6 0024     		movs	r4, #0
 316              	.LVL44:
 317              	.L13:
  95:main.c        ****             }
  96:main.c        ****         }      
  97:main.c        ****         snprintf(buf, 80, "%x, %x\r\n",code, L);
 318              		.loc 1 97 0
 319 00f8 0091     		str	r1, [sp]
 320 00fa 2300     		movs	r3, r4
 321 00fc 084A     		ldr	r2, .L19+16
 322 00fe 5021     		movs	r1, #80
 323              	.LVL45:
 324 0100 02A8     		add	r0, sp, #8
 325              	.LVL46:
 326 0102 FFF7FEFF 		bl	snprintf
 327              	.LVL47:
  98:main.c        ****         Puts(buf);
 328              		.loc 1 98 0
 329 0106 02A8     		add	r0, sp, #8
 330 0108 FFF7FEFF 		bl	Puts
 331              	.LVL48:
 332              	.LBE2:
  99:main.c        ****     }
 333              		.loc 1 99 0
 334 010c 85E7     		b	.L15
 335              	.L20:
 336 010e C046     		.align	2
 337              	.L19:
 338 0110 00000000 		.word	do_capture
 339 0114 00000000 		.word	.LANCHOR0
 340 0118 90650000 		.word	26000
 341 011c 00000000 		.word	.LC3
 342 0120 10000000 		.word	.LC5
 343              		.cfi_endproc
 344              	.LFE37:
 345              		.size	main, .-main
 346              		.section	.rodata.str1.4,"aMS",%progbits,1
 347              		.align	2
 348              	.LC3:
 349 0000 696E7465 		.ascii	"interrupt %d\015\012\000"
 349      72727570 
 349      74202564 
 349      0D0A00
 350 000f 00       		.space	1
ARM GAS  C:\Users\mac_000\AppData\Local\Temp\ccpsNMUs.s 			page 9


 351              	.LC5:
 352 0010 25782C20 		.ascii	"%x, %x\015\012\000"
 352      25780D0A 
 352      00
 353              		.bss
 354              		.align	2
 355              		.set	.LANCHOR0,. + 0
 356              		.type	NCapture, %object
 357              		.size	NCapture, 4
 358              	NCapture:
 359 0000 00000000 		.space	4
 360              		.type	Capture, %object
 361              		.size	Capture, 200
 362              	Capture:
 363 0004 00000000 		.space	200
 363      00000000 
 363      00000000 
 363      00000000 
 363      00000000 
 364              		.text
 365              	.Letext0:
 366              		.file 2 "Generated_Source\\PSoC4/cytypes.h"
 367              		.file 3 "Generated_Source\\PSoC4/Timer1.h"
 368              		.file 4 "Generated_Source\\PSoC4/UART1_SPI_UART.h"
 369              		.file 5 "Generated_Source\\PSoC4/ISR1.h"
 370              		.file 6 "Generated_Source\\PSoC4/Timer2.h"
 371              		.file 7 "Generated_Source\\PSoC4/IR.h"
 372              		.file 8 "Generated_Source\\PSoC4/LED.h"
 373              		.file 9 "c:\\program files (x86)\\cypress\\psoc creator\\4.3\\psoc creator\\import\\gnu\\arm\\5.4.
 374              		.file 10 "Generated_Source\\PSoC4/UART1.h"
 375              		.section	.debug_info,"",%progbits
 376              	.Ldebug_info0:
 377 0000 37040000 		.4byte	0x437
 378 0004 0400     		.2byte	0x4
 379 0006 00000000 		.4byte	.Ldebug_abbrev0
 380 000a 04       		.byte	0x4
 381 000b 01       		.uleb128 0x1
 382 000c C5010000 		.4byte	.LASF41
 383 0010 0C       		.byte	0xc
 384 0011 70020000 		.4byte	.LASF42
 385 0015 1C010000 		.4byte	.LASF43
 386 0019 00000000 		.4byte	.Ldebug_ranges0+0
 387 001d 00000000 		.4byte	0
 388 0021 00000000 		.4byte	.Ldebug_line0
 389 0025 02       		.uleb128 0x2
 390 0026 01       		.byte	0x1
 391 0027 06       		.byte	0x6
 392 0028 C7020000 		.4byte	.LASF0
 393 002c 02       		.uleb128 0x2
 394 002d 01       		.byte	0x1
 395 002e 08       		.byte	0x8
 396 002f D2000000 		.4byte	.LASF1
 397 0033 02       		.uleb128 0x2
 398 0034 02       		.byte	0x2
 399 0035 05       		.byte	0x5
 400 0036 85020000 		.4byte	.LASF2
 401 003a 02       		.uleb128 0x2
ARM GAS  C:\Users\mac_000\AppData\Local\Temp\ccpsNMUs.s 			page 10


 402 003b 02       		.byte	0x2
 403 003c 07       		.byte	0x7
 404 003d F7000000 		.4byte	.LASF3
 405 0041 02       		.uleb128 0x2
 406 0042 04       		.byte	0x4
 407 0043 05       		.byte	0x5
 408 0044 95020000 		.4byte	.LASF4
 409 0048 02       		.uleb128 0x2
 410 0049 04       		.byte	0x4
 411 004a 07       		.byte	0x7
 412 004b E5000000 		.4byte	.LASF5
 413 004f 02       		.uleb128 0x2
 414 0050 08       		.byte	0x8
 415 0051 05       		.byte	0x5
 416 0052 00000000 		.4byte	.LASF6
 417 0056 02       		.uleb128 0x2
 418 0057 08       		.byte	0x8
 419 0058 07       		.byte	0x7
 420 0059 A8000000 		.4byte	.LASF7
 421 005d 03       		.uleb128 0x3
 422 005e 04       		.byte	0x4
 423 005f 05       		.byte	0x5
 424 0060 696E7400 		.ascii	"int\000"
 425 0064 02       		.uleb128 0x2
 426 0065 04       		.byte	0x4
 427 0066 07       		.byte	0x7
 428 0067 81010000 		.4byte	.LASF8
 429 006b 04       		.uleb128 0x4
 430 006c 8F020000 		.4byte	.LASF12
 431 0070 02       		.byte	0x2
 432 0071 F701     		.2byte	0x1f7
 433 0073 2C000000 		.4byte	0x2c
 434 0077 02       		.uleb128 0x2
 435 0078 04       		.byte	0x4
 436 0079 04       		.byte	0x4
 437 007a A2000000 		.4byte	.LASF9
 438 007e 02       		.uleb128 0x2
 439 007f 08       		.byte	0x8
 440 0080 04       		.byte	0x4
 441 0081 15010000 		.4byte	.LASF10
 442 0085 02       		.uleb128 0x2
 443 0086 01       		.byte	0x1
 444 0087 08       		.byte	0x8
 445 0088 9B010000 		.4byte	.LASF11
 446 008c 04       		.uleb128 0x4
 447 008d E0000000 		.4byte	.LASF13
 448 0091 02       		.byte	0x2
 449 0092 A102     		.2byte	0x2a1
 450 0094 98000000 		.4byte	0x98
 451 0098 05       		.uleb128 0x5
 452 0099 6B000000 		.4byte	0x6b
 453 009d 02       		.uleb128 0x2
 454 009e 08       		.byte	0x8
 455 009f 04       		.byte	0x4
 456 00a0 AF020000 		.4byte	.LASF14
 457 00a4 02       		.uleb128 0x2
 458 00a5 04       		.byte	0x4
ARM GAS  C:\Users\mac_000\AppData\Local\Temp\ccpsNMUs.s 			page 11


 459 00a6 07       		.byte	0x7
 460 00a7 67020000 		.4byte	.LASF15
 461 00ab 06       		.uleb128 0x6
 462 00ac 04       		.byte	0x4
 463 00ad B1000000 		.4byte	0xb1
 464 00b1 07       		.uleb128 0x7
 465 00b2 85000000 		.4byte	0x85
 466 00b6 08       		.uleb128 0x8
 467 00b7 0A010000 		.4byte	.LASF16
 468 00bb 01       		.byte	0x1
 469 00bc 12       		.byte	0x12
 470 00bd 00000000 		.4byte	.LFB35
 471 00c1 24000000 		.4byte	.LFE35-.LFB35
 472 00c5 01       		.uleb128 0x1
 473 00c6 9C       		.byte	0x9c
 474 00c7 D5000000 		.4byte	0xd5
 475 00cb 09       		.uleb128 0x9
 476 00cc 12000000 		.4byte	.LVL0
 477 00d0 68030000 		.4byte	0x368
 478 00d4 00       		.byte	0
 479 00d5 08       		.uleb128 0x8
 480 00d6 25000000 		.4byte	.LASF17
 481 00da 01       		.byte	0x1
 482 00db 17       		.byte	0x17
 483 00dc 00000000 		.4byte	.LFB36
 484 00e0 08000000 		.4byte	.LFE36-.LFB36
 485 00e4 01       		.uleb128 0x1
 486 00e5 9C       		.byte	0x9c
 487 00e6 09010000 		.4byte	0x109
 488 00ea 0A       		.uleb128 0xa
 489 00eb 7300     		.ascii	"s\000"
 490 00ed 01       		.byte	0x1
 491 00ee 17       		.byte	0x17
 492 00ef AB000000 		.4byte	0xab
 493 00f3 00000000 		.4byte	.LLST0
 494 00f7 0B       		.uleb128 0xb
 495 00f8 06000000 		.4byte	.LVL2
 496 00fc 73030000 		.4byte	0x373
 497 0100 0C       		.uleb128 0xc
 498 0101 01       		.uleb128 0x1
 499 0102 50       		.byte	0x50
 500 0103 03       		.uleb128 0x3
 501 0104 F3       		.byte	0xf3
 502 0105 01       		.uleb128 0x1
 503 0106 50       		.byte	0x50
 504 0107 00       		.byte	0
 505 0108 00       		.byte	0
 506 0109 0D       		.uleb128 0xd
 507 010a 70010000 		.4byte	.LASF44
 508 010e 01       		.byte	0x1
 509 010f 1B       		.byte	0x1b
 510 0110 5D000000 		.4byte	0x5d
 511 0114 00000000 		.4byte	.LFB37
 512 0118 24010000 		.4byte	.LFE37-.LFB37
 513 011c 01       		.uleb128 0x1
 514 011d 9C       		.byte	0x9c
 515 011e 26030000 		.4byte	0x326
ARM GAS  C:\Users\mac_000\AppData\Local\Temp\ccpsNMUs.s 			page 12


 516 0122 0E       		.uleb128 0xe
 517 0123 62756600 		.ascii	"buf\000"
 518 0127 01       		.byte	0x1
 519 0128 1D       		.byte	0x1d
 520 0129 26030000 		.4byte	0x326
 521 012d 03       		.uleb128 0x3
 522 012e 91       		.byte	0x91
 523 012f A07F     		.sleb128 -96
 524 0131 0F       		.uleb128 0xf
 525 0132 72657000 		.ascii	"rep\000"
 526 0136 01       		.byte	0x1
 527 0137 1E       		.byte	0x1e
 528 0138 5D000000 		.4byte	0x5d
 529 013c 21000000 		.4byte	.LLST1
 530 0140 10       		.uleb128 0x10
 531 0141 6B010000 		.4byte	.LASF18
 532 0145 01       		.byte	0x1
 533 0146 1E       		.byte	0x1e
 534 0147 5D000000 		.4byte	0x5d
 535 014b 34000000 		.4byte	.LLST2
 536 014f 0F       		.uleb128 0xf
 537 0150 6900     		.ascii	"i\000"
 538 0152 01       		.byte	0x1
 539 0153 20       		.byte	0x20
 540 0154 5D000000 		.4byte	0x5d
 541 0158 69000000 		.4byte	.LLST3
 542 015c 11       		.uleb128 0x11
 543 015d 1A000000 		.4byte	.LBB2
 544 0161 F2000000 		.4byte	.LBE2-.LBB2
 545 0165 F7020000 		.4byte	0x2f7
 546 0169 0F       		.uleb128 0xf
 547 016a 4C00     		.ascii	"L\000"
 548 016c 01       		.byte	0x1
 549 016d 3C       		.byte	0x3c
 550 016e 64000000 		.4byte	0x64
 551 0172 88000000 		.4byte	.LLST4
 552 0176 0F       		.uleb128 0xf
 553 0177 623000   		.ascii	"b0\000"
 554 017a 01       		.byte	0x1
 555 017b 54       		.byte	0x54
 556 017c 2C000000 		.4byte	0x2c
 557 0180 B3000000 		.4byte	.LLST5
 558 0184 0F       		.uleb128 0xf
 559 0185 623100   		.ascii	"b1\000"
 560 0188 01       		.byte	0x1
 561 0189 54       		.byte	0x54
 562 018a 2C000000 		.4byte	0x2c
 563 018e C6000000 		.4byte	.LLST6
 564 0192 0F       		.uleb128 0xf
 565 0193 623200   		.ascii	"b2\000"
 566 0196 01       		.byte	0x1
 567 0197 54       		.byte	0x54
 568 0198 2C000000 		.4byte	0x2c
 569 019c E8000000 		.4byte	.LLST7
 570 01a0 0F       		.uleb128 0xf
 571 01a1 623300   		.ascii	"b3\000"
 572 01a4 01       		.byte	0x1
ARM GAS  C:\Users\mac_000\AppData\Local\Temp\ccpsNMUs.s 			page 13


 573 01a5 54       		.byte	0x54
 574 01a6 2C000000 		.4byte	0x2c
 575 01aa 0A010000 		.4byte	.LLST8
 576 01ae 11       		.uleb128 0x11
 577 01af 88000000 		.4byte	.LBB3
 578 01b3 2A000000 		.4byte	.LBE3-.LBB3
 579 01b7 DA010000 		.4byte	0x1da
 580 01bb 0F       		.uleb128 0xf
 581 01bc 62697400 		.ascii	"bit\000"
 582 01c0 01       		.byte	0x1
 583 01c1 3E       		.byte	0x3e
 584 01c2 48000000 		.4byte	0x48
 585 01c6 1D010000 		.4byte	.LLST9
 586 01ca 10       		.uleb128 0x10
 587 01cb 66000000 		.4byte	.LASF19
 588 01cf 01       		.byte	0x1
 589 01d0 3F       		.byte	0x3f
 590 01d1 5D000000 		.4byte	0x5d
 591 01d5 30010000 		.4byte	.LLST10
 592 01d9 00       		.byte	0
 593 01da 09       		.uleb128 0x9
 594 01db 1E000000 		.4byte	.LVL9
 595 01df 7F030000 		.4byte	0x37f
 596 01e3 09       		.uleb128 0x9
 597 01e4 22000000 		.4byte	.LVL10
 598 01e8 8A030000 		.4byte	0x38a
 599 01ec 09       		.uleb128 0x9
 600 01ed 26000000 		.4byte	.LVL11
 601 01f1 95030000 		.4byte	0x395
 602 01f5 09       		.uleb128 0x9
 603 01f6 34000000 		.4byte	.LVL12
 604 01fa A0030000 		.4byte	0x3a0
 605 01fe 09       		.uleb128 0x9
 606 01ff 38000000 		.4byte	.LVL13
 607 0203 AB030000 		.4byte	0x3ab
 608 0207 09       		.uleb128 0x9
 609 0208 3C000000 		.4byte	.LVL14
 610 020c B6030000 		.4byte	0x3b6
 611 0210 12       		.uleb128 0x12
 612 0211 44000000 		.4byte	.LVL15
 613 0215 C1030000 		.4byte	0x3c1
 614 0219 24020000 		.4byte	0x224
 615 021d 0C       		.uleb128 0xc
 616 021e 01       		.uleb128 0x1
 617 021f 50       		.byte	0x50
 618 0220 02       		.uleb128 0x2
 619 0221 75       		.byte	0x75
 620 0222 00       		.sleb128 0
 621 0223 00       		.byte	0
 622 0224 12       		.uleb128 0x12
 623 0225 4A000000 		.4byte	.LVL16
 624 0229 CC030000 		.4byte	0x3cc
 625 022d 38020000 		.4byte	0x238
 626 0231 0C       		.uleb128 0xc
 627 0232 01       		.uleb128 0x1
 628 0233 50       		.byte	0x50
 629 0234 02       		.uleb128 0x2
ARM GAS  C:\Users\mac_000\AppData\Local\Temp\ccpsNMUs.s 			page 14


 630 0235 75       		.byte	0x75
 631 0236 00       		.sleb128 0
 632 0237 00       		.byte	0
 633 0238 09       		.uleb128 0x9
 634 0239 4E000000 		.4byte	.LVL17
 635 023d D7030000 		.4byte	0x3d7
 636 0241 09       		.uleb128 0x9
 637 0242 56000000 		.4byte	.LVL18
 638 0246 E2030000 		.4byte	0x3e2
 639 024a 12       		.uleb128 0x12
 640 024b 5C000000 		.4byte	.LVL19
 641 024f ED030000 		.4byte	0x3ed
 642 0253 5D020000 		.4byte	0x25d
 643 0257 0C       		.uleb128 0xc
 644 0258 01       		.uleb128 0x1
 645 0259 50       		.byte	0x50
 646 025a 01       		.uleb128 0x1
 647 025b 31       		.byte	0x31
 648 025c 00       		.byte	0
 649 025d 09       		.uleb128 0x9
 650 025e 60000000 		.4byte	.LVL20
 651 0262 F8030000 		.4byte	0x3f8
 652 0266 09       		.uleb128 0x9
 653 0267 68000000 		.4byte	.LVL21
 654 026b 7F030000 		.4byte	0x37f
 655 026f 12       		.uleb128 0x12
 656 0270 6E000000 		.4byte	.LVL22
 657 0274 ED030000 		.4byte	0x3ed
 658 0278 82020000 		.4byte	0x282
 659 027c 0C       		.uleb128 0xc
 660 027d 01       		.uleb128 0x1
 661 027e 50       		.byte	0x50
 662 027f 01       		.uleb128 0x1
 663 0280 30       		.byte	0x30
 664 0281 00       		.byte	0
 665 0282 12       		.uleb128 0x12
 666 0283 7C000000 		.4byte	.LVL23
 667 0287 03040000 		.4byte	0x403
 668 028b A6020000 		.4byte	0x2a6
 669 028f 0C       		.uleb128 0xc
 670 0290 01       		.uleb128 0x1
 671 0291 50       		.byte	0x50
 672 0292 03       		.uleb128 0x3
 673 0293 91       		.byte	0x91
 674 0294 A07F     		.sleb128 -96
 675 0296 0C       		.uleb128 0xc
 676 0297 01       		.uleb128 0x1
 677 0298 51       		.byte	0x51
 678 0299 02       		.uleb128 0x2
 679 029a 08       		.byte	0x8
 680 029b 50       		.byte	0x50
 681 029c 0C       		.uleb128 0xc
 682 029d 01       		.uleb128 0x1
 683 029e 52       		.byte	0x52
 684 029f 05       		.uleb128 0x5
 685 02a0 03       		.byte	0x3
 686 02a1 00000000 		.4byte	.LC3
ARM GAS  C:\Users\mac_000\AppData\Local\Temp\ccpsNMUs.s 			page 15


 687 02a5 00       		.byte	0
 688 02a6 12       		.uleb128 0x12
 689 02a7 82000000 		.4byte	.LVL24
 690 02ab D5000000 		.4byte	0xd5
 691 02af BB020000 		.4byte	0x2bb
 692 02b3 0C       		.uleb128 0xc
 693 02b4 01       		.uleb128 0x1
 694 02b5 50       		.byte	0x50
 695 02b6 03       		.uleb128 0x3
 696 02b7 91       		.byte	0x91
 697 02b8 A07F     		.sleb128 -96
 698 02ba 00       		.byte	0
 699 02bb 12       		.uleb128 0x12
 700 02bc 06010000 		.4byte	.LVL47
 701 02c0 03040000 		.4byte	0x403
 702 02c4 E5020000 		.4byte	0x2e5
 703 02c8 0C       		.uleb128 0xc
 704 02c9 01       		.uleb128 0x1
 705 02ca 50       		.byte	0x50
 706 02cb 03       		.uleb128 0x3
 707 02cc 91       		.byte	0x91
 708 02cd A07F     		.sleb128 -96
 709 02cf 0C       		.uleb128 0xc
 710 02d0 01       		.uleb128 0x1
 711 02d1 51       		.byte	0x51
 712 02d2 02       		.uleb128 0x2
 713 02d3 08       		.byte	0x8
 714 02d4 50       		.byte	0x50
 715 02d5 0C       		.uleb128 0xc
 716 02d6 01       		.uleb128 0x1
 717 02d7 52       		.byte	0x52
 718 02d8 05       		.uleb128 0x5
 719 02d9 03       		.byte	0x3
 720 02da 10000000 		.4byte	.LC5
 721 02de 0C       		.uleb128 0xc
 722 02df 01       		.uleb128 0x1
 723 02e0 53       		.byte	0x53
 724 02e1 02       		.uleb128 0x2
 725 02e2 74       		.byte	0x74
 726 02e3 00       		.sleb128 0
 727 02e4 00       		.byte	0
 728 02e5 0B       		.uleb128 0xb
 729 02e6 0C010000 		.4byte	.LVL48
 730 02ea D5000000 		.4byte	0xd5
 731 02ee 0C       		.uleb128 0xc
 732 02ef 01       		.uleb128 0x1
 733 02f0 50       		.byte	0x50
 734 02f1 03       		.uleb128 0x3
 735 02f2 91       		.byte	0x91
 736 02f3 A07F     		.sleb128 -96
 737 02f5 00       		.byte	0
 738 02f6 00       		.byte	0
 739 02f7 09       		.uleb128 0x9
 740 02f8 08000000 		.4byte	.LVL4
 741 02fc 0E040000 		.4byte	0x40e
 742 0300 09       		.uleb128 0x9
 743 0301 0C000000 		.4byte	.LVL5
ARM GAS  C:\Users\mac_000\AppData\Local\Temp\ccpsNMUs.s 			page 16


 744 0305 19040000 		.4byte	0x419
 745 0309 09       		.uleb128 0x9
 746 030a 10000000 		.4byte	.LVL6
 747 030e 24040000 		.4byte	0x424
 748 0312 0B       		.uleb128 0xb
 749 0313 16000000 		.4byte	.LVL7
 750 0317 2F040000 		.4byte	0x42f
 751 031b 0C       		.uleb128 0xc
 752 031c 01       		.uleb128 0x1
 753 031d 50       		.byte	0x50
 754 031e 05       		.uleb128 0x5
 755 031f 03       		.byte	0x3
 756 0320 00000000 		.4byte	do_capture
 757 0324 00       		.byte	0
 758 0325 00       		.byte	0
 759 0326 13       		.uleb128 0x13
 760 0327 85000000 		.4byte	0x85
 761 032b 36030000 		.4byte	0x336
 762 032f 14       		.uleb128 0x14
 763 0330 A4000000 		.4byte	0xa4
 764 0334 4F       		.byte	0x4f
 765 0335 00       		.byte	0
 766 0336 13       		.uleb128 0x13
 767 0337 33000000 		.4byte	0x33
 768 033b 46030000 		.4byte	0x346
 769 033f 14       		.uleb128 0x14
 770 0340 A4000000 		.4byte	0xa4
 771 0344 63       		.byte	0x63
 772 0345 00       		.byte	0
 773 0346 15       		.uleb128 0x15
 774 0347 73000000 		.4byte	.LASF20
 775 034b 01       		.byte	0x1
 776 034c 0F       		.byte	0xf
 777 034d 36030000 		.4byte	0x336
 778 0351 05       		.uleb128 0x5
 779 0352 03       		.byte	0x3
 780 0353 04000000 		.4byte	Capture
 781 0357 15       		.uleb128 0x15
 782 0358 D3020000 		.4byte	.LASF21
 783 035c 01       		.byte	0x1
 784 035d 10       		.byte	0x10
 785 035e 5D000000 		.4byte	0x5d
 786 0362 05       		.uleb128 0x5
 787 0363 03       		.byte	0x3
 788 0364 00000000 		.4byte	NCapture
 789 0368 16       		.uleb128 0x16
 790 0369 2A000000 		.4byte	.LASF22
 791 036d 2A000000 		.4byte	.LASF22
 792 0371 03       		.byte	0x3
 793 0372 6B       		.byte	0x6b
 794 0373 17       		.uleb128 0x17
 795 0374 52000000 		.4byte	.LASF23
 796 0378 52000000 		.4byte	.LASF23
 797 037c 04       		.byte	0x4
 798 037d 2A03     		.2byte	0x32a
 799 037f 16       		.uleb128 0x16
 800 0380 7B000000 		.4byte	.LASF24
ARM GAS  C:\Users\mac_000\AppData\Local\Temp\ccpsNMUs.s 			page 17


 801 0384 7B000000 		.4byte	.LASF24
 802 0388 05       		.byte	0x5
 803 0389 25       		.byte	0x25
 804 038a 16       		.uleb128 0x16
 805 038b B3010000 		.4byte	.LASF25
 806 038f B3010000 		.4byte	.LASF25
 807 0393 05       		.byte	0x5
 808 0394 28       		.byte	0x28
 809 0395 16       		.uleb128 0x16
 810 0396 88000000 		.4byte	.LASF26
 811 039a 88000000 		.4byte	.LASF26
 812 039e 06       		.byte	0x6
 813 039f 5E       		.byte	0x5e
 814 03a0 16       		.uleb128 0x16
 815 03a1 9E020000 		.4byte	.LASF27
 816 03a5 9E020000 		.4byte	.LASF27
 817 03a9 03       		.byte	0x3
 818 03aa 86       		.byte	0x86
 819 03ab 16       		.uleb128 0x16
 820 03ac 75010000 		.4byte	.LASF28
 821 03b0 75010000 		.4byte	.LASF28
 822 03b4 03       		.byte	0x3
 823 03b5 8A       		.byte	0x8a
 824 03b6 16       		.uleb128 0x16
 825 03b7 77020000 		.4byte	.LASF29
 826 03bb 77020000 		.4byte	.LASF29
 827 03bf 03       		.byte	0x3
 828 03c0 8B       		.byte	0x8b
 829 03c1 16       		.uleb128 0x16
 830 03c2 53020000 		.4byte	.LASF30
 831 03c6 53020000 		.4byte	.LASF30
 832 03ca 03       		.byte	0x3
 833 03cb 6A       		.byte	0x6a
 834 03cc 16       		.uleb128 0x16
 835 03cd A0010000 		.4byte	.LASF31
 836 03d1 A0010000 		.4byte	.LASF31
 837 03d5 03       		.byte	0x3
 838 03d6 68       		.byte	0x68
 839 03d7 16       		.uleb128 0x16
 840 03d8 6B000000 		.4byte	.LASF32
 841 03dc 6B000000 		.4byte	.LASF32
 842 03e0 07       		.byte	0x7
 843 03e1 32       		.byte	0x32
 844 03e2 16       		.uleb128 0x16
 845 03e3 3D000000 		.4byte	.LASF33
 846 03e7 3D000000 		.4byte	.LASF33
 847 03eb 05       		.byte	0x5
 848 03ec 23       		.byte	0x23
 849 03ed 16       		.uleb128 0x16
 850 03ee 1B000000 		.4byte	.LASF34
 851 03f2 1B000000 		.4byte	.LASF34
 852 03f6 08       		.byte	0x8
 853 03f7 33       		.byte	0x33
 854 03f8 16       		.uleb128 0x16
 855 03f9 BF000000 		.4byte	.LASF35
 856 03fd BF000000 		.4byte	.LASF35
 857 0401 03       		.byte	0x3
ARM GAS  C:\Users\mac_000\AppData\Local\Temp\ccpsNMUs.s 			page 18


 858 0402 69       		.byte	0x69
 859 0403 16       		.uleb128 0x16
 860 0404 49000000 		.4byte	.LASF36
 861 0408 49000000 		.4byte	.LASF36
 862 040c 09       		.byte	0x9
 863 040d FD       		.byte	0xfd
 864 040e 16       		.uleb128 0x16
 865 040f BB020000 		.4byte	.LASF37
 866 0413 BB020000 		.4byte	.LASF37
 867 0417 0A       		.byte	0xa
 868 0418 72       		.byte	0x72
 869 0419 16       		.uleb128 0x16
 870 041a 5E010000 		.4byte	.LASF38
 871 041e 5E010000 		.4byte	.LASF38
 872 0422 03       		.byte	0x3
 873 0423 5A       		.byte	0x5a
 874 0424 16       		.uleb128 0x16
 875 0425 8E010000 		.4byte	.LASF39
 876 0429 8E010000 		.4byte	.LASF39
 877 042d 06       		.byte	0x6
 878 042e 5A       		.byte	0x5a
 879 042f 16       		.uleb128 0x16
 880 0430 0E000000 		.4byte	.LASF40
 881 0434 0E000000 		.4byte	.LASF40
 882 0438 05       		.byte	0x5
 883 0439 18       		.byte	0x18
 884 043a 00       		.byte	0
 885              		.section	.debug_abbrev,"",%progbits
 886              	.Ldebug_abbrev0:
 887 0000 01       		.uleb128 0x1
 888 0001 11       		.uleb128 0x11
 889 0002 01       		.byte	0x1
 890 0003 25       		.uleb128 0x25
 891 0004 0E       		.uleb128 0xe
 892 0005 13       		.uleb128 0x13
 893 0006 0B       		.uleb128 0xb
 894 0007 03       		.uleb128 0x3
 895 0008 0E       		.uleb128 0xe
 896 0009 1B       		.uleb128 0x1b
 897 000a 0E       		.uleb128 0xe
 898 000b 55       		.uleb128 0x55
 899 000c 17       		.uleb128 0x17
 900 000d 11       		.uleb128 0x11
 901 000e 01       		.uleb128 0x1
 902 000f 10       		.uleb128 0x10
 903 0010 17       		.uleb128 0x17
 904 0011 00       		.byte	0
 905 0012 00       		.byte	0
 906 0013 02       		.uleb128 0x2
 907 0014 24       		.uleb128 0x24
 908 0015 00       		.byte	0
 909 0016 0B       		.uleb128 0xb
 910 0017 0B       		.uleb128 0xb
 911 0018 3E       		.uleb128 0x3e
 912 0019 0B       		.uleb128 0xb
 913 001a 03       		.uleb128 0x3
 914 001b 0E       		.uleb128 0xe
ARM GAS  C:\Users\mac_000\AppData\Local\Temp\ccpsNMUs.s 			page 19


 915 001c 00       		.byte	0
 916 001d 00       		.byte	0
 917 001e 03       		.uleb128 0x3
 918 001f 24       		.uleb128 0x24
 919 0020 00       		.byte	0
 920 0021 0B       		.uleb128 0xb
 921 0022 0B       		.uleb128 0xb
 922 0023 3E       		.uleb128 0x3e
 923 0024 0B       		.uleb128 0xb
 924 0025 03       		.uleb128 0x3
 925 0026 08       		.uleb128 0x8
 926 0027 00       		.byte	0
 927 0028 00       		.byte	0
 928 0029 04       		.uleb128 0x4
 929 002a 16       		.uleb128 0x16
 930 002b 00       		.byte	0
 931 002c 03       		.uleb128 0x3
 932 002d 0E       		.uleb128 0xe
 933 002e 3A       		.uleb128 0x3a
 934 002f 0B       		.uleb128 0xb
 935 0030 3B       		.uleb128 0x3b
 936 0031 05       		.uleb128 0x5
 937 0032 49       		.uleb128 0x49
 938 0033 13       		.uleb128 0x13
 939 0034 00       		.byte	0
 940 0035 00       		.byte	0
 941 0036 05       		.uleb128 0x5
 942 0037 35       		.uleb128 0x35
 943 0038 00       		.byte	0
 944 0039 49       		.uleb128 0x49
 945 003a 13       		.uleb128 0x13
 946 003b 00       		.byte	0
 947 003c 00       		.byte	0
 948 003d 06       		.uleb128 0x6
 949 003e 0F       		.uleb128 0xf
 950 003f 00       		.byte	0
 951 0040 0B       		.uleb128 0xb
 952 0041 0B       		.uleb128 0xb
 953 0042 49       		.uleb128 0x49
 954 0043 13       		.uleb128 0x13
 955 0044 00       		.byte	0
 956 0045 00       		.byte	0
 957 0046 07       		.uleb128 0x7
 958 0047 26       		.uleb128 0x26
 959 0048 00       		.byte	0
 960 0049 49       		.uleb128 0x49
 961 004a 13       		.uleb128 0x13
 962 004b 00       		.byte	0
 963 004c 00       		.byte	0
 964 004d 08       		.uleb128 0x8
 965 004e 2E       		.uleb128 0x2e
 966 004f 01       		.byte	0x1
 967 0050 3F       		.uleb128 0x3f
 968 0051 19       		.uleb128 0x19
 969 0052 03       		.uleb128 0x3
 970 0053 0E       		.uleb128 0xe
 971 0054 3A       		.uleb128 0x3a
ARM GAS  C:\Users\mac_000\AppData\Local\Temp\ccpsNMUs.s 			page 20


 972 0055 0B       		.uleb128 0xb
 973 0056 3B       		.uleb128 0x3b
 974 0057 0B       		.uleb128 0xb
 975 0058 27       		.uleb128 0x27
 976 0059 19       		.uleb128 0x19
 977 005a 11       		.uleb128 0x11
 978 005b 01       		.uleb128 0x1
 979 005c 12       		.uleb128 0x12
 980 005d 06       		.uleb128 0x6
 981 005e 40       		.uleb128 0x40
 982 005f 18       		.uleb128 0x18
 983 0060 9742     		.uleb128 0x2117
 984 0062 19       		.uleb128 0x19
 985 0063 01       		.uleb128 0x1
 986 0064 13       		.uleb128 0x13
 987 0065 00       		.byte	0
 988 0066 00       		.byte	0
 989 0067 09       		.uleb128 0x9
 990 0068 898201   		.uleb128 0x4109
 991 006b 00       		.byte	0
 992 006c 11       		.uleb128 0x11
 993 006d 01       		.uleb128 0x1
 994 006e 31       		.uleb128 0x31
 995 006f 13       		.uleb128 0x13
 996 0070 00       		.byte	0
 997 0071 00       		.byte	0
 998 0072 0A       		.uleb128 0xa
 999 0073 05       		.uleb128 0x5
 1000 0074 00       		.byte	0
 1001 0075 03       		.uleb128 0x3
 1002 0076 08       		.uleb128 0x8
 1003 0077 3A       		.uleb128 0x3a
 1004 0078 0B       		.uleb128 0xb
 1005 0079 3B       		.uleb128 0x3b
 1006 007a 0B       		.uleb128 0xb
 1007 007b 49       		.uleb128 0x49
 1008 007c 13       		.uleb128 0x13
 1009 007d 02       		.uleb128 0x2
 1010 007e 17       		.uleb128 0x17
 1011 007f 00       		.byte	0
 1012 0080 00       		.byte	0
 1013 0081 0B       		.uleb128 0xb
 1014 0082 898201   		.uleb128 0x4109
 1015 0085 01       		.byte	0x1
 1016 0086 11       		.uleb128 0x11
 1017 0087 01       		.uleb128 0x1
 1018 0088 31       		.uleb128 0x31
 1019 0089 13       		.uleb128 0x13
 1020 008a 00       		.byte	0
 1021 008b 00       		.byte	0
 1022 008c 0C       		.uleb128 0xc
 1023 008d 8A8201   		.uleb128 0x410a
 1024 0090 00       		.byte	0
 1025 0091 02       		.uleb128 0x2
 1026 0092 18       		.uleb128 0x18
 1027 0093 9142     		.uleb128 0x2111
 1028 0095 18       		.uleb128 0x18
ARM GAS  C:\Users\mac_000\AppData\Local\Temp\ccpsNMUs.s 			page 21


 1029 0096 00       		.byte	0
 1030 0097 00       		.byte	0
 1031 0098 0D       		.uleb128 0xd
 1032 0099 2E       		.uleb128 0x2e
 1033 009a 01       		.byte	0x1
 1034 009b 3F       		.uleb128 0x3f
 1035 009c 19       		.uleb128 0x19
 1036 009d 03       		.uleb128 0x3
 1037 009e 0E       		.uleb128 0xe
 1038 009f 3A       		.uleb128 0x3a
 1039 00a0 0B       		.uleb128 0xb
 1040 00a1 3B       		.uleb128 0x3b
 1041 00a2 0B       		.uleb128 0xb
 1042 00a3 27       		.uleb128 0x27
 1043 00a4 19       		.uleb128 0x19
 1044 00a5 49       		.uleb128 0x49
 1045 00a6 13       		.uleb128 0x13
 1046 00a7 8701     		.uleb128 0x87
 1047 00a9 19       		.uleb128 0x19
 1048 00aa 11       		.uleb128 0x11
 1049 00ab 01       		.uleb128 0x1
 1050 00ac 12       		.uleb128 0x12
 1051 00ad 06       		.uleb128 0x6
 1052 00ae 40       		.uleb128 0x40
 1053 00af 18       		.uleb128 0x18
 1054 00b0 9742     		.uleb128 0x2117
 1055 00b2 19       		.uleb128 0x19
 1056 00b3 01       		.uleb128 0x1
 1057 00b4 13       		.uleb128 0x13
 1058 00b5 00       		.byte	0
 1059 00b6 00       		.byte	0
 1060 00b7 0E       		.uleb128 0xe
 1061 00b8 34       		.uleb128 0x34
 1062 00b9 00       		.byte	0
 1063 00ba 03       		.uleb128 0x3
 1064 00bb 08       		.uleb128 0x8
 1065 00bc 3A       		.uleb128 0x3a
 1066 00bd 0B       		.uleb128 0xb
 1067 00be 3B       		.uleb128 0x3b
 1068 00bf 0B       		.uleb128 0xb
 1069 00c0 49       		.uleb128 0x49
 1070 00c1 13       		.uleb128 0x13
 1071 00c2 02       		.uleb128 0x2
 1072 00c3 18       		.uleb128 0x18
 1073 00c4 00       		.byte	0
 1074 00c5 00       		.byte	0
 1075 00c6 0F       		.uleb128 0xf
 1076 00c7 34       		.uleb128 0x34
 1077 00c8 00       		.byte	0
 1078 00c9 03       		.uleb128 0x3
 1079 00ca 08       		.uleb128 0x8
 1080 00cb 3A       		.uleb128 0x3a
 1081 00cc 0B       		.uleb128 0xb
 1082 00cd 3B       		.uleb128 0x3b
 1083 00ce 0B       		.uleb128 0xb
 1084 00cf 49       		.uleb128 0x49
 1085 00d0 13       		.uleb128 0x13
ARM GAS  C:\Users\mac_000\AppData\Local\Temp\ccpsNMUs.s 			page 22


 1086 00d1 02       		.uleb128 0x2
 1087 00d2 17       		.uleb128 0x17
 1088 00d3 00       		.byte	0
 1089 00d4 00       		.byte	0
 1090 00d5 10       		.uleb128 0x10
 1091 00d6 34       		.uleb128 0x34
 1092 00d7 00       		.byte	0
 1093 00d8 03       		.uleb128 0x3
 1094 00d9 0E       		.uleb128 0xe
 1095 00da 3A       		.uleb128 0x3a
 1096 00db 0B       		.uleb128 0xb
 1097 00dc 3B       		.uleb128 0x3b
 1098 00dd 0B       		.uleb128 0xb
 1099 00de 49       		.uleb128 0x49
 1100 00df 13       		.uleb128 0x13
 1101 00e0 02       		.uleb128 0x2
 1102 00e1 17       		.uleb128 0x17
 1103 00e2 00       		.byte	0
 1104 00e3 00       		.byte	0
 1105 00e4 11       		.uleb128 0x11
 1106 00e5 0B       		.uleb128 0xb
 1107 00e6 01       		.byte	0x1
 1108 00e7 11       		.uleb128 0x11
 1109 00e8 01       		.uleb128 0x1
 1110 00e9 12       		.uleb128 0x12
 1111 00ea 06       		.uleb128 0x6
 1112 00eb 01       		.uleb128 0x1
 1113 00ec 13       		.uleb128 0x13
 1114 00ed 00       		.byte	0
 1115 00ee 00       		.byte	0
 1116 00ef 12       		.uleb128 0x12
 1117 00f0 898201   		.uleb128 0x4109
 1118 00f3 01       		.byte	0x1
 1119 00f4 11       		.uleb128 0x11
 1120 00f5 01       		.uleb128 0x1
 1121 00f6 31       		.uleb128 0x31
 1122 00f7 13       		.uleb128 0x13
 1123 00f8 01       		.uleb128 0x1
 1124 00f9 13       		.uleb128 0x13
 1125 00fa 00       		.byte	0
 1126 00fb 00       		.byte	0
 1127 00fc 13       		.uleb128 0x13
 1128 00fd 01       		.uleb128 0x1
 1129 00fe 01       		.byte	0x1
 1130 00ff 49       		.uleb128 0x49
 1131 0100 13       		.uleb128 0x13
 1132 0101 01       		.uleb128 0x1
 1133 0102 13       		.uleb128 0x13
 1134 0103 00       		.byte	0
 1135 0104 00       		.byte	0
 1136 0105 14       		.uleb128 0x14
 1137 0106 21       		.uleb128 0x21
 1138 0107 00       		.byte	0
 1139 0108 49       		.uleb128 0x49
 1140 0109 13       		.uleb128 0x13
 1141 010a 2F       		.uleb128 0x2f
 1142 010b 0B       		.uleb128 0xb
ARM GAS  C:\Users\mac_000\AppData\Local\Temp\ccpsNMUs.s 			page 23


 1143 010c 00       		.byte	0
 1144 010d 00       		.byte	0
 1145 010e 15       		.uleb128 0x15
 1146 010f 34       		.uleb128 0x34
 1147 0110 00       		.byte	0
 1148 0111 03       		.uleb128 0x3
 1149 0112 0E       		.uleb128 0xe
 1150 0113 3A       		.uleb128 0x3a
 1151 0114 0B       		.uleb128 0xb
 1152 0115 3B       		.uleb128 0x3b
 1153 0116 0B       		.uleb128 0xb
 1154 0117 49       		.uleb128 0x49
 1155 0118 13       		.uleb128 0x13
 1156 0119 02       		.uleb128 0x2
 1157 011a 18       		.uleb128 0x18
 1158 011b 00       		.byte	0
 1159 011c 00       		.byte	0
 1160 011d 16       		.uleb128 0x16
 1161 011e 2E       		.uleb128 0x2e
 1162 011f 00       		.byte	0
 1163 0120 3F       		.uleb128 0x3f
 1164 0121 19       		.uleb128 0x19
 1165 0122 3C       		.uleb128 0x3c
 1166 0123 19       		.uleb128 0x19
 1167 0124 6E       		.uleb128 0x6e
 1168 0125 0E       		.uleb128 0xe
 1169 0126 03       		.uleb128 0x3
 1170 0127 0E       		.uleb128 0xe
 1171 0128 3A       		.uleb128 0x3a
 1172 0129 0B       		.uleb128 0xb
 1173 012a 3B       		.uleb128 0x3b
 1174 012b 0B       		.uleb128 0xb
 1175 012c 00       		.byte	0
 1176 012d 00       		.byte	0
 1177 012e 17       		.uleb128 0x17
 1178 012f 2E       		.uleb128 0x2e
 1179 0130 00       		.byte	0
 1180 0131 3F       		.uleb128 0x3f
 1181 0132 19       		.uleb128 0x19
 1182 0133 3C       		.uleb128 0x3c
 1183 0134 19       		.uleb128 0x19
 1184 0135 6E       		.uleb128 0x6e
 1185 0136 0E       		.uleb128 0xe
 1186 0137 03       		.uleb128 0x3
 1187 0138 0E       		.uleb128 0xe
 1188 0139 3A       		.uleb128 0x3a
 1189 013a 0B       		.uleb128 0xb
 1190 013b 3B       		.uleb128 0x3b
 1191 013c 05       		.uleb128 0x5
 1192 013d 00       		.byte	0
 1193 013e 00       		.byte	0
 1194 013f 00       		.byte	0
 1195              		.section	.debug_loc,"",%progbits
 1196              	.Ldebug_loc0:
 1197              	.LLST0:
 1198 0000 00000000 		.4byte	.LVL1
 1199 0004 05000000 		.4byte	.LVL2-1
ARM GAS  C:\Users\mac_000\AppData\Local\Temp\ccpsNMUs.s 			page 24


 1200 0008 0100     		.2byte	0x1
 1201 000a 50       		.byte	0x50
 1202 000b 05000000 		.4byte	.LVL2-1
 1203 000f 08000000 		.4byte	.LFE36
 1204 0013 0400     		.2byte	0x4
 1205 0015 F3       		.byte	0xf3
 1206 0016 01       		.uleb128 0x1
 1207 0017 50       		.byte	0x50
 1208 0018 9F       		.byte	0x9f
 1209 0019 00000000 		.4byte	0
 1210 001d 00000000 		.4byte	0
 1211              	.LLST1:
 1212 0021 C8000000 		.4byte	.LVL35
 1213 0025 02010000 		.4byte	.LVL46
 1214 0029 0100     		.2byte	0x1
 1215 002b 50       		.byte	0x50
 1216 002c 00000000 		.4byte	0
 1217 0030 00000000 		.4byte	0
 1218              	.LLST2:
 1219 0034 04000000 		.4byte	.LVL3
 1220 0038 1A000000 		.4byte	.LVL8
 1221 003c 0200     		.2byte	0x2
 1222 003e 30       		.byte	0x30
 1223 003f 9F       		.byte	0x9f
 1224 0040 1A000000 		.4byte	.LVL8
 1225 0044 C6000000 		.4byte	.LVL34
 1226 0048 0100     		.2byte	0x1
 1227 004a 54       		.byte	0x54
 1228 004b C8000000 		.4byte	.LVL35
 1229 004f E8000000 		.4byte	.LVL42
 1230 0053 0100     		.2byte	0x1
 1231 0055 54       		.byte	0x54
 1232 0056 F0000000 		.4byte	.LVL43
 1233 005a 24010000 		.4byte	.LFE37
 1234 005e 0100     		.2byte	0x1
 1235 0060 54       		.byte	0x54
 1236 0061 00000000 		.4byte	0
 1237 0065 00000000 		.4byte	0
 1238              	.LLST3:
 1239 0069 82000000 		.4byte	.LVL24
 1240 006d 88000000 		.4byte	.LVL25
 1241 0071 0200     		.2byte	0x2
 1242 0073 31       		.byte	0x31
 1243 0074 9F       		.byte	0x9f
 1244 0075 88000000 		.4byte	.LVL25
 1245 0079 CE000000 		.4byte	.LVL37
 1246 007d 0100     		.2byte	0x1
 1247 007f 52       		.byte	0x52
 1248 0080 00000000 		.4byte	0
 1249 0084 00000000 		.4byte	0
 1250              	.LLST4:
 1251 0088 82000000 		.4byte	.LVL24
 1252 008c 88000000 		.4byte	.LVL25
 1253 0090 0200     		.2byte	0x2
 1254 0092 30       		.byte	0x30
 1255 0093 9F       		.byte	0x9f
 1256 0094 88000000 		.4byte	.LVL25
ARM GAS  C:\Users\mac_000\AppData\Local\Temp\ccpsNMUs.s 			page 25


 1257 0098 00010000 		.4byte	.LVL45
 1258 009c 0100     		.2byte	0x1
 1259 009e 51       		.byte	0x51
 1260 009f 00010000 		.4byte	.LVL45
 1261 00a3 05010000 		.4byte	.LVL47-1
 1262 00a7 0200     		.2byte	0x2
 1263 00a9 7D       		.byte	0x7d
 1264 00aa 00       		.sleb128 0
 1265 00ab 00000000 		.4byte	0
 1266 00af 00000000 		.4byte	0
 1267              	.LLST5:
 1268 00b3 CC000000 		.4byte	.LVL36
 1269 00b7 F8000000 		.4byte	.LVL44
 1270 00bb 0100     		.2byte	0x1
 1271 00bd 51       		.byte	0x51
 1272 00be 00000000 		.4byte	0
 1273 00c2 00000000 		.4byte	0
 1274              	.LLST6:
 1275 00c6 CE000000 		.4byte	.LVL37
 1276 00ca D6000000 		.4byte	.LVL40
 1277 00ce 0100     		.2byte	0x1
 1278 00d0 52       		.byte	0x52
 1279 00d1 D6000000 		.4byte	.LVL40
 1280 00d5 F8000000 		.4byte	.LVL44
 1281 00d9 0500     		.2byte	0x5
 1282 00db 71       		.byte	0x71
 1283 00dc 00       		.sleb128 0
 1284 00dd 38       		.byte	0x38
 1285 00de 25       		.byte	0x25
 1286 00df 9F       		.byte	0x9f
 1287 00e0 00000000 		.4byte	0
 1288 00e4 00000000 		.4byte	0
 1289              	.LLST7:
 1290 00e8 D0000000 		.4byte	.LVL38
 1291 00ec E0000000 		.4byte	.LVL41
 1292 00f0 0100     		.2byte	0x1
 1293 00f2 55       		.byte	0x55
 1294 00f3 E0000000 		.4byte	.LVL41
 1295 00f7 F8000000 		.4byte	.LVL44
 1296 00fb 0500     		.2byte	0x5
 1297 00fd 71       		.byte	0x71
 1298 00fe 00       		.sleb128 0
 1299 00ff 40       		.byte	0x40
 1300 0100 25       		.byte	0x25
 1301 0101 9F       		.byte	0x9f
 1302 0102 00000000 		.4byte	0
 1303 0106 00000000 		.4byte	0
 1304              	.LLST8:
 1305 010a D2000000 		.4byte	.LVL39
 1306 010e F8000000 		.4byte	.LVL44
 1307 0112 0100     		.2byte	0x1
 1308 0114 56       		.byte	0x56
 1309 0115 00000000 		.4byte	0
 1310 0119 00000000 		.4byte	0
 1311              	.LLST9:
 1312 011d AE000000 		.4byte	.LVL30
 1313 0121 B4000000 		.4byte	.LVL33
ARM GAS  C:\Users\mac_000\AppData\Local\Temp\ccpsNMUs.s 			page 26


 1314 0125 0100     		.2byte	0x1
 1315 0127 53       		.byte	0x53
 1316 0128 00000000 		.4byte	0
 1317 012c 00000000 		.4byte	0
 1318              	.LLST10:
 1319 0130 9E000000 		.4byte	.LVL26
 1320 0134 A8000000 		.4byte	.LVL27
 1321 0138 0100     		.2byte	0x1
 1322 013a 53       		.byte	0x53
 1323 013b A8000000 		.4byte	.LVL27
 1324 013f AA000000 		.4byte	.LVL28
 1325 0143 2200     		.2byte	0x22
 1326 0145 72       		.byte	0x72
 1327 0146 7F       		.sleb128 -1
 1328 0147 31       		.byte	0x31
 1329 0148 24       		.byte	0x24
 1330 0149 03       		.byte	0x3
 1331 014a 04000000 		.4byte	.LANCHOR0+4
 1332 014e 22       		.byte	0x22
 1333 014f 94       		.byte	0x94
 1334 0150 02       		.byte	0x2
 1335 0151 40       		.byte	0x40
 1336 0152 24       		.byte	0x24
 1337 0153 40       		.byte	0x40
 1338 0154 26       		.byte	0x26
 1339 0155 72       		.byte	0x72
 1340 0156 00       		.sleb128 0
 1341 0157 31       		.byte	0x31
 1342 0158 24       		.byte	0x24
 1343 0159 03       		.byte	0x3
 1344 015a 04000000 		.4byte	.LANCHOR0+4
 1345 015e 22       		.byte	0x22
 1346 015f 94       		.byte	0x94
 1347 0160 02       		.byte	0x2
 1348 0161 40       		.byte	0x40
 1349 0162 24       		.byte	0x24
 1350 0163 40       		.byte	0x40
 1351 0164 26       		.byte	0x26
 1352 0165 1C       		.byte	0x1c
 1353 0166 9F       		.byte	0x9f
 1354 0167 AA000000 		.4byte	.LVL28
 1355 016b AC000000 		.4byte	.LVL29
 1356 016f 0100     		.2byte	0x1
 1357 0171 53       		.byte	0x53
 1358 0172 AC000000 		.4byte	.LVL29
 1359 0176 B4000000 		.4byte	.LVL33
 1360 017a 2200     		.2byte	0x22
 1361 017c 72       		.byte	0x72
 1362 017d 7F       		.sleb128 -1
 1363 017e 31       		.byte	0x31
 1364 017f 24       		.byte	0x24
 1365 0180 03       		.byte	0x3
 1366 0181 04000000 		.4byte	.LANCHOR0+4
 1367 0185 22       		.byte	0x22
 1368 0186 94       		.byte	0x94
 1369 0187 02       		.byte	0x2
 1370 0188 40       		.byte	0x40
ARM GAS  C:\Users\mac_000\AppData\Local\Temp\ccpsNMUs.s 			page 27


 1371 0189 24       		.byte	0x24
 1372 018a 40       		.byte	0x40
 1373 018b 26       		.byte	0x26
 1374 018c 72       		.byte	0x72
 1375 018d 00       		.sleb128 0
 1376 018e 31       		.byte	0x31
 1377 018f 24       		.byte	0x24
 1378 0190 03       		.byte	0x3
 1379 0191 04000000 		.4byte	.LANCHOR0+4
 1380 0195 22       		.byte	0x22
 1381 0196 94       		.byte	0x94
 1382 0197 02       		.byte	0x2
 1383 0198 40       		.byte	0x40
 1384 0199 24       		.byte	0x24
 1385 019a 40       		.byte	0x40
 1386 019b 26       		.byte	0x26
 1387 019c 1C       		.byte	0x1c
 1388 019d 9F       		.byte	0x9f
 1389 019e 00000000 		.4byte	0
 1390 01a2 00000000 		.4byte	0
 1391              		.section	.debug_aranges,"",%progbits
 1392 0000 2C000000 		.4byte	0x2c
 1393 0004 0200     		.2byte	0x2
 1394 0006 00000000 		.4byte	.Ldebug_info0
 1395 000a 04       		.byte	0x4
 1396 000b 00       		.byte	0
 1397 000c 0000     		.2byte	0
 1398 000e 0000     		.2byte	0
 1399 0010 00000000 		.4byte	.LFB35
 1400 0014 24000000 		.4byte	.LFE35-.LFB35
 1401 0018 00000000 		.4byte	.LFB36
 1402 001c 08000000 		.4byte	.LFE36-.LFB36
 1403 0020 00000000 		.4byte	.LFB37
 1404 0024 24010000 		.4byte	.LFE37-.LFB37
 1405 0028 00000000 		.4byte	0
 1406 002c 00000000 		.4byte	0
 1407              		.section	.debug_ranges,"",%progbits
 1408              	.Ldebug_ranges0:
 1409 0000 00000000 		.4byte	.LFB35
 1410 0004 24000000 		.4byte	.LFE35
 1411 0008 00000000 		.4byte	.LFB36
 1412 000c 08000000 		.4byte	.LFE36
 1413 0010 00000000 		.4byte	.LFB37
 1414 0014 24010000 		.4byte	.LFE37
 1415 0018 00000000 		.4byte	0
 1416 001c 00000000 		.4byte	0
 1417              		.section	.debug_line,"",%progbits
 1418              	.Ldebug_line0:
 1419 0000 9B010000 		.section	.debug_str,"MS",%progbits,1
 1419      02000601 
 1419      00000201 
 1419      FB0E0D00 
 1419      01010101 
 1420              	.LASF6:
 1421 0000 6C6F6E67 		.ascii	"long long int\000"
 1421      206C6F6E 
 1421      6720696E 
ARM GAS  C:\Users\mac_000\AppData\Local\Temp\ccpsNMUs.s 			page 28


 1421      7400
 1422              	.LASF40:
 1423 000e 49535231 		.ascii	"ISR1_StartEx\000"
 1423      5F537461 
 1423      72744578 
 1423      00
 1424              	.LASF34:
 1425 001b 4C45445F 		.ascii	"LED_Write\000"
 1425      57726974 
 1425      6500
 1426              	.LASF17:
 1427 0025 50757473 		.ascii	"Puts\000"
 1427      00
 1428              	.LASF22:
 1429 002a 54696D65 		.ascii	"Timer1_ReadCapture\000"
 1429      72315F52 
 1429      65616443 
 1429      61707475 
 1429      726500
 1430              	.LASF33:
 1431 003d 49535231 		.ascii	"ISR1_Enable\000"
 1431      5F456E61 
 1431      626C6500 
 1432              	.LASF36:
 1433 0049 736E7072 		.ascii	"snprintf\000"
 1433      696E7466 
 1433      00
 1434              	.LASF23:
 1435 0052 55415254 		.ascii	"UART1_UartPutString\000"
 1435      315F5561 
 1435      72745075 
 1435      74537472 
 1435      696E6700 
 1436              	.LASF19:
 1437 0066 64696666 		.ascii	"diff\000"
 1437      00
 1438              	.LASF32:
 1439 006b 49525F52 		.ascii	"IR_Read\000"
 1439      65616400 
 1440              	.LASF20:
 1441 0073 43617074 		.ascii	"Capture\000"
 1441      75726500 
 1442              	.LASF24:
 1443 007b 49535231 		.ascii	"ISR1_Disable\000"
 1443      5F446973 
 1443      61626C65 
 1443      00
 1444              	.LASF26:
 1445 0088 54696D65 		.ascii	"Timer2_ReadStatusRegister\000"
 1445      72325F52 
 1445      65616453 
 1445      74617475 
 1445      73526567 
 1446              	.LASF9:
 1447 00a2 666C6F61 		.ascii	"float\000"
 1447      7400
 1448              	.LASF7:
ARM GAS  C:\Users\mac_000\AppData\Local\Temp\ccpsNMUs.s 			page 29


 1449 00a8 6C6F6E67 		.ascii	"long long unsigned int\000"
 1449      206C6F6E 
 1449      6720756E 
 1449      7369676E 
 1449      65642069 
 1450              	.LASF35:
 1451 00bf 54696D65 		.ascii	"Timer1_ReadCounter\000"
 1451      72315F52 
 1451      65616443 
 1451      6F756E74 
 1451      657200
 1452              	.LASF1:
 1453 00d2 756E7369 		.ascii	"unsigned char\000"
 1453      676E6564 
 1453      20636861 
 1453      7200
 1454              	.LASF13:
 1455 00e0 72656738 		.ascii	"reg8\000"
 1455      00
 1456              	.LASF5:
 1457 00e5 6C6F6E67 		.ascii	"long unsigned int\000"
 1457      20756E73 
 1457      69676E65 
 1457      6420696E 
 1457      7400
 1458              	.LASF3:
 1459 00f7 73686F72 		.ascii	"short unsigned int\000"
 1459      7420756E 
 1459      7369676E 
 1459      65642069 
 1459      6E7400
 1460              	.LASF16:
 1461 010a 646F5F63 		.ascii	"do_capture\000"
 1461      61707475 
 1461      726500
 1462              	.LASF10:
 1463 0115 646F7562 		.ascii	"double\000"
 1463      6C6500
 1464              	.LASF43:
 1465 011c 433A5C55 		.ascii	"C:\\Users\\mac_000\\Documents\\PSoC Creator\\IR-Rem"
 1465      73657273 
 1465      5C6D6163 
 1465      5F303030 
 1465      5C446F63 
 1466 014a 6F5C5072 		.ascii	"o\\Prototype01.cydsn\000"
 1466      6F746F74 
 1466      79706530 
 1466      312E6379 
 1466      64736E00 
 1467              	.LASF38:
 1468 015e 54696D65 		.ascii	"Timer1_Start\000"
 1468      72315F53 
 1468      74617274 
 1468      00
 1469              	.LASF18:
 1470 016b 636F6465 		.ascii	"code\000"
 1470      00
ARM GAS  C:\Users\mac_000\AppData\Local\Temp\ccpsNMUs.s 			page 30


 1471              	.LASF44:
 1472 0170 6D61696E 		.ascii	"main\000"
 1472      00
 1473              	.LASF28:
 1474 0175 54696D65 		.ascii	"Timer1_Init\000"
 1474      72315F49 
 1474      6E697400 
 1475              	.LASF8:
 1476 0181 756E7369 		.ascii	"unsigned int\000"
 1476      676E6564 
 1476      20696E74 
 1476      00
 1477              	.LASF39:
 1478 018e 54696D65 		.ascii	"Timer2_Start\000"
 1478      72325F53 
 1478      74617274 
 1478      00
 1479              	.LASF11:
 1480 019b 63686172 		.ascii	"char\000"
 1480      00
 1481              	.LASF31:
 1482 01a0 54696D65 		.ascii	"Timer1_WritePeriod\000"
 1482      72315F57 
 1482      72697465 
 1482      50657269 
 1482      6F6400
 1483              	.LASF25:
 1484 01b3 49535231 		.ascii	"ISR1_ClearPending\000"
 1484      5F436C65 
 1484      61725065 
 1484      6E64696E 
 1484      6700
 1485              	.LASF41:
 1486 01c5 474E5520 		.ascii	"GNU C11 5.4.1 20160609 (release) [ARM/embedded-5-br"
 1486      43313120 
 1486      352E342E 
 1486      31203230 
 1486      31363036 
 1487 01f8 616E6368 		.ascii	"anch revision 237715] -mcpu=cortex-m0 -mthumb -g -O"
 1487      20726576 
 1487      6973696F 
 1487      6E203233 
 1487      37373135 
 1488 022b 67202D66 		.ascii	"g -ffunction-sections -ffat-lto-objects\000"
 1488      66756E63 
 1488      74696F6E 
 1488      2D736563 
 1488      74696F6E 
 1489              	.LASF30:
 1490 0253 54696D65 		.ascii	"Timer1_WriteCounter\000"
 1490      72315F57 
 1490      72697465 
 1490      436F756E 
 1490      74657200 
 1491              	.LASF15:
 1492 0267 73697A65 		.ascii	"sizetype\000"
 1492      74797065 
ARM GAS  C:\Users\mac_000\AppData\Local\Temp\ccpsNMUs.s 			page 31


 1492      00
 1493              	.LASF42:
 1494 0270 6D61696E 		.ascii	"main.c\000"
 1494      2E6300
 1495              	.LASF29:
 1496 0277 54696D65 		.ascii	"Timer1_Enable\000"
 1496      72315F45 
 1496      6E61626C 
 1496      6500
 1497              	.LASF2:
 1498 0285 73686F72 		.ascii	"short int\000"
 1498      7420696E 
 1498      7400
 1499              	.LASF12:
 1500 028f 75696E74 		.ascii	"uint8\000"
 1500      3800
 1501              	.LASF4:
 1502 0295 6C6F6E67 		.ascii	"long int\000"
 1502      20696E74 
 1502      00
 1503              	.LASF27:
 1504 029e 54696D65 		.ascii	"Timer1_ClearFIFO\000"
 1504      72315F43 
 1504      6C656172 
 1504      4649464F 
 1504      00
 1505              	.LASF14:
 1506 02af 6C6F6E67 		.ascii	"long double\000"
 1506      20646F75 
 1506      626C6500 
 1507              	.LASF37:
 1508 02bb 55415254 		.ascii	"UART1_Start\000"
 1508      315F5374 
 1508      61727400 
 1509              	.LASF0:
 1510 02c7 7369676E 		.ascii	"signed char\000"
 1510      65642063 
 1510      68617200 
 1511              	.LASF21:
 1512 02d3 4E436170 		.ascii	"NCapture\000"
 1512      74757265 
 1512      00
 1513              		.ident	"GCC: (GNU Tools for ARM Embedded Processors) 5.4.1 20160609 (release) [ARM/embedded-5-bran
