ARM GAS  C:\Users\mac_000\AppData\Local\Temp\ccIli4td.s 			page 1


   1              		.syntax unified
   2              		.cpu cortex-m0
   3              		.fpu softvfp
   4              		.eabi_attribute 20, 1
   5              		.eabi_attribute 21, 1
   6              		.eabi_attribute 23, 3
   7              		.eabi_attribute 24, 1
   8              		.eabi_attribute 25, 1
   9              		.eabi_attribute 26, 1
  10              		.eabi_attribute 30, 1
  11              		.eabi_attribute 34, 0
  12              		.eabi_attribute 18, 4
  13              		.thumb
  14              		.syntax unified
  15              		.file	"Count2_PM.c"
  16              		.text
  17              	.Ltext0:
  18              		.cfi_sections	.debug_frame
  19              		.section	.text.Count2_SaveConfig,"ax",%progbits
  20              		.align	2
  21              		.global	Count2_SaveConfig
  22              		.code	16
  23              		.thumb_func
  24              		.type	Count2_SaveConfig, %function
  25              	Count2_SaveConfig:
  26              	.LFB1:
  27              		.file 1 "Generated_Source\\PSoC4\\Count2_PM.c"
   1:Generated_Source\PSoC4/Count2_PM.c **** /*******************************************************************************
   2:Generated_Source\PSoC4/Count2_PM.c **** * File Name: Count2_PM.c
   3:Generated_Source\PSoC4/Count2_PM.c **** * Version 1.0
   4:Generated_Source\PSoC4/Count2_PM.c **** *
   5:Generated_Source\PSoC4/Count2_PM.c **** * Description:
   6:Generated_Source\PSoC4/Count2_PM.c **** *  This file provides Low power mode APIs for Count7 component.
   7:Generated_Source\PSoC4/Count2_PM.c **** *
   8:Generated_Source\PSoC4/Count2_PM.c **** * Note:
   9:Generated_Source\PSoC4/Count2_PM.c **** *  None
  10:Generated_Source\PSoC4/Count2_PM.c **** *
  11:Generated_Source\PSoC4/Count2_PM.c **** ********************************************************************************
  12:Generated_Source\PSoC4/Count2_PM.c **** * Copyright 2013, Cypress Semiconductor Corporation.  All rights reserved.
  13:Generated_Source\PSoC4/Count2_PM.c **** * You may use this file only in accordance with the license, terms, conditions,
  14:Generated_Source\PSoC4/Count2_PM.c **** * disclaimers, and limitations in the end user license agreement accompanying
  15:Generated_Source\PSoC4/Count2_PM.c **** * the software package with which this file was provided.
  16:Generated_Source\PSoC4/Count2_PM.c **** *******************************************************************************/
  17:Generated_Source\PSoC4/Count2_PM.c **** 
  18:Generated_Source\PSoC4/Count2_PM.c **** #include "Count2.h"
  19:Generated_Source\PSoC4/Count2_PM.c **** 
  20:Generated_Source\PSoC4/Count2_PM.c **** 
  21:Generated_Source\PSoC4/Count2_PM.c **** Count2_BACKUP_STRUCT Count2_backup;
  22:Generated_Source\PSoC4/Count2_PM.c **** 
  23:Generated_Source\PSoC4/Count2_PM.c **** 
  24:Generated_Source\PSoC4/Count2_PM.c **** /*******************************************************************************
  25:Generated_Source\PSoC4/Count2_PM.c **** * Function Name: Count2_SaveConfig
  26:Generated_Source\PSoC4/Count2_PM.c **** ********************************************************************************
  27:Generated_Source\PSoC4/Count2_PM.c **** *
  28:Generated_Source\PSoC4/Count2_PM.c **** * Summary:
  29:Generated_Source\PSoC4/Count2_PM.c **** *  This function saves the component configuration and non-retention registers.
  30:Generated_Source\PSoC4/Count2_PM.c **** *  This function is called by the Count7_Sleep() function.
ARM GAS  C:\Users\mac_000\AppData\Local\Temp\ccIli4td.s 			page 2


  31:Generated_Source\PSoC4/Count2_PM.c **** *
  32:Generated_Source\PSoC4/Count2_PM.c **** * Parameters:
  33:Generated_Source\PSoC4/Count2_PM.c **** *  None
  34:Generated_Source\PSoC4/Count2_PM.c **** *
  35:Generated_Source\PSoC4/Count2_PM.c **** * Return:
  36:Generated_Source\PSoC4/Count2_PM.c **** *  None
  37:Generated_Source\PSoC4/Count2_PM.c **** *
  38:Generated_Source\PSoC4/Count2_PM.c **** * Global Variables:
  39:Generated_Source\PSoC4/Count2_PM.c **** *  Count2_backup - used to save component configuration and non-
  40:Generated_Source\PSoC4/Count2_PM.c **** *  retention registers before enter sleep mode.
  41:Generated_Source\PSoC4/Count2_PM.c **** *
  42:Generated_Source\PSoC4/Count2_PM.c **** *******************************************************************************/
  43:Generated_Source\PSoC4/Count2_PM.c **** void Count2_SaveConfig(void) 
  44:Generated_Source\PSoC4/Count2_PM.c **** {
  28              		.loc 1 44 0
  29              		.cfi_startproc
  30              		@ args = 0, pretend = 0, frame = 0
  31              		@ frame_needed = 0, uses_anonymous_args = 0
  32              		@ link register save eliminated.
  45:Generated_Source\PSoC4/Count2_PM.c ****     Count2_backup.count = Count2_COUNT_REG;
  33              		.loc 1 45 0
  34 0000 024B     		ldr	r3, .L2
  35 0002 1A78     		ldrb	r2, [r3]
  36 0004 024B     		ldr	r3, .L2+4
  37 0006 5A70     		strb	r2, [r3, #1]
  46:Generated_Source\PSoC4/Count2_PM.c **** }
  38              		.loc 1 46 0
  39              		@ sp needed
  40 0008 7047     		bx	lr
  41              	.L3:
  42 000a C046     		.align	2
  43              	.L2:
  44 000c 70000F40 		.word	1074724976
  45 0010 00000000 		.word	Count2_backup
  46              		.cfi_endproc
  47              	.LFE1:
  48              		.size	Count2_SaveConfig, .-Count2_SaveConfig
  49              		.section	.text.Count2_Sleep,"ax",%progbits
  50              		.align	2
  51              		.global	Count2_Sleep
  52              		.code	16
  53              		.thumb_func
  54              		.type	Count2_Sleep, %function
  55              	Count2_Sleep:
  56              	.LFB2:
  47:Generated_Source\PSoC4/Count2_PM.c **** 
  48:Generated_Source\PSoC4/Count2_PM.c **** 
  49:Generated_Source\PSoC4/Count2_PM.c **** /*******************************************************************************
  50:Generated_Source\PSoC4/Count2_PM.c **** * Function Name: Count2_Sleep
  51:Generated_Source\PSoC4/Count2_PM.c **** ********************************************************************************
  52:Generated_Source\PSoC4/Count2_PM.c **** *
  53:Generated_Source\PSoC4/Count2_PM.c **** * Summary:
  54:Generated_Source\PSoC4/Count2_PM.c **** *  This is the preferred API to prepare the component for low power mode
  55:Generated_Source\PSoC4/Count2_PM.c **** *  operation. The Count7_Sleep() API saves the current component state using
  56:Generated_Source\PSoC4/Count2_PM.c **** *  Count7_SaveConfig() and disables the counter.
  57:Generated_Source\PSoC4/Count2_PM.c **** *
  58:Generated_Source\PSoC4/Count2_PM.c **** * Parameters:
ARM GAS  C:\Users\mac_000\AppData\Local\Temp\ccIli4td.s 			page 3


  59:Generated_Source\PSoC4/Count2_PM.c **** *  None
  60:Generated_Source\PSoC4/Count2_PM.c **** *
  61:Generated_Source\PSoC4/Count2_PM.c **** * Return:
  62:Generated_Source\PSoC4/Count2_PM.c **** *  None
  63:Generated_Source\PSoC4/Count2_PM.c **** *
  64:Generated_Source\PSoC4/Count2_PM.c **** *******************************************************************************/
  65:Generated_Source\PSoC4/Count2_PM.c **** void Count2_Sleep(void) 
  66:Generated_Source\PSoC4/Count2_PM.c **** {
  57              		.loc 1 66 0
  58              		.cfi_startproc
  59              		@ args = 0, pretend = 0, frame = 0
  60              		@ frame_needed = 0, uses_anonymous_args = 0
  61 0000 10B5     		push	{r4, lr}
  62              		.cfi_def_cfa_offset 8
  63              		.cfi_offset 4, -8
  64              		.cfi_offset 14, -4
  67:Generated_Source\PSoC4/Count2_PM.c ****     if(0u != (Count2_AUX_CONTROL_REG & Count2_COUNTER_START))
  65              		.loc 1 67 0
  66 0002 084B     		ldr	r3, .L7
  67 0004 1B78     		ldrb	r3, [r3]
  68 0006 9B06     		lsls	r3, r3, #26
  69 0008 05D5     		bpl	.L5
  68:Generated_Source\PSoC4/Count2_PM.c ****     {
  69:Generated_Source\PSoC4/Count2_PM.c ****         Count2_backup.enableState = 1u;
  70              		.loc 1 69 0
  71 000a 0122     		movs	r2, #1
  72 000c 064B     		ldr	r3, .L7+4
  73 000e 1A70     		strb	r2, [r3]
  70:Generated_Source\PSoC4/Count2_PM.c ****         Count2_Stop();
  74              		.loc 1 70 0
  75 0010 FFF7FEFF 		bl	Count2_Stop
  76              	.LVL0:
  77 0014 02E0     		b	.L6
  78              	.L5:
  71:Generated_Source\PSoC4/Count2_PM.c ****     }
  72:Generated_Source\PSoC4/Count2_PM.c ****     else
  73:Generated_Source\PSoC4/Count2_PM.c ****     {
  74:Generated_Source\PSoC4/Count2_PM.c ****         Count2_backup.enableState = 0u;
  79              		.loc 1 74 0
  80 0016 0022     		movs	r2, #0
  81 0018 034B     		ldr	r3, .L7+4
  82 001a 1A70     		strb	r2, [r3]
  83              	.L6:
  75:Generated_Source\PSoC4/Count2_PM.c ****     }
  76:Generated_Source\PSoC4/Count2_PM.c **** 
  77:Generated_Source\PSoC4/Count2_PM.c ****     Count2_SaveConfig();
  84              		.loc 1 77 0
  85 001c FFF7FEFF 		bl	Count2_SaveConfig
  86              	.LVL1:
  78:Generated_Source\PSoC4/Count2_PM.c **** }
  87              		.loc 1 78 0
  88              		@ sp needed
  89 0020 10BD     		pop	{r4, pc}
  90              	.L8:
  91 0022 C046     		.align	2
  92              	.L7:
  93 0024 90000F40 		.word	1074725008
ARM GAS  C:\Users\mac_000\AppData\Local\Temp\ccIli4td.s 			page 4


  94 0028 00000000 		.word	Count2_backup
  95              		.cfi_endproc
  96              	.LFE2:
  97              		.size	Count2_Sleep, .-Count2_Sleep
  98              		.section	.text.Count2_RestoreConfig,"ax",%progbits
  99              		.align	2
 100              		.global	Count2_RestoreConfig
 101              		.code	16
 102              		.thumb_func
 103              		.type	Count2_RestoreConfig, %function
 104              	Count2_RestoreConfig:
 105              	.LFB3:
  79:Generated_Source\PSoC4/Count2_PM.c **** 
  80:Generated_Source\PSoC4/Count2_PM.c **** 
  81:Generated_Source\PSoC4/Count2_PM.c **** /*******************************************************************************
  82:Generated_Source\PSoC4/Count2_PM.c **** * Function Name: Count2_RestoreConfig
  83:Generated_Source\PSoC4/Count2_PM.c **** ********************************************************************************
  84:Generated_Source\PSoC4/Count2_PM.c **** *
  85:Generated_Source\PSoC4/Count2_PM.c **** * Summary:
  86:Generated_Source\PSoC4/Count2_PM.c **** *  This function restores the component configuration and non-retention
  87:Generated_Source\PSoC4/Count2_PM.c **** *  registers. This function is called by the Count7_Wakeup() function.
  88:Generated_Source\PSoC4/Count2_PM.c **** *
  89:Generated_Source\PSoC4/Count2_PM.c **** * Parameters:
  90:Generated_Source\PSoC4/Count2_PM.c **** *  None
  91:Generated_Source\PSoC4/Count2_PM.c **** *
  92:Generated_Source\PSoC4/Count2_PM.c **** * Return:
  93:Generated_Source\PSoC4/Count2_PM.c **** *  None
  94:Generated_Source\PSoC4/Count2_PM.c **** *
  95:Generated_Source\PSoC4/Count2_PM.c **** * Global Variables:
  96:Generated_Source\PSoC4/Count2_PM.c **** *  Count2_backup - used to save component configuration and
  97:Generated_Source\PSoC4/Count2_PM.c **** *  non-retention registers before exit sleep mode.
  98:Generated_Source\PSoC4/Count2_PM.c **** *
  99:Generated_Source\PSoC4/Count2_PM.c **** *******************************************************************************/
 100:Generated_Source\PSoC4/Count2_PM.c **** void Count2_RestoreConfig(void) 
 101:Generated_Source\PSoC4/Count2_PM.c **** {
 106              		.loc 1 101 0
 107              		.cfi_startproc
 108              		@ args = 0, pretend = 0, frame = 0
 109              		@ frame_needed = 0, uses_anonymous_args = 0
 110              		@ link register save eliminated.
 102:Generated_Source\PSoC4/Count2_PM.c ****     Count2_COUNT_REG = Count2_backup.count;
 111              		.loc 1 102 0
 112 0000 024B     		ldr	r3, .L10
 113 0002 5A78     		ldrb	r2, [r3, #1]
 114 0004 024B     		ldr	r3, .L10+4
 115 0006 1A70     		strb	r2, [r3]
 103:Generated_Source\PSoC4/Count2_PM.c **** }
 116              		.loc 1 103 0
 117              		@ sp needed
 118 0008 7047     		bx	lr
 119              	.L11:
 120 000a C046     		.align	2
 121              	.L10:
 122 000c 00000000 		.word	Count2_backup
 123 0010 70000F40 		.word	1074724976
 124              		.cfi_endproc
 125              	.LFE3:
ARM GAS  C:\Users\mac_000\AppData\Local\Temp\ccIli4td.s 			page 5


 126              		.size	Count2_RestoreConfig, .-Count2_RestoreConfig
 127              		.section	.text.Count2_Wakeup,"ax",%progbits
 128              		.align	2
 129              		.global	Count2_Wakeup
 130              		.code	16
 131              		.thumb_func
 132              		.type	Count2_Wakeup, %function
 133              	Count2_Wakeup:
 134              	.LFB4:
 104:Generated_Source\PSoC4/Count2_PM.c **** 
 105:Generated_Source\PSoC4/Count2_PM.c **** 
 106:Generated_Source\PSoC4/Count2_PM.c **** /*******************************************************************************
 107:Generated_Source\PSoC4/Count2_PM.c **** * Function Name: Count2_Wakeup
 108:Generated_Source\PSoC4/Count2_PM.c **** ********************************************************************************
 109:Generated_Source\PSoC4/Count2_PM.c **** *
 110:Generated_Source\PSoC4/Count2_PM.c **** * Summary:
 111:Generated_Source\PSoC4/Count2_PM.c **** *  This is the preferred API to restore the component to the state when
 112:Generated_Source\PSoC4/Count2_PM.c **** *  Count7_Sleep() was called. The Count7_Wakeup() function calls the
 113:Generated_Source\PSoC4/Count2_PM.c **** *  Count7_RestoreConfig() function to restore the configuration.
 114:Generated_Source\PSoC4/Count2_PM.c **** *
 115:Generated_Source\PSoC4/Count2_PM.c **** * Parameters:
 116:Generated_Source\PSoC4/Count2_PM.c **** *  None
 117:Generated_Source\PSoC4/Count2_PM.c **** *
 118:Generated_Source\PSoC4/Count2_PM.c **** * Return:
 119:Generated_Source\PSoC4/Count2_PM.c **** *  None
 120:Generated_Source\PSoC4/Count2_PM.c **** *
 121:Generated_Source\PSoC4/Count2_PM.c **** *******************************************************************************/
 122:Generated_Source\PSoC4/Count2_PM.c **** void Count2_Wakeup(void) 
 123:Generated_Source\PSoC4/Count2_PM.c **** {
 135              		.loc 1 123 0
 136              		.cfi_startproc
 137              		@ args = 0, pretend = 0, frame = 0
 138              		@ frame_needed = 0, uses_anonymous_args = 0
 139 0000 10B5     		push	{r4, lr}
 140              		.cfi_def_cfa_offset 8
 141              		.cfi_offset 4, -8
 142              		.cfi_offset 14, -4
 124:Generated_Source\PSoC4/Count2_PM.c ****     Count2_RestoreConfig();
 143              		.loc 1 124 0
 144 0002 FFF7FEFF 		bl	Count2_RestoreConfig
 145              	.LVL2:
 125:Generated_Source\PSoC4/Count2_PM.c **** 
 126:Generated_Source\PSoC4/Count2_PM.c ****     /* Restore enable state */
 127:Generated_Source\PSoC4/Count2_PM.c ****     if (Count2_backup.enableState != 0u)
 146              		.loc 1 127 0
 147 0006 034B     		ldr	r3, .L14
 148 0008 1B78     		ldrb	r3, [r3]
 149 000a 002B     		cmp	r3, #0
 150 000c 01D0     		beq	.L12
 128:Generated_Source\PSoC4/Count2_PM.c ****     {
 129:Generated_Source\PSoC4/Count2_PM.c ****         Count2_Enable();
 151              		.loc 1 129 0
 152 000e FFF7FEFF 		bl	Count2_Enable
 153              	.LVL3:
 154              	.L12:
 130:Generated_Source\PSoC4/Count2_PM.c ****     }
 131:Generated_Source\PSoC4/Count2_PM.c **** }
ARM GAS  C:\Users\mac_000\AppData\Local\Temp\ccIli4td.s 			page 6


 155              		.loc 1 131 0
 156              		@ sp needed
 157 0012 10BD     		pop	{r4, pc}
 158              	.L15:
 159              		.align	2
 160              	.L14:
 161 0014 00000000 		.word	Count2_backup
 162              		.cfi_endproc
 163              	.LFE4:
 164              		.size	Count2_Wakeup, .-Count2_Wakeup
 165              		.comm	Count2_backup,2,4
 166              		.text
 167              	.Letext0:
 168              		.file 2 "Generated_Source\\PSoC4\\cytypes.h"
 169              		.file 3 "Generated_Source\\PSoC4\\Count2.h"
 170              		.section	.debug_info,"",%progbits
 171              	.Ldebug_info0:
 172 0000 6D010000 		.4byte	0x16d
 173 0004 0400     		.2byte	0x4
 174 0006 00000000 		.4byte	.Ldebug_abbrev0
 175 000a 04       		.byte	0x4
 176 000b 01       		.uleb128 0x1
 177 000c 04010000 		.4byte	.LASF25
 178 0010 0C       		.byte	0xc
 179 0011 0E000000 		.4byte	.LASF26
 180 0015 C6010000 		.4byte	.LASF27
 181 0019 00000000 		.4byte	.Ldebug_ranges0+0
 182 001d 00000000 		.4byte	0
 183 0021 00000000 		.4byte	.Ldebug_line0
 184 0025 02       		.uleb128 0x2
 185 0026 01       		.byte	0x1
 186 0027 06       		.byte	0x6
 187 0028 A5010000 		.4byte	.LASF0
 188 002c 02       		.uleb128 0x2
 189 002d 01       		.byte	0x1
 190 002e 08       		.byte	0x8
 191 002f A7000000 		.4byte	.LASF1
 192 0033 02       		.uleb128 0x2
 193 0034 02       		.byte	0x2
 194 0035 05       		.byte	0x5
 195 0036 11020000 		.4byte	.LASF2
 196 003a 02       		.uleb128 0x2
 197 003b 02       		.byte	0x2
 198 003c 07       		.byte	0x7
 199 003d 92010000 		.4byte	.LASF3
 200 0041 02       		.uleb128 0x2
 201 0042 04       		.byte	0x4
 202 0043 05       		.byte	0x5
 203 0044 D2000000 		.4byte	.LASF4
 204 0048 02       		.uleb128 0x2
 205 0049 04       		.byte	0x4
 206 004a 07       		.byte	0x7
 207 004b 5E000000 		.4byte	.LASF5
 208 004f 02       		.uleb128 0x2
 209 0050 08       		.byte	0x8
 210 0051 05       		.byte	0x5
 211 0052 00000000 		.4byte	.LASF6
ARM GAS  C:\Users\mac_000\AppData\Local\Temp\ccIli4td.s 			page 7


 212 0056 02       		.uleb128 0x2
 213 0057 08       		.byte	0x8
 214 0058 07       		.byte	0x7
 215 0059 7E000000 		.4byte	.LASF7
 216 005d 03       		.uleb128 0x3
 217 005e 04       		.byte	0x4
 218 005f 05       		.byte	0x5
 219 0060 696E7400 		.ascii	"int\000"
 220 0064 02       		.uleb128 0x2
 221 0065 04       		.byte	0x4
 222 0066 07       		.byte	0x7
 223 0067 3D000000 		.4byte	.LASF8
 224 006b 04       		.uleb128 0x4
 225 006c 58000000 		.4byte	.LASF12
 226 0070 02       		.byte	0x2
 227 0071 F701     		.2byte	0x1f7
 228 0073 2C000000 		.4byte	0x2c
 229 0077 02       		.uleb128 0x2
 230 0078 04       		.byte	0x4
 231 0079 04       		.byte	0x4
 232 007a 95000000 		.4byte	.LASF9
 233 007e 02       		.uleb128 0x2
 234 007f 08       		.byte	0x8
 235 0080 04       		.byte	0x4
 236 0081 F0000000 		.4byte	.LASF10
 237 0085 02       		.uleb128 0x2
 238 0086 01       		.byte	0x1
 239 0087 08       		.byte	0x8
 240 0088 C7000000 		.4byte	.LASF11
 241 008c 04       		.uleb128 0x4
 242 008d 1B020000 		.4byte	.LASF13
 243 0091 02       		.byte	0x2
 244 0092 A102     		.2byte	0x2a1
 245 0094 98000000 		.4byte	0x98
 246 0098 05       		.uleb128 0x5
 247 0099 6B000000 		.4byte	0x6b
 248 009d 02       		.uleb128 0x2
 249 009e 08       		.byte	0x8
 250 009f 04       		.byte	0x4
 251 00a0 05020000 		.4byte	.LASF14
 252 00a4 02       		.uleb128 0x2
 253 00a5 04       		.byte	0x4
 254 00a6 07       		.byte	0x7
 255 00a7 2E020000 		.4byte	.LASF15
 256 00ab 06       		.uleb128 0x6
 257 00ac 02       		.byte	0x2
 258 00ad 03       		.byte	0x3
 259 00ae 36       		.byte	0x36
 260 00af CC000000 		.4byte	0xcc
 261 00b3 07       		.uleb128 0x7
 262 00b4 31000000 		.4byte	.LASF16
 263 00b8 03       		.byte	0x3
 264 00b9 38       		.byte	0x38
 265 00ba 6B000000 		.4byte	0x6b
 266 00be 00       		.byte	0
 267 00bf 07       		.uleb128 0x7
 268 00c0 CC000000 		.4byte	.LASF17
ARM GAS  C:\Users\mac_000\AppData\Local\Temp\ccIli4td.s 			page 8


 269 00c4 03       		.byte	0x3
 270 00c5 39       		.byte	0x39
 271 00c6 6B000000 		.4byte	0x6b
 272 00ca 01       		.byte	0x1
 273 00cb 00       		.byte	0
 274 00cc 08       		.uleb128 0x8
 275 00cd B1010000 		.4byte	.LASF18
 276 00d1 03       		.byte	0x3
 277 00d2 3A       		.byte	0x3a
 278 00d3 AB000000 		.4byte	0xab
 279 00d7 09       		.uleb128 0x9
 280 00d8 B5000000 		.4byte	.LASF19
 281 00dc 01       		.byte	0x1
 282 00dd 2B       		.byte	0x2b
 283 00de 00000000 		.4byte	.LFB1
 284 00e2 14000000 		.4byte	.LFE1-.LFB1
 285 00e6 01       		.uleb128 0x1
 286 00e7 9C       		.byte	0x9c
 287 00e8 0A       		.uleb128 0xa
 288 00e9 F7000000 		.4byte	.LASF21
 289 00ed 01       		.byte	0x1
 290 00ee 41       		.byte	0x41
 291 00ef 00000000 		.4byte	.LFB2
 292 00f3 2C000000 		.4byte	.LFE2-.LFB2
 293 00f7 01       		.uleb128 0x1
 294 00f8 9C       		.byte	0x9c
 295 00f9 10010000 		.4byte	0x110
 296 00fd 0B       		.uleb128 0xb
 297 00fe 14000000 		.4byte	.LVL0
 298 0102 5A010000 		.4byte	0x15a
 299 0106 0B       		.uleb128 0xb
 300 0107 20000000 		.4byte	.LVL1
 301 010b D7000000 		.4byte	0xd7
 302 010f 00       		.byte	0
 303 0110 09       		.uleb128 0x9
 304 0111 DB000000 		.4byte	.LASF20
 305 0115 01       		.byte	0x1
 306 0116 64       		.byte	0x64
 307 0117 00000000 		.4byte	.LFB3
 308 011b 14000000 		.4byte	.LFE3-.LFB3
 309 011f 01       		.uleb128 0x1
 310 0120 9C       		.byte	0x9c
 311 0121 0A       		.uleb128 0xa
 312 0122 4A000000 		.4byte	.LASF22
 313 0126 01       		.byte	0x1
 314 0127 7A       		.byte	0x7a
 315 0128 00000000 		.4byte	.LFB4
 316 012c 18000000 		.4byte	.LFE4-.LFB4
 317 0130 01       		.uleb128 0x1
 318 0131 9C       		.byte	0x9c
 319 0132 49010000 		.4byte	0x149
 320 0136 0B       		.uleb128 0xb
 321 0137 06000000 		.4byte	.LVL2
 322 013b 10010000 		.4byte	0x110
 323 013f 0B       		.uleb128 0xb
 324 0140 12000000 		.4byte	.LVL3
 325 0144 65010000 		.4byte	0x165
ARM GAS  C:\Users\mac_000\AppData\Local\Temp\ccIli4td.s 			page 9


 326 0148 00       		.byte	0
 327 0149 0C       		.uleb128 0xc
 328 014a 20020000 		.4byte	.LASF28
 329 014e 01       		.byte	0x1
 330 014f 15       		.byte	0x15
 331 0150 CC000000 		.4byte	0xcc
 332 0154 05       		.uleb128 0x5
 333 0155 03       		.byte	0x3
 334 0156 00000000 		.4byte	Count2_backup
 335 015a 0D       		.uleb128 0xd
 336 015b 9B000000 		.4byte	.LASF23
 337 015f 9B000000 		.4byte	.LASF23
 338 0163 03       		.byte	0x3
 339 0164 27       		.byte	0x27
 340 0165 0D       		.uleb128 0xd
 341 0166 70000000 		.4byte	.LASF24
 342 016a 70000000 		.4byte	.LASF24
 343 016e 03       		.byte	0x3
 344 016f 25       		.byte	0x25
 345 0170 00       		.byte	0
 346              		.section	.debug_abbrev,"",%progbits
 347              	.Ldebug_abbrev0:
 348 0000 01       		.uleb128 0x1
 349 0001 11       		.uleb128 0x11
 350 0002 01       		.byte	0x1
 351 0003 25       		.uleb128 0x25
 352 0004 0E       		.uleb128 0xe
 353 0005 13       		.uleb128 0x13
 354 0006 0B       		.uleb128 0xb
 355 0007 03       		.uleb128 0x3
 356 0008 0E       		.uleb128 0xe
 357 0009 1B       		.uleb128 0x1b
 358 000a 0E       		.uleb128 0xe
 359 000b 55       		.uleb128 0x55
 360 000c 17       		.uleb128 0x17
 361 000d 11       		.uleb128 0x11
 362 000e 01       		.uleb128 0x1
 363 000f 10       		.uleb128 0x10
 364 0010 17       		.uleb128 0x17
 365 0011 00       		.byte	0
 366 0012 00       		.byte	0
 367 0013 02       		.uleb128 0x2
 368 0014 24       		.uleb128 0x24
 369 0015 00       		.byte	0
 370 0016 0B       		.uleb128 0xb
 371 0017 0B       		.uleb128 0xb
 372 0018 3E       		.uleb128 0x3e
 373 0019 0B       		.uleb128 0xb
 374 001a 03       		.uleb128 0x3
 375 001b 0E       		.uleb128 0xe
 376 001c 00       		.byte	0
 377 001d 00       		.byte	0
 378 001e 03       		.uleb128 0x3
 379 001f 24       		.uleb128 0x24
 380 0020 00       		.byte	0
 381 0021 0B       		.uleb128 0xb
 382 0022 0B       		.uleb128 0xb
ARM GAS  C:\Users\mac_000\AppData\Local\Temp\ccIli4td.s 			page 10


 383 0023 3E       		.uleb128 0x3e
 384 0024 0B       		.uleb128 0xb
 385 0025 03       		.uleb128 0x3
 386 0026 08       		.uleb128 0x8
 387 0027 00       		.byte	0
 388 0028 00       		.byte	0
 389 0029 04       		.uleb128 0x4
 390 002a 16       		.uleb128 0x16
 391 002b 00       		.byte	0
 392 002c 03       		.uleb128 0x3
 393 002d 0E       		.uleb128 0xe
 394 002e 3A       		.uleb128 0x3a
 395 002f 0B       		.uleb128 0xb
 396 0030 3B       		.uleb128 0x3b
 397 0031 05       		.uleb128 0x5
 398 0032 49       		.uleb128 0x49
 399 0033 13       		.uleb128 0x13
 400 0034 00       		.byte	0
 401 0035 00       		.byte	0
 402 0036 05       		.uleb128 0x5
 403 0037 35       		.uleb128 0x35
 404 0038 00       		.byte	0
 405 0039 49       		.uleb128 0x49
 406 003a 13       		.uleb128 0x13
 407 003b 00       		.byte	0
 408 003c 00       		.byte	0
 409 003d 06       		.uleb128 0x6
 410 003e 13       		.uleb128 0x13
 411 003f 01       		.byte	0x1
 412 0040 0B       		.uleb128 0xb
 413 0041 0B       		.uleb128 0xb
 414 0042 3A       		.uleb128 0x3a
 415 0043 0B       		.uleb128 0xb
 416 0044 3B       		.uleb128 0x3b
 417 0045 0B       		.uleb128 0xb
 418 0046 01       		.uleb128 0x1
 419 0047 13       		.uleb128 0x13
 420 0048 00       		.byte	0
 421 0049 00       		.byte	0
 422 004a 07       		.uleb128 0x7
 423 004b 0D       		.uleb128 0xd
 424 004c 00       		.byte	0
 425 004d 03       		.uleb128 0x3
 426 004e 0E       		.uleb128 0xe
 427 004f 3A       		.uleb128 0x3a
 428 0050 0B       		.uleb128 0xb
 429 0051 3B       		.uleb128 0x3b
 430 0052 0B       		.uleb128 0xb
 431 0053 49       		.uleb128 0x49
 432 0054 13       		.uleb128 0x13
 433 0055 38       		.uleb128 0x38
 434 0056 0B       		.uleb128 0xb
 435 0057 00       		.byte	0
 436 0058 00       		.byte	0
 437 0059 08       		.uleb128 0x8
 438 005a 16       		.uleb128 0x16
 439 005b 00       		.byte	0
ARM GAS  C:\Users\mac_000\AppData\Local\Temp\ccIli4td.s 			page 11


 440 005c 03       		.uleb128 0x3
 441 005d 0E       		.uleb128 0xe
 442 005e 3A       		.uleb128 0x3a
 443 005f 0B       		.uleb128 0xb
 444 0060 3B       		.uleb128 0x3b
 445 0061 0B       		.uleb128 0xb
 446 0062 49       		.uleb128 0x49
 447 0063 13       		.uleb128 0x13
 448 0064 00       		.byte	0
 449 0065 00       		.byte	0
 450 0066 09       		.uleb128 0x9
 451 0067 2E       		.uleb128 0x2e
 452 0068 00       		.byte	0
 453 0069 3F       		.uleb128 0x3f
 454 006a 19       		.uleb128 0x19
 455 006b 03       		.uleb128 0x3
 456 006c 0E       		.uleb128 0xe
 457 006d 3A       		.uleb128 0x3a
 458 006e 0B       		.uleb128 0xb
 459 006f 3B       		.uleb128 0x3b
 460 0070 0B       		.uleb128 0xb
 461 0071 27       		.uleb128 0x27
 462 0072 19       		.uleb128 0x19
 463 0073 11       		.uleb128 0x11
 464 0074 01       		.uleb128 0x1
 465 0075 12       		.uleb128 0x12
 466 0076 06       		.uleb128 0x6
 467 0077 40       		.uleb128 0x40
 468 0078 18       		.uleb128 0x18
 469 0079 9742     		.uleb128 0x2117
 470 007b 19       		.uleb128 0x19
 471 007c 00       		.byte	0
 472 007d 00       		.byte	0
 473 007e 0A       		.uleb128 0xa
 474 007f 2E       		.uleb128 0x2e
 475 0080 01       		.byte	0x1
 476 0081 3F       		.uleb128 0x3f
 477 0082 19       		.uleb128 0x19
 478 0083 03       		.uleb128 0x3
 479 0084 0E       		.uleb128 0xe
 480 0085 3A       		.uleb128 0x3a
 481 0086 0B       		.uleb128 0xb
 482 0087 3B       		.uleb128 0x3b
 483 0088 0B       		.uleb128 0xb
 484 0089 27       		.uleb128 0x27
 485 008a 19       		.uleb128 0x19
 486 008b 11       		.uleb128 0x11
 487 008c 01       		.uleb128 0x1
 488 008d 12       		.uleb128 0x12
 489 008e 06       		.uleb128 0x6
 490 008f 40       		.uleb128 0x40
 491 0090 18       		.uleb128 0x18
 492 0091 9742     		.uleb128 0x2117
 493 0093 19       		.uleb128 0x19
 494 0094 01       		.uleb128 0x1
 495 0095 13       		.uleb128 0x13
 496 0096 00       		.byte	0
ARM GAS  C:\Users\mac_000\AppData\Local\Temp\ccIli4td.s 			page 12


 497 0097 00       		.byte	0
 498 0098 0B       		.uleb128 0xb
 499 0099 898201   		.uleb128 0x4109
 500 009c 00       		.byte	0
 501 009d 11       		.uleb128 0x11
 502 009e 01       		.uleb128 0x1
 503 009f 31       		.uleb128 0x31
 504 00a0 13       		.uleb128 0x13
 505 00a1 00       		.byte	0
 506 00a2 00       		.byte	0
 507 00a3 0C       		.uleb128 0xc
 508 00a4 34       		.uleb128 0x34
 509 00a5 00       		.byte	0
 510 00a6 03       		.uleb128 0x3
 511 00a7 0E       		.uleb128 0xe
 512 00a8 3A       		.uleb128 0x3a
 513 00a9 0B       		.uleb128 0xb
 514 00aa 3B       		.uleb128 0x3b
 515 00ab 0B       		.uleb128 0xb
 516 00ac 49       		.uleb128 0x49
 517 00ad 13       		.uleb128 0x13
 518 00ae 3F       		.uleb128 0x3f
 519 00af 19       		.uleb128 0x19
 520 00b0 02       		.uleb128 0x2
 521 00b1 18       		.uleb128 0x18
 522 00b2 00       		.byte	0
 523 00b3 00       		.byte	0
 524 00b4 0D       		.uleb128 0xd
 525 00b5 2E       		.uleb128 0x2e
 526 00b6 00       		.byte	0
 527 00b7 3F       		.uleb128 0x3f
 528 00b8 19       		.uleb128 0x19
 529 00b9 3C       		.uleb128 0x3c
 530 00ba 19       		.uleb128 0x19
 531 00bb 6E       		.uleb128 0x6e
 532 00bc 0E       		.uleb128 0xe
 533 00bd 03       		.uleb128 0x3
 534 00be 0E       		.uleb128 0xe
 535 00bf 3A       		.uleb128 0x3a
 536 00c0 0B       		.uleb128 0xb
 537 00c1 3B       		.uleb128 0x3b
 538 00c2 0B       		.uleb128 0xb
 539 00c3 00       		.byte	0
 540 00c4 00       		.byte	0
 541 00c5 00       		.byte	0
 542              		.section	.debug_aranges,"",%progbits
 543 0000 34000000 		.4byte	0x34
 544 0004 0200     		.2byte	0x2
 545 0006 00000000 		.4byte	.Ldebug_info0
 546 000a 04       		.byte	0x4
 547 000b 00       		.byte	0
 548 000c 0000     		.2byte	0
 549 000e 0000     		.2byte	0
 550 0010 00000000 		.4byte	.LFB1
 551 0014 14000000 		.4byte	.LFE1-.LFB1
 552 0018 00000000 		.4byte	.LFB2
 553 001c 2C000000 		.4byte	.LFE2-.LFB2
ARM GAS  C:\Users\mac_000\AppData\Local\Temp\ccIli4td.s 			page 13


 554 0020 00000000 		.4byte	.LFB3
 555 0024 14000000 		.4byte	.LFE3-.LFB3
 556 0028 00000000 		.4byte	.LFB4
 557 002c 18000000 		.4byte	.LFE4-.LFB4
 558 0030 00000000 		.4byte	0
 559 0034 00000000 		.4byte	0
 560              		.section	.debug_ranges,"",%progbits
 561              	.Ldebug_ranges0:
 562 0000 00000000 		.4byte	.LFB1
 563 0004 14000000 		.4byte	.LFE1
 564 0008 00000000 		.4byte	.LFB2
 565 000c 2C000000 		.4byte	.LFE2
 566 0010 00000000 		.4byte	.LFB3
 567 0014 14000000 		.4byte	.LFE3
 568 0018 00000000 		.4byte	.LFB4
 569 001c 18000000 		.4byte	.LFE4
 570 0020 00000000 		.4byte	0
 571 0024 00000000 		.4byte	0
 572              		.section	.debug_line,"",%progbits
 573              	.Ldebug_line0:
 574 0000 A5000000 		.section	.debug_str,"MS",%progbits,1
 574      02005200 
 574      00000201 
 574      FB0E0D00 
 574      01010101 
 575              	.LASF6:
 576 0000 6C6F6E67 		.ascii	"long long int\000"
 576      206C6F6E 
 576      6720696E 
 576      7400
 577              	.LASF26:
 578 000e 47656E65 		.ascii	"Generated_Source\\PSoC4\\Count2_PM.c\000"
 578      72617465 
 578      645F536F 
 578      75726365 
 578      5C50536F 
 579              	.LASF16:
 580 0031 656E6162 		.ascii	"enableState\000"
 580      6C655374 
 580      61746500 
 581              	.LASF8:
 582 003d 756E7369 		.ascii	"unsigned int\000"
 582      676E6564 
 582      20696E74 
 582      00
 583              	.LASF22:
 584 004a 436F756E 		.ascii	"Count2_Wakeup\000"
 584      74325F57 
 584      616B6575 
 584      7000
 585              	.LASF12:
 586 0058 75696E74 		.ascii	"uint8\000"
 586      3800
 587              	.LASF5:
 588 005e 6C6F6E67 		.ascii	"long unsigned int\000"
 588      20756E73 
 588      69676E65 
ARM GAS  C:\Users\mac_000\AppData\Local\Temp\ccIli4td.s 			page 14


 588      6420696E 
 588      7400
 589              	.LASF24:
 590 0070 436F756E 		.ascii	"Count2_Enable\000"
 590      74325F45 
 590      6E61626C 
 590      6500
 591              	.LASF7:
 592 007e 6C6F6E67 		.ascii	"long long unsigned int\000"
 592      206C6F6E 
 592      6720756E 
 592      7369676E 
 592      65642069 
 593              	.LASF9:
 594 0095 666C6F61 		.ascii	"float\000"
 594      7400
 595              	.LASF23:
 596 009b 436F756E 		.ascii	"Count2_Stop\000"
 596      74325F53 
 596      746F7000 
 597              	.LASF1:
 598 00a7 756E7369 		.ascii	"unsigned char\000"
 598      676E6564 
 598      20636861 
 598      7200
 599              	.LASF19:
 600 00b5 436F756E 		.ascii	"Count2_SaveConfig\000"
 600      74325F53 
 600      61766543 
 600      6F6E6669 
 600      6700
 601              	.LASF11:
 602 00c7 63686172 		.ascii	"char\000"
 602      00
 603              	.LASF17:
 604 00cc 636F756E 		.ascii	"count\000"
 604      7400
 605              	.LASF4:
 606 00d2 6C6F6E67 		.ascii	"long int\000"
 606      20696E74 
 606      00
 607              	.LASF20:
 608 00db 436F756E 		.ascii	"Count2_RestoreConfig\000"
 608      74325F52 
 608      6573746F 
 608      7265436F 
 608      6E666967 
 609              	.LASF10:
 610 00f0 646F7562 		.ascii	"double\000"
 610      6C6500
 611              	.LASF21:
 612 00f7 436F756E 		.ascii	"Count2_Sleep\000"
 612      74325F53 
 612      6C656570 
 612      00
 613              	.LASF25:
 614 0104 474E5520 		.ascii	"GNU C11 5.4.1 20160609 (release) [ARM/embedded-5-br"
ARM GAS  C:\Users\mac_000\AppData\Local\Temp\ccIli4td.s 			page 15


 614      43313120 
 614      352E342E 
 614      31203230 
 614      31363036 
 615 0137 616E6368 		.ascii	"anch revision 237715] -mcpu=cortex-m0 -mthumb -g -O"
 615      20726576 
 615      6973696F 
 615      6E203233 
 615      37373135 
 616 016a 67202D66 		.ascii	"g -ffunction-sections -ffat-lto-objects\000"
 616      66756E63 
 616      74696F6E 
 616      2D736563 
 616      74696F6E 
 617              	.LASF3:
 618 0192 73686F72 		.ascii	"short unsigned int\000"
 618      7420756E 
 618      7369676E 
 618      65642069 
 618      6E7400
 619              	.LASF0:
 620 01a5 7369676E 		.ascii	"signed char\000"
 620      65642063 
 620      68617200 
 621              	.LASF18:
 622 01b1 436F756E 		.ascii	"Count2_BACKUP_STRUCT\000"
 622      74325F42 
 622      41434B55 
 622      505F5354 
 622      52554354 
 623              	.LASF27:
 624 01c6 433A5C55 		.ascii	"C:\\Users\\mac_000\\Documents\\Git_IR_REMO\\PSoC\\I"
 624      73657273 
 624      5C6D6163 
 624      5F303030 
 624      5C446F63 
 625 01f3 525F5245 		.ascii	"R_REMO4200M.cydsn\000"
 625      4D4F3432 
 625      30304D2E 
 625      63796473 
 625      6E00
 626              	.LASF14:
 627 0205 6C6F6E67 		.ascii	"long double\000"
 627      20646F75 
 627      626C6500 
 628              	.LASF2:
 629 0211 73686F72 		.ascii	"short int\000"
 629      7420696E 
 629      7400
 630              	.LASF13:
 631 021b 72656738 		.ascii	"reg8\000"
 631      00
 632              	.LASF28:
 633 0220 436F756E 		.ascii	"Count2_backup\000"
 633      74325F62 
 633      61636B75 
 633      7000
ARM GAS  C:\Users\mac_000\AppData\Local\Temp\ccIli4td.s 			page 16


 634              	.LASF15:
 635 022e 73697A65 		.ascii	"sizetype\000"
 635      74797065 
 635      00
 636              		.ident	"GCC: (GNU Tools for ARM Embedded Processors) 5.4.1 20160609 (release) [ARM/embedded-5-bran
