ARM GAS  C:\Users\mac_000\AppData\Local\Temp\ccwS2uRN.s 			page 1


   1              		.syntax unified
   2              		.cpu cortex-m0
   3              		.fpu softvfp
   4              		.eabi_attribute 20, 1
   5              		.eabi_attribute 21, 1
   6              		.eabi_attribute 23, 3
   7              		.eabi_attribute 24, 1
   8              		.eabi_attribute 25, 1
   9              		.eabi_attribute 26, 1
  10              		.eabi_attribute 30, 1
  11              		.eabi_attribute 34, 0
  12              		.eabi_attribute 18, 4
  13              		.thumb
  14              		.syntax unified
  15              		.file	"main.c"
  16              		.text
  17              	.Ltext0:
  18              		.cfi_sections	.debug_frame
  19              		.section	.text.do_capture,"ax",%progbits
  20              		.align	2
  21              		.global	do_capture
  22              		.code	16
  23              		.thumb_func
  24              		.type	do_capture, %function
  25              	do_capture:
  26              	.LFB35:
  27              		.file 1 "main.c"
   1:main.c        **** /* ========================================
   2:main.c        ****  *
   3:main.c        ****  * Copyright AGRI-HITECH LLC, 2020
   4:main.c        ****  * All Rights Reserved
   5:main.c        ****  * UNPUBLISHED, LICENSED SOFTWARE.
   6:main.c        ****  * ========================================
   7:main.c        ****  * Program & Coded by fanfan (mac@line.to)
   8:main.c        **** */
   9:main.c        **** #include "project.h"
  10:main.c        **** #include <stdio.h>
  11:main.c        **** 
  12:main.c        **** static short Capture[100];
  13:main.c        **** static int NCapture = 0;
  14:main.c        **** 
  15:main.c        **** CY_ISR(do_capture) {
  28              		.loc 1 15 0
  29              		.cfi_startproc
  30              		@ args = 0, pretend = 0, frame = 0
  31              		@ frame_needed = 0, uses_anonymous_args = 0
  32 0000 70B5     		push	{r4, r5, r6, lr}
  33              		.cfi_def_cfa_offset 16
  34              		.cfi_offset 4, -16
  35              		.cfi_offset 5, -12
  36              		.cfi_offset 6, -8
  37              		.cfi_offset 14, -4
  16:main.c        ****     Timer1_STATUS;
  38              		.loc 1 16 0
  39 0002 064B     		ldr	r3, .L2
  40 0004 1B78     		ldrb	r3, [r3]
  17:main.c        ****     Capture[NCapture++] = Timer1_ReadCapture();
ARM GAS  C:\Users\mac_000\AppData\Local\Temp\ccwS2uRN.s 			page 2


  41              		.loc 1 17 0
  42 0006 064D     		ldr	r5, .L2+4
  43 0008 2C68     		ldr	r4, [r5]
  44 000a 631C     		adds	r3, r4, #1
  45 000c 2B60     		str	r3, [r5]
  46 000e FFF7FEFF 		bl	Timer1_ReadCapture
  47              	.LVL0:
  48 0012 6400     		lsls	r4, r4, #1
  49 0014 2C19     		adds	r4, r5, r4
  50 0016 A080     		strh	r0, [r4, #4]
  18:main.c        **** }
  51              		.loc 1 18 0
  52              		@ sp needed
  53 0018 70BD     		pop	{r4, r5, r6, pc}
  54              	.L3:
  55 001a C046     		.align	2
  56              	.L2:
  57 001c 61000F40 		.word	1074724961
  58 0020 00000000 		.word	.LANCHOR0
  59              		.cfi_endproc
  60              	.LFE35:
  61              		.size	do_capture, .-do_capture
  62              		.section	.text.Puts,"ax",%progbits
  63              		.align	2
  64              		.global	Puts
  65              		.code	16
  66              		.thumb_func
  67              		.type	Puts, %function
  68              	Puts:
  69              	.LFB36:
  19:main.c        **** 
  20:main.c        **** void Puts(const char *s) {
  70              		.loc 1 20 0
  71              		.cfi_startproc
  72              		@ args = 0, pretend = 0, frame = 0
  73              		@ frame_needed = 0, uses_anonymous_args = 0
  74              	.LVL1:
  75 0000 10B5     		push	{r4, lr}
  76              		.cfi_def_cfa_offset 8
  77              		.cfi_offset 4, -8
  78              		.cfi_offset 14, -4
  21:main.c        ****     UART1_UartPutString(s);
  79              		.loc 1 21 0
  80 0002 FFF7FEFF 		bl	UART1_UartPutString
  81              	.LVL2:
  22:main.c        **** }
  82              		.loc 1 22 0
  83              		@ sp needed
  84 0006 10BD     		pop	{r4, pc}
  85              		.cfi_endproc
  86              	.LFE36:
  87              		.size	Puts, .-Puts
  88              		.section	.text.main,"ax",%progbits
  89              		.align	2
  90              		.global	main
  91              		.code	16
  92              		.thumb_func
ARM GAS  C:\Users\mac_000\AppData\Local\Temp\ccwS2uRN.s 			page 3


  93              		.type	main, %function
  94              	main:
  95              	.LFB37:
  23:main.c        **** 
  24:main.c        **** int main(void)
  25:main.c        **** {
  96              		.loc 1 25 0
  97              		.cfi_startproc
  98              		@ args = 0, pretend = 0, frame = 80
  99              		@ frame_needed = 0, uses_anonymous_args = 0
 100 0000 F0B5     		push	{r4, r5, r6, r7, lr}
 101              		.cfi_def_cfa_offset 20
 102              		.cfi_offset 4, -20
 103              		.cfi_offset 5, -16
 104              		.cfi_offset 6, -12
 105              		.cfi_offset 7, -8
 106              		.cfi_offset 14, -4
 107 0002 97B0     		sub	sp, sp, #92
 108              		.cfi_def_cfa_offset 112
 109              	.LVL3:
  26:main.c        ****     char buf[80];
  27:main.c        ****     unsigned rep, code = 0;
  28:main.c        ****     unsigned char b0, b1, b2, b3;
  29:main.c        ****     
  30:main.c        ****     int i;
  31:main.c        **** 
  32:main.c        ****     UART1_Start();
 110              		.loc 1 32 0
 111 0004 FFF7FEFF 		bl	UART1_Start
 112              	.LVL4:
  33:main.c        ****     Timer1_Start();
 113              		.loc 1 33 0
 114 0008 FFF7FEFF 		bl	Timer1_Start
 115              	.LVL5:
  34:main.c        ****     Timer2_Start();
 116              		.loc 1 34 0
 117 000c FFF7FEFF 		bl	Timer2_Start
 118              	.LVL6:
  35:main.c        ****     
  36:main.c        ****     ISR1_StartEx(do_capture);
 119              		.loc 1 36 0
 120 0010 4148     		ldr	r0, .L19
 121 0012 FFF7FEFF 		bl	ISR1_StartEx
 122              	.LVL7:
  37:main.c        ****     CyGlobalIntEnable;
 123              		.loc 1 37 0
 124              		.syntax divided
 125              	@ 37 "main.c" 1
 126 0016 62B6     		CPSIE   i
 127              	@ 0 "" 2
  27:main.c        ****     unsigned char b0, b1, b2, b3;
 128              		.loc 1 27 0
 129              		.thumb
 130              		.syntax unified
 131 0018 0024     		movs	r4, #0
 132              	.LVL8:
 133              	.L15:
ARM GAS  C:\Users\mac_000\AppData\Local\Temp\ccwS2uRN.s 			page 4


 134              	.LBB2:
  38:main.c        ****     
  39:main.c        ****     for(;;)
  40:main.c        ****     {  
  41:main.c        ****         ISR1_Disable();
 135              		.loc 1 41 0
 136 001a FFF7FEFF 		bl	ISR1_Disable
 137              	.LVL9:
  42:main.c        ****         ISR1_ClearPending();
 138              		.loc 1 42 0
 139 001e FFF7FEFF 		bl	ISR1_ClearPending
 140              	.LVL10:
 141              	.L6:
  43:main.c        ****         while ((Timer2_ReadStatusRegister() & Timer2_STATUS_TC) == 0);
 142              		.loc 1 43 0 discriminator 1
 143 0022 FFF7FEFF 		bl	Timer2_ReadStatusRegister
 144              	.LVL11:
 145 0026 C307     		lsls	r3, r0, #31
 146 0028 FBD5     		bpl	.L6
  44:main.c        ****         NCapture=0;
 147              		.loc 1 44 0
 148 002a 0022     		movs	r2, #0
 149 002c 3B4B     		ldr	r3, .L19+4
 150 002e 1A60     		str	r2, [r3]
  45:main.c        ****         Timer1_ClearFIFO();
 151              		.loc 1 45 0
 152 0030 FFF7FEFF 		bl	Timer1_ClearFIFO
 153              	.LVL12:
  46:main.c        ****         Timer1_Init();
 154              		.loc 1 46 0
 155 0034 FFF7FEFF 		bl	Timer1_Init
 156              	.LVL13:
  47:main.c        ****         Timer1_Enable();
 157              		.loc 1 47 0
 158 0038 FFF7FEFF 		bl	Timer1_Enable
 159              	.LVL14:
  48:main.c        ****         Timer1_WriteCounter(25000);
 160              		.loc 1 48 0
 161 003c 384D     		ldr	r5, .L19+8
 162 003e 2800     		movs	r0, r5
 163 0040 FFF7FEFF 		bl	Timer1_WriteCounter
 164              	.LVL15:
  49:main.c        ****         Timer1_WritePeriod(25000);
 165              		.loc 1 49 0
 166 0044 2800     		movs	r0, r5
 167 0046 FFF7FEFF 		bl	Timer1_WritePeriod
 168              	.LVL16:
 169              	.L7:
  50:main.c        ****         while (IR_Read() != 0);
 170              		.loc 1 50 0 discriminator 1
 171 004a FFF7FEFF 		bl	IR_Read
 172              	.LVL17:
 173 004e 0028     		cmp	r0, #0
 174 0050 FBD1     		bne	.L7
  51:main.c        ****         ISR1_Enable();
 175              		.loc 1 51 0
 176 0052 FFF7FEFF 		bl	ISR1_Enable
ARM GAS  C:\Users\mac_000\AppData\Local\Temp\ccwS2uRN.s 			page 5


 177              	.LVL18:
  52:main.c        ****         LED_Write(1);
 178              		.loc 1 52 0
 179 0056 0120     		movs	r0, #1
 180 0058 FFF7FEFF 		bl	LED_Write
 181              	.LVL19:
 182              	.L8:
  53:main.c        ****         while (Timer1_ReadCounter() > 10);
 183              		.loc 1 53 0 discriminator 1
 184 005c FFF7FEFF 		bl	Timer1_ReadCounter
 185              	.LVL20:
 186 0060 0A28     		cmp	r0, #10
 187 0062 FBD8     		bhi	.L8
  54:main.c        ****         ISR1_Disable();
 188              		.loc 1 54 0
 189 0064 FFF7FEFF 		bl	ISR1_Disable
 190              	.LVL21:
  55:main.c        ****         LED_Write(0);
 191              		.loc 1 55 0
 192 0068 0020     		movs	r0, #0
 193 006a FFF7FEFF 		bl	LED_Write
 194              	.LVL22:
  56:main.c        ****         snprintf(buf, 80, "interrupt %d\r\n", NCapture);
 195              		.loc 1 56 0
 196 006e 2B4B     		ldr	r3, .L19+4
 197 0070 1B68     		ldr	r3, [r3]
 198 0072 2C4A     		ldr	r2, .L19+12
 199 0074 5021     		movs	r1, #80
 200 0076 02A8     		add	r0, sp, #8
 201 0078 FFF7FEFF 		bl	snprintf
 202              	.LVL23:
  57:main.c        ****         Puts(buf);
 203              		.loc 1 57 0
 204 007c 02A8     		add	r0, sp, #8
 205 007e FFF7FEFF 		bl	Puts
 206              	.LVL24:
  58:main.c        ****         unsigned L = 0;
 207              		.loc 1 58 0
 208 0082 0021     		movs	r1, #0
  59:main.c        ****         for (i = 1; i < NCapture; i++) {
 209              		.loc 1 59 0
 210 0084 0122     		movs	r2, #1
 211 0086 15E0     		b	.L9
 212              	.LVL25:
 213              	.L11:
 214              	.LBB3:
  60:main.c        ****             unsigned long bit;
  61:main.c        ****             int diff;
  62:main.c        ****             
  63:main.c        ****             diff = Capture[i-1] -Capture[i];
 215              		.loc 1 63 0
 216 0088 531E     		subs	r3, r2, #1
 217 008a 244D     		ldr	r5, .L19+4
 218 008c 5B00     		lsls	r3, r3, #1
 219 008e EB18     		adds	r3, r5, r3
 220 0090 0420     		movs	r0, #4
 221 0092 1B5E     		ldrsh	r3, [r3, r0]
ARM GAS  C:\Users\mac_000\AppData\Local\Temp\ccwS2uRN.s 			page 6


 222 0094 5000     		lsls	r0, r2, #1
 223 0096 2818     		adds	r0, r5, r0
 224 0098 0425     		movs	r5, #4
 225 009a 405F     		ldrsh	r0, [r0, r5]
 226 009c 1B1A     		subs	r3, r3, r0
 227              	.LVL26:
  64:main.c        ****  
  65:main.c        ****             if (diff < 450) {
 228              		.loc 1 65 0
 229 009e C220     		movs	r0, #194
 230 00a0 FF30     		adds	r0, r0, #255
 231 00a2 8342     		cmp	r3, r0
 232 00a4 01DC     		bgt	.L16
  66:main.c        ****                 bit = 0;
 233              		.loc 1 66 0
 234 00a6 0023     		movs	r3, #0
 235              	.LVL27:
 236 00a8 01E0     		b	.L10
 237              	.LVL28:
 238              	.L16:
  67:main.c        ****             }
  68:main.c        ****             else {
  69:main.c        ****                 bit = 0x80000000u;
 239              		.loc 1 69 0
 240 00aa 8023     		movs	r3, #128
 241              	.LVL29:
 242 00ac 1B06     		lsls	r3, r3, #24
 243              	.L10:
 244              	.LVL30:
  70:main.c        ****             }
  71:main.c        ****             L >>= 1;
 245              		.loc 1 71 0 discriminator 2
 246 00ae 4908     		lsrs	r1, r1, #1
 247              	.LVL31:
  72:main.c        ****             L = L | bit;                       
 248              		.loc 1 72 0 discriminator 2
 249 00b0 1943     		orrs	r1, r3
 250              	.LVL32:
 251              	.LBE3:
  59:main.c        ****             unsigned long bit;
 252              		.loc 1 59 0 discriminator 2
 253 00b2 0132     		adds	r2, r2, #1
 254              	.LVL33:
 255              	.L9:
  59:main.c        ****             unsigned long bit;
 256              		.loc 1 59 0 is_stmt 0 discriminator 1
 257 00b4 194B     		ldr	r3, .L19+4
 258 00b6 1B68     		ldr	r3, [r3]
 259 00b8 9A42     		cmp	r2, r3
 260 00ba E5DB     		blt	.L11
  73:main.c        ****         }
  74:main.c        ****         if (NCapture <= 2) {
 261              		.loc 1 74 0 is_stmt 1
 262 00bc 022B     		cmp	r3, #2
 263 00be 01DC     		bgt	.L17
  75:main.c        ****             rep = 1;
 264              		.loc 1 75 0
ARM GAS  C:\Users\mac_000\AppData\Local\Temp\ccwS2uRN.s 			page 7


 265 00c0 0126     		movs	r6, #1
 266 00c2 02E0     		b	.L12
 267              	.L17:
  76:main.c        ****         }
  77:main.c        ****         else {
  78:main.c        ****             rep = 0;
  79:main.c        ****             code = -1;
 268              		.loc 1 79 0
 269 00c4 0124     		movs	r4, #1
 270              	.LVL34:
 271 00c6 6442     		rsbs	r4, r4, #0
  78:main.c        ****             code = -1;
 272              		.loc 1 78 0
 273 00c8 0026     		movs	r6, #0
 274              	.L12:
 275              	.LVL35:
  80:main.c        ****         }
  81:main.c        ****         
  82:main.c        **** 
  83:main.c        ****         if (NCapture >=34) {
 276              		.loc 1 83 0
 277 00ca 212B     		cmp	r3, #33
 278 00cc 18DD     		ble	.L13
 279              	.LVL36:
  84:main.c        ****             b0 = L & 0xff;
  85:main.c        ****             b1 = (L & 0xff00) >> 8;
 280              		.loc 1 85 0
 281 00ce 080A     		lsrs	r0, r1, #8
  86:main.c        ****             b2 = (L & 0xff0000) >> 16;
 282              		.loc 1 86 0
 283 00d0 0A0C     		lsrs	r2, r1, #16
 284              	.LVL37:
  87:main.c        ****             b3 = (L & 0xff000000) >> 24;
 285              		.loc 1 87 0
 286 00d2 0D0E     		lsrs	r5, r1, #24
  88:main.c        ****             if (((b0 ^ (~b1 & 0xff)) | (b2 ^ (~b3 & 0xff))) == 0) {
 287              		.loc 1 88 0
 288 00d4 FF23     		movs	r3, #255
 289 00d6 1F00     		movs	r7, r3
 290 00d8 8743     		bics	r7, r0
 291 00da 3800     		movs	r0, r7
 292 00dc 1F00     		movs	r7, r3
 293 00de 0F40     		ands	r7, r1
 294 00e0 7840     		eors	r0, r7
 295 00e2 1A40     		ands	r2, r3
 296              	.LVL38:
 297 00e4 AB43     		bics	r3, r5
 298 00e6 5340     		eors	r3, r2
 299 00e8 0343     		orrs	r3, r0
 300 00ea 05D1     		bne	.L14
  89:main.c        ****                 code = ((b0 & 0xff) << 8) | (b2 & 0xff);
 301              		.loc 1 89 0
 302 00ec 0C02     		lsls	r4, r1, #8
 303              	.LVL39:
 304 00ee FF23     		movs	r3, #255
 305 00f0 1B02     		lsls	r3, r3, #8
 306 00f2 1C40     		ands	r4, r3
ARM GAS  C:\Users\mac_000\AppData\Local\Temp\ccwS2uRN.s 			page 8


 307 00f4 1443     		orrs	r4, r2
 308              	.LVL40:
 309 00f6 03E0     		b	.L13
 310              	.L14:
  90:main.c        ****             }
  91:main.c        ****             else if (rep == 0) {
 311              		.loc 1 91 0
 312 00f8 002E     		cmp	r6, #0
 313 00fa 01D1     		bne	.L13
  92:main.c        ****                 code = -1;
 314              		.loc 1 92 0
 315 00fc 0124     		movs	r4, #1
 316              	.LVL41:
 317 00fe 6442     		rsbs	r4, r4, #0
 318              	.LVL42:
 319              	.L13:
  93:main.c        ****             }
  94:main.c        ****         }      
  95:main.c        ****         snprintf(buf, 80, "%x, %x\r\n", code, L);
 320              		.loc 1 95 0
 321 0100 0091     		str	r1, [sp]
 322 0102 2300     		movs	r3, r4
 323 0104 084A     		ldr	r2, .L19+16
 324 0106 5021     		movs	r1, #80
 325              	.LVL43:
 326 0108 02A8     		add	r0, sp, #8
 327 010a FFF7FEFF 		bl	snprintf
 328              	.LVL44:
  96:main.c        ****         Puts(buf);
 329              		.loc 1 96 0
 330 010e 02A8     		add	r0, sp, #8
 331 0110 FFF7FEFF 		bl	Puts
 332              	.LVL45:
 333              	.LBE2:
  97:main.c        ****     }
 334              		.loc 1 97 0
 335 0114 81E7     		b	.L15
 336              	.L20:
 337 0116 C046     		.align	2
 338              	.L19:
 339 0118 00000000 		.word	do_capture
 340 011c 00000000 		.word	.LANCHOR0
 341 0120 A8610000 		.word	25000
 342 0124 00000000 		.word	.LC3
 343 0128 10000000 		.word	.LC5
 344              		.cfi_endproc
 345              	.LFE37:
 346              		.size	main, .-main
 347              		.section	.rodata.str1.4,"aMS",%progbits,1
 348              		.align	2
 349              	.LC3:
 350 0000 696E7465 		.ascii	"interrupt %d\015\012\000"
 350      72727570 
 350      74202564 
 350      0D0A00
 351 000f 00       		.space	1
 352              	.LC5:
ARM GAS  C:\Users\mac_000\AppData\Local\Temp\ccwS2uRN.s 			page 9


 353 0010 25782C20 		.ascii	"%x, %x\015\012\000"
 353      25780D0A 
 353      00
 354              		.bss
 355              		.align	2
 356              		.set	.LANCHOR0,. + 0
 357              		.type	NCapture, %object
 358              		.size	NCapture, 4
 359              	NCapture:
 360 0000 00000000 		.space	4
 361              		.type	Capture, %object
 362              		.size	Capture, 200
 363              	Capture:
 364 0004 00000000 		.space	200
 364      00000000 
 364      00000000 
 364      00000000 
 364      00000000 
 365              		.text
 366              	.Letext0:
 367              		.file 2 "Generated_Source\\PSoC4/cytypes.h"
 368              		.file 3 "Generated_Source\\PSoC4/Timer1.h"
 369              		.file 4 "Generated_Source\\PSoC4/UART1_SPI_UART.h"
 370              		.file 5 "Generated_Source\\PSoC4/ISR1.h"
 371              		.file 6 "Generated_Source\\PSoC4/Timer2.h"
 372              		.file 7 "Generated_Source\\PSoC4/IR.h"
 373              		.file 8 "Generated_Source\\PSoC4/LED.h"
 374              		.file 9 "c:\\program files (x86)\\cypress\\psoc creator\\4.3\\psoc creator\\import\\gnu\\arm\\5.4.
 375              		.file 10 "Generated_Source\\PSoC4/UART1.h"
 376              		.section	.debug_info,"",%progbits
 377              	.Ldebug_info0:
 378 0000 2D040000 		.4byte	0x42d
 379 0004 0400     		.2byte	0x4
 380 0006 00000000 		.4byte	.Ldebug_abbrev0
 381 000a 04       		.byte	0x4
 382 000b 01       		.uleb128 0x1
 383 000c BD010000 		.4byte	.LASF41
 384 0010 0C       		.byte	0xc
 385 0011 68020000 		.4byte	.LASF42
 386 0015 2A000000 		.4byte	.LASF43
 387 0019 00000000 		.4byte	.Ldebug_ranges0+0
 388 001d 00000000 		.4byte	0
 389 0021 00000000 		.4byte	.Ldebug_line0
 390 0025 02       		.uleb128 0x2
 391 0026 01       		.byte	0x1
 392 0027 06       		.byte	0x6
 393 0028 C4020000 		.4byte	.LASF0
 394 002c 02       		.uleb128 0x2
 395 002d 01       		.byte	0x1
 396 002e 08       		.byte	0x8
 397 002f FA000000 		.4byte	.LASF1
 398 0033 02       		.uleb128 0x2
 399 0034 02       		.byte	0x2
 400 0035 05       		.byte	0x5
 401 0036 82020000 		.4byte	.LASF2
 402 003a 02       		.uleb128 0x2
 403 003b 02       		.byte	0x2
ARM GAS  C:\Users\mac_000\AppData\Local\Temp\ccwS2uRN.s 			page 10


 404 003c 07       		.byte	0x7
 405 003d 1F010000 		.4byte	.LASF3
 406 0041 02       		.uleb128 0x2
 407 0042 04       		.byte	0x4
 408 0043 05       		.byte	0x5
 409 0044 92020000 		.4byte	.LASF4
 410 0048 02       		.uleb128 0x2
 411 0049 04       		.byte	0x4
 412 004a 07       		.byte	0x7
 413 004b 0D010000 		.4byte	.LASF5
 414 004f 02       		.uleb128 0x2
 415 0050 08       		.byte	0x8
 416 0051 05       		.byte	0x5
 417 0052 00000000 		.4byte	.LASF6
 418 0056 02       		.uleb128 0x2
 419 0057 08       		.byte	0x8
 420 0058 07       		.byte	0x7
 421 0059 81010000 		.4byte	.LASF7
 422 005d 03       		.uleb128 0x3
 423 005e 04       		.byte	0x4
 424 005f 05       		.byte	0x5
 425 0060 696E7400 		.ascii	"int\000"
 426 0064 02       		.uleb128 0x2
 427 0065 04       		.byte	0x4
 428 0066 07       		.byte	0x7
 429 0067 67010000 		.4byte	.LASF8
 430 006b 04       		.uleb128 0x4
 431 006c 8C020000 		.4byte	.LASF12
 432 0070 02       		.byte	0x2
 433 0071 F701     		.2byte	0x1f7
 434 0073 2C000000 		.4byte	0x2c
 435 0077 02       		.uleb128 0x2
 436 0078 04       		.byte	0x4
 437 0079 04       		.byte	0x4
 438 007a E1000000 		.4byte	.LASF9
 439 007e 02       		.uleb128 0x2
 440 007f 08       		.byte	0x8
 441 0080 04       		.byte	0x4
 442 0081 3D010000 		.4byte	.LASF10
 443 0085 02       		.uleb128 0x2
 444 0086 01       		.byte	0x1
 445 0087 08       		.byte	0x8
 446 0088 6F020000 		.4byte	.LASF11
 447 008c 04       		.uleb128 0x4
 448 008d 08010000 		.4byte	.LASF13
 449 0091 02       		.byte	0x2
 450 0092 A102     		.2byte	0x2a1
 451 0094 98000000 		.4byte	0x98
 452 0098 05       		.uleb128 0x5
 453 0099 6B000000 		.4byte	0x6b
 454 009d 02       		.uleb128 0x2
 455 009e 08       		.byte	0x8
 456 009f 04       		.byte	0x4
 457 00a0 AC020000 		.4byte	.LASF14
 458 00a4 02       		.uleb128 0x2
 459 00a5 04       		.byte	0x4
 460 00a6 07       		.byte	0x7
ARM GAS  C:\Users\mac_000\AppData\Local\Temp\ccwS2uRN.s 			page 11


 461 00a7 5F020000 		.4byte	.LASF15
 462 00ab 06       		.uleb128 0x6
 463 00ac 04       		.byte	0x4
 464 00ad B1000000 		.4byte	0xb1
 465 00b1 07       		.uleb128 0x7
 466 00b2 85000000 		.4byte	0x85
 467 00b6 08       		.uleb128 0x8
 468 00b7 32010000 		.4byte	.LASF16
 469 00bb 01       		.byte	0x1
 470 00bc 0F       		.byte	0xf
 471 00bd 00000000 		.4byte	.LFB35
 472 00c1 24000000 		.4byte	.LFE35-.LFB35
 473 00c5 01       		.uleb128 0x1
 474 00c6 9C       		.byte	0x9c
 475 00c7 D5000000 		.4byte	0xd5
 476 00cb 09       		.uleb128 0x9
 477 00cc 12000000 		.4byte	.LVL0
 478 00d0 5E030000 		.4byte	0x35e
 479 00d4 00       		.byte	0
 480 00d5 08       		.uleb128 0x8
 481 00d6 25000000 		.4byte	.LASF17
 482 00da 01       		.byte	0x1
 483 00db 14       		.byte	0x14
 484 00dc 00000000 		.4byte	.LFB36
 485 00e0 08000000 		.4byte	.LFE36-.LFB36
 486 00e4 01       		.uleb128 0x1
 487 00e5 9C       		.byte	0x9c
 488 00e6 09010000 		.4byte	0x109
 489 00ea 0A       		.uleb128 0xa
 490 00eb 7300     		.ascii	"s\000"
 491 00ed 01       		.byte	0x1
 492 00ee 14       		.byte	0x14
 493 00ef AB000000 		.4byte	0xab
 494 00f3 00000000 		.4byte	.LLST0
 495 00f7 0B       		.uleb128 0xb
 496 00f8 06000000 		.4byte	.LVL2
 497 00fc 69030000 		.4byte	0x369
 498 0100 0C       		.uleb128 0xc
 499 0101 01       		.uleb128 0x1
 500 0102 50       		.byte	0x50
 501 0103 03       		.uleb128 0x3
 502 0104 F3       		.byte	0xf3
 503 0105 01       		.uleb128 0x1
 504 0106 50       		.byte	0x50
 505 0107 00       		.byte	0
 506 0108 00       		.byte	0
 507 0109 0D       		.uleb128 0xd
 508 010a 56010000 		.4byte	.LASF44
 509 010e 01       		.byte	0x1
 510 010f 18       		.byte	0x18
 511 0110 5D000000 		.4byte	0x5d
 512 0114 00000000 		.4byte	.LFB37
 513 0118 2C010000 		.4byte	.LFE37-.LFB37
 514 011c 01       		.uleb128 0x1
 515 011d 9C       		.byte	0x9c
 516 011e 1C030000 		.4byte	0x31c
 517 0122 0E       		.uleb128 0xe
ARM GAS  C:\Users\mac_000\AppData\Local\Temp\ccwS2uRN.s 			page 12


 518 0123 62756600 		.ascii	"buf\000"
 519 0127 01       		.byte	0x1
 520 0128 1A       		.byte	0x1a
 521 0129 1C030000 		.4byte	0x31c
 522 012d 03       		.uleb128 0x3
 523 012e 91       		.byte	0x91
 524 012f 987F     		.sleb128 -104
 525 0131 0E       		.uleb128 0xe
 526 0132 72657000 		.ascii	"rep\000"
 527 0136 01       		.byte	0x1
 528 0137 1B       		.byte	0x1b
 529 0138 64000000 		.4byte	0x64
 530 013c 01       		.uleb128 0x1
 531 013d 56       		.byte	0x56
 532 013e 0F       		.uleb128 0xf
 533 013f 51010000 		.4byte	.LASF18
 534 0143 01       		.byte	0x1
 535 0144 1B       		.byte	0x1b
 536 0145 64000000 		.4byte	0x64
 537 0149 21000000 		.4byte	.LLST1
 538 014d 10       		.uleb128 0x10
 539 014e 623000   		.ascii	"b0\000"
 540 0151 01       		.byte	0x1
 541 0152 1C       		.byte	0x1c
 542 0153 2C000000 		.4byte	0x2c
 543 0157 61000000 		.4byte	.LLST2
 544 015b 11       		.uleb128 0x11
 545 015c 623100   		.ascii	"b1\000"
 546 015f 01       		.byte	0x1
 547 0160 1C       		.byte	0x1c
 548 0161 2C000000 		.4byte	0x2c
 549 0165 10       		.uleb128 0x10
 550 0166 623200   		.ascii	"b2\000"
 551 0169 01       		.byte	0x1
 552 016a 1C       		.byte	0x1c
 553 016b 2C000000 		.4byte	0x2c
 554 016f 74000000 		.4byte	.LLST3
 555 0173 11       		.uleb128 0x11
 556 0174 623300   		.ascii	"b3\000"
 557 0177 01       		.byte	0x1
 558 0178 1C       		.byte	0x1c
 559 0179 2C000000 		.4byte	0x2c
 560 017d 10       		.uleb128 0x10
 561 017e 6900     		.ascii	"i\000"
 562 0180 01       		.byte	0x1
 563 0181 1E       		.byte	0x1e
 564 0182 5D000000 		.4byte	0x5d
 565 0186 96000000 		.4byte	.LLST4
 566 018a 12       		.uleb128 0x12
 567 018b 1A000000 		.4byte	.LBB2
 568 018f FA000000 		.4byte	.LBE2-.LBB2
 569 0193 ED020000 		.4byte	0x2ed
 570 0197 10       		.uleb128 0x10
 571 0198 4C00     		.ascii	"L\000"
 572 019a 01       		.byte	0x1
 573 019b 3A       		.byte	0x3a
 574 019c 64000000 		.4byte	0x64
ARM GAS  C:\Users\mac_000\AppData\Local\Temp\ccwS2uRN.s 			page 13


 575 01a0 B5000000 		.4byte	.LLST5
 576 01a4 12       		.uleb128 0x12
 577 01a5 88000000 		.4byte	.LBB3
 578 01a9 2A000000 		.4byte	.LBE3-.LBB3
 579 01ad D0010000 		.4byte	0x1d0
 580 01b1 10       		.uleb128 0x10
 581 01b2 62697400 		.ascii	"bit\000"
 582 01b6 01       		.byte	0x1
 583 01b7 3C       		.byte	0x3c
 584 01b8 48000000 		.4byte	0x48
 585 01bc E0000000 		.4byte	.LLST6
 586 01c0 0F       		.uleb128 0xf
 587 01c1 A5000000 		.4byte	.LASF19
 588 01c5 01       		.byte	0x1
 589 01c6 3D       		.byte	0x3d
 590 01c7 5D000000 		.4byte	0x5d
 591 01cb F3000000 		.4byte	.LLST7
 592 01cf 00       		.byte	0
 593 01d0 09       		.uleb128 0x9
 594 01d1 1E000000 		.4byte	.LVL9
 595 01d5 75030000 		.4byte	0x375
 596 01d9 09       		.uleb128 0x9
 597 01da 22000000 		.4byte	.LVL10
 598 01de 80030000 		.4byte	0x380
 599 01e2 09       		.uleb128 0x9
 600 01e3 26000000 		.4byte	.LVL11
 601 01e7 8B030000 		.4byte	0x38b
 602 01eb 09       		.uleb128 0x9
 603 01ec 34000000 		.4byte	.LVL12
 604 01f0 96030000 		.4byte	0x396
 605 01f4 09       		.uleb128 0x9
 606 01f5 38000000 		.4byte	.LVL13
 607 01f9 A1030000 		.4byte	0x3a1
 608 01fd 09       		.uleb128 0x9
 609 01fe 3C000000 		.4byte	.LVL14
 610 0202 AC030000 		.4byte	0x3ac
 611 0206 13       		.uleb128 0x13
 612 0207 44000000 		.4byte	.LVL15
 613 020b B7030000 		.4byte	0x3b7
 614 020f 1A020000 		.4byte	0x21a
 615 0213 0C       		.uleb128 0xc
 616 0214 01       		.uleb128 0x1
 617 0215 50       		.byte	0x50
 618 0216 02       		.uleb128 0x2
 619 0217 75       		.byte	0x75
 620 0218 00       		.sleb128 0
 621 0219 00       		.byte	0
 622 021a 13       		.uleb128 0x13
 623 021b 4A000000 		.4byte	.LVL16
 624 021f C2030000 		.4byte	0x3c2
 625 0223 2E020000 		.4byte	0x22e
 626 0227 0C       		.uleb128 0xc
 627 0228 01       		.uleb128 0x1
 628 0229 50       		.byte	0x50
 629 022a 02       		.uleb128 0x2
 630 022b 75       		.byte	0x75
 631 022c 00       		.sleb128 0
ARM GAS  C:\Users\mac_000\AppData\Local\Temp\ccwS2uRN.s 			page 14


 632 022d 00       		.byte	0
 633 022e 09       		.uleb128 0x9
 634 022f 4E000000 		.4byte	.LVL17
 635 0233 CD030000 		.4byte	0x3cd
 636 0237 09       		.uleb128 0x9
 637 0238 56000000 		.4byte	.LVL18
 638 023c D8030000 		.4byte	0x3d8
 639 0240 13       		.uleb128 0x13
 640 0241 5C000000 		.4byte	.LVL19
 641 0245 E3030000 		.4byte	0x3e3
 642 0249 53020000 		.4byte	0x253
 643 024d 0C       		.uleb128 0xc
 644 024e 01       		.uleb128 0x1
 645 024f 50       		.byte	0x50
 646 0250 01       		.uleb128 0x1
 647 0251 31       		.byte	0x31
 648 0252 00       		.byte	0
 649 0253 09       		.uleb128 0x9
 650 0254 60000000 		.4byte	.LVL20
 651 0258 EE030000 		.4byte	0x3ee
 652 025c 09       		.uleb128 0x9
 653 025d 68000000 		.4byte	.LVL21
 654 0261 75030000 		.4byte	0x375
 655 0265 13       		.uleb128 0x13
 656 0266 6E000000 		.4byte	.LVL22
 657 026a E3030000 		.4byte	0x3e3
 658 026e 78020000 		.4byte	0x278
 659 0272 0C       		.uleb128 0xc
 660 0273 01       		.uleb128 0x1
 661 0274 50       		.byte	0x50
 662 0275 01       		.uleb128 0x1
 663 0276 30       		.byte	0x30
 664 0277 00       		.byte	0
 665 0278 13       		.uleb128 0x13
 666 0279 7C000000 		.4byte	.LVL23
 667 027d F9030000 		.4byte	0x3f9
 668 0281 9C020000 		.4byte	0x29c
 669 0285 0C       		.uleb128 0xc
 670 0286 01       		.uleb128 0x1
 671 0287 50       		.byte	0x50
 672 0288 03       		.uleb128 0x3
 673 0289 91       		.byte	0x91
 674 028a 987F     		.sleb128 -104
 675 028c 0C       		.uleb128 0xc
 676 028d 01       		.uleb128 0x1
 677 028e 51       		.byte	0x51
 678 028f 02       		.uleb128 0x2
 679 0290 08       		.byte	0x8
 680 0291 50       		.byte	0x50
 681 0292 0C       		.uleb128 0xc
 682 0293 01       		.uleb128 0x1
 683 0294 52       		.byte	0x52
 684 0295 05       		.uleb128 0x5
 685 0296 03       		.byte	0x3
 686 0297 00000000 		.4byte	.LC3
 687 029b 00       		.byte	0
 688 029c 13       		.uleb128 0x13
ARM GAS  C:\Users\mac_000\AppData\Local\Temp\ccwS2uRN.s 			page 15


 689 029d 82000000 		.4byte	.LVL24
 690 02a1 D5000000 		.4byte	0xd5
 691 02a5 B1020000 		.4byte	0x2b1
 692 02a9 0C       		.uleb128 0xc
 693 02aa 01       		.uleb128 0x1
 694 02ab 50       		.byte	0x50
 695 02ac 03       		.uleb128 0x3
 696 02ad 91       		.byte	0x91
 697 02ae 987F     		.sleb128 -104
 698 02b0 00       		.byte	0
 699 02b1 13       		.uleb128 0x13
 700 02b2 0E010000 		.4byte	.LVL44
 701 02b6 F9030000 		.4byte	0x3f9
 702 02ba DB020000 		.4byte	0x2db
 703 02be 0C       		.uleb128 0xc
 704 02bf 01       		.uleb128 0x1
 705 02c0 50       		.byte	0x50
 706 02c1 03       		.uleb128 0x3
 707 02c2 91       		.byte	0x91
 708 02c3 987F     		.sleb128 -104
 709 02c5 0C       		.uleb128 0xc
 710 02c6 01       		.uleb128 0x1
 711 02c7 51       		.byte	0x51
 712 02c8 02       		.uleb128 0x2
 713 02c9 08       		.byte	0x8
 714 02ca 50       		.byte	0x50
 715 02cb 0C       		.uleb128 0xc
 716 02cc 01       		.uleb128 0x1
 717 02cd 52       		.byte	0x52
 718 02ce 05       		.uleb128 0x5
 719 02cf 03       		.byte	0x3
 720 02d0 10000000 		.4byte	.LC5
 721 02d4 0C       		.uleb128 0xc
 722 02d5 01       		.uleb128 0x1
 723 02d6 53       		.byte	0x53
 724 02d7 02       		.uleb128 0x2
 725 02d8 74       		.byte	0x74
 726 02d9 00       		.sleb128 0
 727 02da 00       		.byte	0
 728 02db 0B       		.uleb128 0xb
 729 02dc 14010000 		.4byte	.LVL45
 730 02e0 D5000000 		.4byte	0xd5
 731 02e4 0C       		.uleb128 0xc
 732 02e5 01       		.uleb128 0x1
 733 02e6 50       		.byte	0x50
 734 02e7 03       		.uleb128 0x3
 735 02e8 91       		.byte	0x91
 736 02e9 987F     		.sleb128 -104
 737 02eb 00       		.byte	0
 738 02ec 00       		.byte	0
 739 02ed 09       		.uleb128 0x9
 740 02ee 08000000 		.4byte	.LVL4
 741 02f2 04040000 		.4byte	0x404
 742 02f6 09       		.uleb128 0x9
 743 02f7 0C000000 		.4byte	.LVL5
 744 02fb 0F040000 		.4byte	0x40f
 745 02ff 09       		.uleb128 0x9
ARM GAS  C:\Users\mac_000\AppData\Local\Temp\ccwS2uRN.s 			page 16


 746 0300 10000000 		.4byte	.LVL6
 747 0304 1A040000 		.4byte	0x41a
 748 0308 0B       		.uleb128 0xb
 749 0309 16000000 		.4byte	.LVL7
 750 030d 25040000 		.4byte	0x425
 751 0311 0C       		.uleb128 0xc
 752 0312 01       		.uleb128 0x1
 753 0313 50       		.byte	0x50
 754 0314 05       		.uleb128 0x5
 755 0315 03       		.byte	0x3
 756 0316 00000000 		.4byte	do_capture
 757 031a 00       		.byte	0
 758 031b 00       		.byte	0
 759 031c 14       		.uleb128 0x14
 760 031d 85000000 		.4byte	0x85
 761 0321 2C030000 		.4byte	0x32c
 762 0325 15       		.uleb128 0x15
 763 0326 A4000000 		.4byte	0xa4
 764 032a 4F       		.byte	0x4f
 765 032b 00       		.byte	0
 766 032c 14       		.uleb128 0x14
 767 032d 33000000 		.4byte	0x33
 768 0331 3C030000 		.4byte	0x33c
 769 0335 15       		.uleb128 0x15
 770 0336 A4000000 		.4byte	0xa4
 771 033a 63       		.byte	0x63
 772 033b 00       		.byte	0
 773 033c 16       		.uleb128 0x16
 774 033d B2000000 		.4byte	.LASF20
 775 0341 01       		.byte	0x1
 776 0342 0C       		.byte	0xc
 777 0343 2C030000 		.4byte	0x32c
 778 0347 05       		.uleb128 0x5
 779 0348 03       		.byte	0x3
 780 0349 04000000 		.4byte	Capture
 781 034d 16       		.uleb128 0x16
 782 034e D0020000 		.4byte	.LASF21
 783 0352 01       		.byte	0x1
 784 0353 0D       		.byte	0xd
 785 0354 5D000000 		.4byte	0x5d
 786 0358 05       		.uleb128 0x5
 787 0359 03       		.byte	0x3
 788 035a 00000000 		.4byte	NCapture
 789 035e 17       		.uleb128 0x17
 790 035f 69000000 		.4byte	.LASF22
 791 0363 69000000 		.4byte	.LASF22
 792 0367 03       		.byte	0x3
 793 0368 6B       		.byte	0x6b
 794 0369 18       		.uleb128 0x18
 795 036a 91000000 		.4byte	.LASF23
 796 036e 91000000 		.4byte	.LASF23
 797 0372 04       		.byte	0x4
 798 0373 2A03     		.2byte	0x32a
 799 0375 17       		.uleb128 0x17
 800 0376 BA000000 		.4byte	.LASF24
 801 037a BA000000 		.4byte	.LASF24
 802 037e 05       		.byte	0x5
ARM GAS  C:\Users\mac_000\AppData\Local\Temp\ccwS2uRN.s 			page 17


 803 037f 25       		.byte	0x25
 804 0380 17       		.uleb128 0x17
 805 0381 AB010000 		.4byte	.LASF25
 806 0385 AB010000 		.4byte	.LASF25
 807 0389 05       		.byte	0x5
 808 038a 28       		.byte	0x28
 809 038b 17       		.uleb128 0x17
 810 038c C7000000 		.4byte	.LASF26
 811 0390 C7000000 		.4byte	.LASF26
 812 0394 06       		.byte	0x6
 813 0395 5E       		.byte	0x5e
 814 0396 17       		.uleb128 0x17
 815 0397 9B020000 		.4byte	.LASF27
 816 039b 9B020000 		.4byte	.LASF27
 817 039f 03       		.byte	0x3
 818 03a0 86       		.byte	0x86
 819 03a1 17       		.uleb128 0x17
 820 03a2 5B010000 		.4byte	.LASF28
 821 03a6 5B010000 		.4byte	.LASF28
 822 03aa 03       		.byte	0x3
 823 03ab 8A       		.byte	0x8a
 824 03ac 17       		.uleb128 0x17
 825 03ad 74020000 		.4byte	.LASF29
 826 03b1 74020000 		.4byte	.LASF29
 827 03b5 03       		.byte	0x3
 828 03b6 8B       		.byte	0x8b
 829 03b7 17       		.uleb128 0x17
 830 03b8 4B020000 		.4byte	.LASF30
 831 03bc 4B020000 		.4byte	.LASF30
 832 03c0 03       		.byte	0x3
 833 03c1 6A       		.byte	0x6a
 834 03c2 17       		.uleb128 0x17
 835 03c3 98010000 		.4byte	.LASF31
 836 03c7 98010000 		.4byte	.LASF31
 837 03cb 03       		.byte	0x3
 838 03cc 68       		.byte	0x68
 839 03cd 17       		.uleb128 0x17
 840 03ce AA000000 		.4byte	.LASF32
 841 03d2 AA000000 		.4byte	.LASF32
 842 03d6 07       		.byte	0x7
 843 03d7 32       		.byte	0x32
 844 03d8 17       		.uleb128 0x17
 845 03d9 7C000000 		.4byte	.LASF33
 846 03dd 7C000000 		.4byte	.LASF33
 847 03e1 05       		.byte	0x5
 848 03e2 23       		.byte	0x23
 849 03e3 17       		.uleb128 0x17
 850 03e4 1B000000 		.4byte	.LASF34
 851 03e8 1B000000 		.4byte	.LASF34
 852 03ec 08       		.byte	0x8
 853 03ed 33       		.byte	0x33
 854 03ee 17       		.uleb128 0x17
 855 03ef E7000000 		.4byte	.LASF35
 856 03f3 E7000000 		.4byte	.LASF35
 857 03f7 03       		.byte	0x3
 858 03f8 69       		.byte	0x69
 859 03f9 17       		.uleb128 0x17
ARM GAS  C:\Users\mac_000\AppData\Local\Temp\ccwS2uRN.s 			page 18


 860 03fa 88000000 		.4byte	.LASF36
 861 03fe 88000000 		.4byte	.LASF36
 862 0402 09       		.byte	0x9
 863 0403 FD       		.byte	0xfd
 864 0404 17       		.uleb128 0x17
 865 0405 B8020000 		.4byte	.LASF37
 866 0409 B8020000 		.4byte	.LASF37
 867 040d 0A       		.byte	0xa
 868 040e 72       		.byte	0x72
 869 040f 17       		.uleb128 0x17
 870 0410 44010000 		.4byte	.LASF38
 871 0414 44010000 		.4byte	.LASF38
 872 0418 03       		.byte	0x3
 873 0419 5A       		.byte	0x5a
 874 041a 17       		.uleb128 0x17
 875 041b 74010000 		.4byte	.LASF39
 876 041f 74010000 		.4byte	.LASF39
 877 0423 06       		.byte	0x6
 878 0424 5A       		.byte	0x5a
 879 0425 17       		.uleb128 0x17
 880 0426 0E000000 		.4byte	.LASF40
 881 042a 0E000000 		.4byte	.LASF40
 882 042e 05       		.byte	0x5
 883 042f 18       		.byte	0x18
 884 0430 00       		.byte	0
 885              		.section	.debug_abbrev,"",%progbits
 886              	.Ldebug_abbrev0:
 887 0000 01       		.uleb128 0x1
 888 0001 11       		.uleb128 0x11
 889 0002 01       		.byte	0x1
 890 0003 25       		.uleb128 0x25
 891 0004 0E       		.uleb128 0xe
 892 0005 13       		.uleb128 0x13
 893 0006 0B       		.uleb128 0xb
 894 0007 03       		.uleb128 0x3
 895 0008 0E       		.uleb128 0xe
 896 0009 1B       		.uleb128 0x1b
 897 000a 0E       		.uleb128 0xe
 898 000b 55       		.uleb128 0x55
 899 000c 17       		.uleb128 0x17
 900 000d 11       		.uleb128 0x11
 901 000e 01       		.uleb128 0x1
 902 000f 10       		.uleb128 0x10
 903 0010 17       		.uleb128 0x17
 904 0011 00       		.byte	0
 905 0012 00       		.byte	0
 906 0013 02       		.uleb128 0x2
 907 0014 24       		.uleb128 0x24
 908 0015 00       		.byte	0
 909 0016 0B       		.uleb128 0xb
 910 0017 0B       		.uleb128 0xb
 911 0018 3E       		.uleb128 0x3e
 912 0019 0B       		.uleb128 0xb
 913 001a 03       		.uleb128 0x3
 914 001b 0E       		.uleb128 0xe
 915 001c 00       		.byte	0
 916 001d 00       		.byte	0
ARM GAS  C:\Users\mac_000\AppData\Local\Temp\ccwS2uRN.s 			page 19


 917 001e 03       		.uleb128 0x3
 918 001f 24       		.uleb128 0x24
 919 0020 00       		.byte	0
 920 0021 0B       		.uleb128 0xb
 921 0022 0B       		.uleb128 0xb
 922 0023 3E       		.uleb128 0x3e
 923 0024 0B       		.uleb128 0xb
 924 0025 03       		.uleb128 0x3
 925 0026 08       		.uleb128 0x8
 926 0027 00       		.byte	0
 927 0028 00       		.byte	0
 928 0029 04       		.uleb128 0x4
 929 002a 16       		.uleb128 0x16
 930 002b 00       		.byte	0
 931 002c 03       		.uleb128 0x3
 932 002d 0E       		.uleb128 0xe
 933 002e 3A       		.uleb128 0x3a
 934 002f 0B       		.uleb128 0xb
 935 0030 3B       		.uleb128 0x3b
 936 0031 05       		.uleb128 0x5
 937 0032 49       		.uleb128 0x49
 938 0033 13       		.uleb128 0x13
 939 0034 00       		.byte	0
 940 0035 00       		.byte	0
 941 0036 05       		.uleb128 0x5
 942 0037 35       		.uleb128 0x35
 943 0038 00       		.byte	0
 944 0039 49       		.uleb128 0x49
 945 003a 13       		.uleb128 0x13
 946 003b 00       		.byte	0
 947 003c 00       		.byte	0
 948 003d 06       		.uleb128 0x6
 949 003e 0F       		.uleb128 0xf
 950 003f 00       		.byte	0
 951 0040 0B       		.uleb128 0xb
 952 0041 0B       		.uleb128 0xb
 953 0042 49       		.uleb128 0x49
 954 0043 13       		.uleb128 0x13
 955 0044 00       		.byte	0
 956 0045 00       		.byte	0
 957 0046 07       		.uleb128 0x7
 958 0047 26       		.uleb128 0x26
 959 0048 00       		.byte	0
 960 0049 49       		.uleb128 0x49
 961 004a 13       		.uleb128 0x13
 962 004b 00       		.byte	0
 963 004c 00       		.byte	0
 964 004d 08       		.uleb128 0x8
 965 004e 2E       		.uleb128 0x2e
 966 004f 01       		.byte	0x1
 967 0050 3F       		.uleb128 0x3f
 968 0051 19       		.uleb128 0x19
 969 0052 03       		.uleb128 0x3
 970 0053 0E       		.uleb128 0xe
 971 0054 3A       		.uleb128 0x3a
 972 0055 0B       		.uleb128 0xb
 973 0056 3B       		.uleb128 0x3b
ARM GAS  C:\Users\mac_000\AppData\Local\Temp\ccwS2uRN.s 			page 20


 974 0057 0B       		.uleb128 0xb
 975 0058 27       		.uleb128 0x27
 976 0059 19       		.uleb128 0x19
 977 005a 11       		.uleb128 0x11
 978 005b 01       		.uleb128 0x1
 979 005c 12       		.uleb128 0x12
 980 005d 06       		.uleb128 0x6
 981 005e 40       		.uleb128 0x40
 982 005f 18       		.uleb128 0x18
 983 0060 9742     		.uleb128 0x2117
 984 0062 19       		.uleb128 0x19
 985 0063 01       		.uleb128 0x1
 986 0064 13       		.uleb128 0x13
 987 0065 00       		.byte	0
 988 0066 00       		.byte	0
 989 0067 09       		.uleb128 0x9
 990 0068 898201   		.uleb128 0x4109
 991 006b 00       		.byte	0
 992 006c 11       		.uleb128 0x11
 993 006d 01       		.uleb128 0x1
 994 006e 31       		.uleb128 0x31
 995 006f 13       		.uleb128 0x13
 996 0070 00       		.byte	0
 997 0071 00       		.byte	0
 998 0072 0A       		.uleb128 0xa
 999 0073 05       		.uleb128 0x5
 1000 0074 00       		.byte	0
 1001 0075 03       		.uleb128 0x3
 1002 0076 08       		.uleb128 0x8
 1003 0077 3A       		.uleb128 0x3a
 1004 0078 0B       		.uleb128 0xb
 1005 0079 3B       		.uleb128 0x3b
 1006 007a 0B       		.uleb128 0xb
 1007 007b 49       		.uleb128 0x49
 1008 007c 13       		.uleb128 0x13
 1009 007d 02       		.uleb128 0x2
 1010 007e 17       		.uleb128 0x17
 1011 007f 00       		.byte	0
 1012 0080 00       		.byte	0
 1013 0081 0B       		.uleb128 0xb
 1014 0082 898201   		.uleb128 0x4109
 1015 0085 01       		.byte	0x1
 1016 0086 11       		.uleb128 0x11
 1017 0087 01       		.uleb128 0x1
 1018 0088 31       		.uleb128 0x31
 1019 0089 13       		.uleb128 0x13
 1020 008a 00       		.byte	0
 1021 008b 00       		.byte	0
 1022 008c 0C       		.uleb128 0xc
 1023 008d 8A8201   		.uleb128 0x410a
 1024 0090 00       		.byte	0
 1025 0091 02       		.uleb128 0x2
 1026 0092 18       		.uleb128 0x18
 1027 0093 9142     		.uleb128 0x2111
 1028 0095 18       		.uleb128 0x18
 1029 0096 00       		.byte	0
 1030 0097 00       		.byte	0
ARM GAS  C:\Users\mac_000\AppData\Local\Temp\ccwS2uRN.s 			page 21


 1031 0098 0D       		.uleb128 0xd
 1032 0099 2E       		.uleb128 0x2e
 1033 009a 01       		.byte	0x1
 1034 009b 3F       		.uleb128 0x3f
 1035 009c 19       		.uleb128 0x19
 1036 009d 03       		.uleb128 0x3
 1037 009e 0E       		.uleb128 0xe
 1038 009f 3A       		.uleb128 0x3a
 1039 00a0 0B       		.uleb128 0xb
 1040 00a1 3B       		.uleb128 0x3b
 1041 00a2 0B       		.uleb128 0xb
 1042 00a3 27       		.uleb128 0x27
 1043 00a4 19       		.uleb128 0x19
 1044 00a5 49       		.uleb128 0x49
 1045 00a6 13       		.uleb128 0x13
 1046 00a7 8701     		.uleb128 0x87
 1047 00a9 19       		.uleb128 0x19
 1048 00aa 11       		.uleb128 0x11
 1049 00ab 01       		.uleb128 0x1
 1050 00ac 12       		.uleb128 0x12
 1051 00ad 06       		.uleb128 0x6
 1052 00ae 40       		.uleb128 0x40
 1053 00af 18       		.uleb128 0x18
 1054 00b0 9742     		.uleb128 0x2117
 1055 00b2 19       		.uleb128 0x19
 1056 00b3 01       		.uleb128 0x1
 1057 00b4 13       		.uleb128 0x13
 1058 00b5 00       		.byte	0
 1059 00b6 00       		.byte	0
 1060 00b7 0E       		.uleb128 0xe
 1061 00b8 34       		.uleb128 0x34
 1062 00b9 00       		.byte	0
 1063 00ba 03       		.uleb128 0x3
 1064 00bb 08       		.uleb128 0x8
 1065 00bc 3A       		.uleb128 0x3a
 1066 00bd 0B       		.uleb128 0xb
 1067 00be 3B       		.uleb128 0x3b
 1068 00bf 0B       		.uleb128 0xb
 1069 00c0 49       		.uleb128 0x49
 1070 00c1 13       		.uleb128 0x13
 1071 00c2 02       		.uleb128 0x2
 1072 00c3 18       		.uleb128 0x18
 1073 00c4 00       		.byte	0
 1074 00c5 00       		.byte	0
 1075 00c6 0F       		.uleb128 0xf
 1076 00c7 34       		.uleb128 0x34
 1077 00c8 00       		.byte	0
 1078 00c9 03       		.uleb128 0x3
 1079 00ca 0E       		.uleb128 0xe
 1080 00cb 3A       		.uleb128 0x3a
 1081 00cc 0B       		.uleb128 0xb
 1082 00cd 3B       		.uleb128 0x3b
 1083 00ce 0B       		.uleb128 0xb
 1084 00cf 49       		.uleb128 0x49
 1085 00d0 13       		.uleb128 0x13
 1086 00d1 02       		.uleb128 0x2
 1087 00d2 17       		.uleb128 0x17
ARM GAS  C:\Users\mac_000\AppData\Local\Temp\ccwS2uRN.s 			page 22


 1088 00d3 00       		.byte	0
 1089 00d4 00       		.byte	0
 1090 00d5 10       		.uleb128 0x10
 1091 00d6 34       		.uleb128 0x34
 1092 00d7 00       		.byte	0
 1093 00d8 03       		.uleb128 0x3
 1094 00d9 08       		.uleb128 0x8
 1095 00da 3A       		.uleb128 0x3a
 1096 00db 0B       		.uleb128 0xb
 1097 00dc 3B       		.uleb128 0x3b
 1098 00dd 0B       		.uleb128 0xb
 1099 00de 49       		.uleb128 0x49
 1100 00df 13       		.uleb128 0x13
 1101 00e0 02       		.uleb128 0x2
 1102 00e1 17       		.uleb128 0x17
 1103 00e2 00       		.byte	0
 1104 00e3 00       		.byte	0
 1105 00e4 11       		.uleb128 0x11
 1106 00e5 34       		.uleb128 0x34
 1107 00e6 00       		.byte	0
 1108 00e7 03       		.uleb128 0x3
 1109 00e8 08       		.uleb128 0x8
 1110 00e9 3A       		.uleb128 0x3a
 1111 00ea 0B       		.uleb128 0xb
 1112 00eb 3B       		.uleb128 0x3b
 1113 00ec 0B       		.uleb128 0xb
 1114 00ed 49       		.uleb128 0x49
 1115 00ee 13       		.uleb128 0x13
 1116 00ef 00       		.byte	0
 1117 00f0 00       		.byte	0
 1118 00f1 12       		.uleb128 0x12
 1119 00f2 0B       		.uleb128 0xb
 1120 00f3 01       		.byte	0x1
 1121 00f4 11       		.uleb128 0x11
 1122 00f5 01       		.uleb128 0x1
 1123 00f6 12       		.uleb128 0x12
 1124 00f7 06       		.uleb128 0x6
 1125 00f8 01       		.uleb128 0x1
 1126 00f9 13       		.uleb128 0x13
 1127 00fa 00       		.byte	0
 1128 00fb 00       		.byte	0
 1129 00fc 13       		.uleb128 0x13
 1130 00fd 898201   		.uleb128 0x4109
 1131 0100 01       		.byte	0x1
 1132 0101 11       		.uleb128 0x11
 1133 0102 01       		.uleb128 0x1
 1134 0103 31       		.uleb128 0x31
 1135 0104 13       		.uleb128 0x13
 1136 0105 01       		.uleb128 0x1
 1137 0106 13       		.uleb128 0x13
 1138 0107 00       		.byte	0
 1139 0108 00       		.byte	0
 1140 0109 14       		.uleb128 0x14
 1141 010a 01       		.uleb128 0x1
 1142 010b 01       		.byte	0x1
 1143 010c 49       		.uleb128 0x49
 1144 010d 13       		.uleb128 0x13
ARM GAS  C:\Users\mac_000\AppData\Local\Temp\ccwS2uRN.s 			page 23


 1145 010e 01       		.uleb128 0x1
 1146 010f 13       		.uleb128 0x13
 1147 0110 00       		.byte	0
 1148 0111 00       		.byte	0
 1149 0112 15       		.uleb128 0x15
 1150 0113 21       		.uleb128 0x21
 1151 0114 00       		.byte	0
 1152 0115 49       		.uleb128 0x49
 1153 0116 13       		.uleb128 0x13
 1154 0117 2F       		.uleb128 0x2f
 1155 0118 0B       		.uleb128 0xb
 1156 0119 00       		.byte	0
 1157 011a 00       		.byte	0
 1158 011b 16       		.uleb128 0x16
 1159 011c 34       		.uleb128 0x34
 1160 011d 00       		.byte	0
 1161 011e 03       		.uleb128 0x3
 1162 011f 0E       		.uleb128 0xe
 1163 0120 3A       		.uleb128 0x3a
 1164 0121 0B       		.uleb128 0xb
 1165 0122 3B       		.uleb128 0x3b
 1166 0123 0B       		.uleb128 0xb
 1167 0124 49       		.uleb128 0x49
 1168 0125 13       		.uleb128 0x13
 1169 0126 02       		.uleb128 0x2
 1170 0127 18       		.uleb128 0x18
 1171 0128 00       		.byte	0
 1172 0129 00       		.byte	0
 1173 012a 17       		.uleb128 0x17
 1174 012b 2E       		.uleb128 0x2e
 1175 012c 00       		.byte	0
 1176 012d 3F       		.uleb128 0x3f
 1177 012e 19       		.uleb128 0x19
 1178 012f 3C       		.uleb128 0x3c
 1179 0130 19       		.uleb128 0x19
 1180 0131 6E       		.uleb128 0x6e
 1181 0132 0E       		.uleb128 0xe
 1182 0133 03       		.uleb128 0x3
 1183 0134 0E       		.uleb128 0xe
 1184 0135 3A       		.uleb128 0x3a
 1185 0136 0B       		.uleb128 0xb
 1186 0137 3B       		.uleb128 0x3b
 1187 0138 0B       		.uleb128 0xb
 1188 0139 00       		.byte	0
 1189 013a 00       		.byte	0
 1190 013b 18       		.uleb128 0x18
 1191 013c 2E       		.uleb128 0x2e
 1192 013d 00       		.byte	0
 1193 013e 3F       		.uleb128 0x3f
 1194 013f 19       		.uleb128 0x19
 1195 0140 3C       		.uleb128 0x3c
 1196 0141 19       		.uleb128 0x19
 1197 0142 6E       		.uleb128 0x6e
 1198 0143 0E       		.uleb128 0xe
 1199 0144 03       		.uleb128 0x3
 1200 0145 0E       		.uleb128 0xe
 1201 0146 3A       		.uleb128 0x3a
ARM GAS  C:\Users\mac_000\AppData\Local\Temp\ccwS2uRN.s 			page 24


 1202 0147 0B       		.uleb128 0xb
 1203 0148 3B       		.uleb128 0x3b
 1204 0149 05       		.uleb128 0x5
 1205 014a 00       		.byte	0
 1206 014b 00       		.byte	0
 1207 014c 00       		.byte	0
 1208              		.section	.debug_loc,"",%progbits
 1209              	.Ldebug_loc0:
 1210              	.LLST0:
 1211 0000 00000000 		.4byte	.LVL1
 1212 0004 05000000 		.4byte	.LVL2-1
 1213 0008 0100     		.2byte	0x1
 1214 000a 50       		.byte	0x50
 1215 000b 05000000 		.4byte	.LVL2-1
 1216 000f 08000000 		.4byte	.LFE36
 1217 0013 0400     		.2byte	0x4
 1218 0015 F3       		.byte	0xf3
 1219 0016 01       		.uleb128 0x1
 1220 0017 50       		.byte	0x50
 1221 0018 9F       		.byte	0x9f
 1222 0019 00000000 		.4byte	0
 1223 001d 00000000 		.4byte	0
 1224              	.LLST1:
 1225 0021 04000000 		.4byte	.LVL3
 1226 0025 1A000000 		.4byte	.LVL8
 1227 0029 0200     		.2byte	0x2
 1228 002b 30       		.byte	0x30
 1229 002c 9F       		.byte	0x9f
 1230 002d 1A000000 		.4byte	.LVL8
 1231 0031 C6000000 		.4byte	.LVL34
 1232 0035 0100     		.2byte	0x1
 1233 0037 54       		.byte	0x54
 1234 0038 CA000000 		.4byte	.LVL35
 1235 003c EE000000 		.4byte	.LVL39
 1236 0040 0100     		.2byte	0x1
 1237 0042 54       		.byte	0x54
 1238 0043 F6000000 		.4byte	.LVL40
 1239 0047 FE000000 		.4byte	.LVL41
 1240 004b 0100     		.2byte	0x1
 1241 004d 54       		.byte	0x54
 1242 004e 00010000 		.4byte	.LVL42
 1243 0052 2C010000 		.4byte	.LFE37
 1244 0056 0100     		.2byte	0x1
 1245 0058 54       		.byte	0x54
 1246 0059 00000000 		.4byte	0
 1247 005d 00000000 		.4byte	0
 1248              	.LLST2:
 1249 0061 CE000000 		.4byte	.LVL36
 1250 0065 00010000 		.4byte	.LVL42
 1251 0069 0100     		.2byte	0x1
 1252 006b 51       		.byte	0x51
 1253 006c 00000000 		.4byte	0
 1254 0070 00000000 		.4byte	0
 1255              	.LLST3:
 1256 0074 D2000000 		.4byte	.LVL37
 1257 0078 E4000000 		.4byte	.LVL38
 1258 007c 0100     		.2byte	0x1
ARM GAS  C:\Users\mac_000\AppData\Local\Temp\ccwS2uRN.s 			page 25


 1259 007e 52       		.byte	0x52
 1260 007f E4000000 		.4byte	.LVL38
 1261 0083 00010000 		.4byte	.LVL42
 1262 0087 0500     		.2byte	0x5
 1263 0089 71       		.byte	0x71
 1264 008a 00       		.sleb128 0
 1265 008b 40       		.byte	0x40
 1266 008c 25       		.byte	0x25
 1267 008d 9F       		.byte	0x9f
 1268 008e 00000000 		.4byte	0
 1269 0092 00000000 		.4byte	0
 1270              	.LLST4:
 1271 0096 82000000 		.4byte	.LVL24
 1272 009a 88000000 		.4byte	.LVL25
 1273 009e 0200     		.2byte	0x2
 1274 00a0 31       		.byte	0x31
 1275 00a1 9F       		.byte	0x9f
 1276 00a2 88000000 		.4byte	.LVL25
 1277 00a6 D2000000 		.4byte	.LVL37
 1278 00aa 0100     		.2byte	0x1
 1279 00ac 52       		.byte	0x52
 1280 00ad 00000000 		.4byte	0
 1281 00b1 00000000 		.4byte	0
 1282              	.LLST5:
 1283 00b5 82000000 		.4byte	.LVL24
 1284 00b9 88000000 		.4byte	.LVL25
 1285 00bd 0200     		.2byte	0x2
 1286 00bf 30       		.byte	0x30
 1287 00c0 9F       		.byte	0x9f
 1288 00c1 88000000 		.4byte	.LVL25
 1289 00c5 08010000 		.4byte	.LVL43
 1290 00c9 0100     		.2byte	0x1
 1291 00cb 51       		.byte	0x51
 1292 00cc 08010000 		.4byte	.LVL43
 1293 00d0 0D010000 		.4byte	.LVL44-1
 1294 00d4 0200     		.2byte	0x2
 1295 00d6 7D       		.byte	0x7d
 1296 00d7 00       		.sleb128 0
 1297 00d8 00000000 		.4byte	0
 1298 00dc 00000000 		.4byte	0
 1299              	.LLST6:
 1300 00e0 AE000000 		.4byte	.LVL30
 1301 00e4 B4000000 		.4byte	.LVL33
 1302 00e8 0100     		.2byte	0x1
 1303 00ea 53       		.byte	0x53
 1304 00eb 00000000 		.4byte	0
 1305 00ef 00000000 		.4byte	0
 1306              	.LLST7:
 1307 00f3 9E000000 		.4byte	.LVL26
 1308 00f7 A8000000 		.4byte	.LVL27
 1309 00fb 0100     		.2byte	0x1
 1310 00fd 53       		.byte	0x53
 1311 00fe A8000000 		.4byte	.LVL27
 1312 0102 AA000000 		.4byte	.LVL28
 1313 0106 2200     		.2byte	0x22
 1314 0108 72       		.byte	0x72
 1315 0109 7F       		.sleb128 -1
ARM GAS  C:\Users\mac_000\AppData\Local\Temp\ccwS2uRN.s 			page 26


 1316 010a 31       		.byte	0x31
 1317 010b 24       		.byte	0x24
 1318 010c 03       		.byte	0x3
 1319 010d 04000000 		.4byte	.LANCHOR0+4
 1320 0111 22       		.byte	0x22
 1321 0112 94       		.byte	0x94
 1322 0113 02       		.byte	0x2
 1323 0114 40       		.byte	0x40
 1324 0115 24       		.byte	0x24
 1325 0116 40       		.byte	0x40
 1326 0117 26       		.byte	0x26
 1327 0118 72       		.byte	0x72
 1328 0119 00       		.sleb128 0
 1329 011a 31       		.byte	0x31
 1330 011b 24       		.byte	0x24
 1331 011c 03       		.byte	0x3
 1332 011d 04000000 		.4byte	.LANCHOR0+4
 1333 0121 22       		.byte	0x22
 1334 0122 94       		.byte	0x94
 1335 0123 02       		.byte	0x2
 1336 0124 40       		.byte	0x40
 1337 0125 24       		.byte	0x24
 1338 0126 40       		.byte	0x40
 1339 0127 26       		.byte	0x26
 1340 0128 1C       		.byte	0x1c
 1341 0129 9F       		.byte	0x9f
 1342 012a AA000000 		.4byte	.LVL28
 1343 012e AC000000 		.4byte	.LVL29
 1344 0132 0100     		.2byte	0x1
 1345 0134 53       		.byte	0x53
 1346 0135 AC000000 		.4byte	.LVL29
 1347 0139 B4000000 		.4byte	.LVL33
 1348 013d 2200     		.2byte	0x22
 1349 013f 72       		.byte	0x72
 1350 0140 7F       		.sleb128 -1
 1351 0141 31       		.byte	0x31
 1352 0142 24       		.byte	0x24
 1353 0143 03       		.byte	0x3
 1354 0144 04000000 		.4byte	.LANCHOR0+4
 1355 0148 22       		.byte	0x22
 1356 0149 94       		.byte	0x94
 1357 014a 02       		.byte	0x2
 1358 014b 40       		.byte	0x40
 1359 014c 24       		.byte	0x24
 1360 014d 40       		.byte	0x40
 1361 014e 26       		.byte	0x26
 1362 014f 72       		.byte	0x72
 1363 0150 00       		.sleb128 0
 1364 0151 31       		.byte	0x31
 1365 0152 24       		.byte	0x24
 1366 0153 03       		.byte	0x3
 1367 0154 04000000 		.4byte	.LANCHOR0+4
 1368 0158 22       		.byte	0x22
 1369 0159 94       		.byte	0x94
 1370 015a 02       		.byte	0x2
 1371 015b 40       		.byte	0x40
 1372 015c 24       		.byte	0x24
ARM GAS  C:\Users\mac_000\AppData\Local\Temp\ccwS2uRN.s 			page 27


 1373 015d 40       		.byte	0x40
 1374 015e 26       		.byte	0x26
 1375 015f 1C       		.byte	0x1c
 1376 0160 9F       		.byte	0x9f
 1377 0161 00000000 		.4byte	0
 1378 0165 00000000 		.4byte	0
 1379              		.section	.debug_aranges,"",%progbits
 1380 0000 2C000000 		.4byte	0x2c
 1381 0004 0200     		.2byte	0x2
 1382 0006 00000000 		.4byte	.Ldebug_info0
 1383 000a 04       		.byte	0x4
 1384 000b 00       		.byte	0
 1385 000c 0000     		.2byte	0
 1386 000e 0000     		.2byte	0
 1387 0010 00000000 		.4byte	.LFB35
 1388 0014 24000000 		.4byte	.LFE35-.LFB35
 1389 0018 00000000 		.4byte	.LFB36
 1390 001c 08000000 		.4byte	.LFE36-.LFB36
 1391 0020 00000000 		.4byte	.LFB37
 1392 0024 2C010000 		.4byte	.LFE37-.LFB37
 1393 0028 00000000 		.4byte	0
 1394 002c 00000000 		.4byte	0
 1395              		.section	.debug_ranges,"",%progbits
 1396              	.Ldebug_ranges0:
 1397 0000 00000000 		.4byte	.LFB35
 1398 0004 24000000 		.4byte	.LFE35
 1399 0008 00000000 		.4byte	.LFB36
 1400 000c 08000000 		.4byte	.LFE36
 1401 0010 00000000 		.4byte	.LFB37
 1402 0014 2C010000 		.4byte	.LFE37
 1403 0018 00000000 		.4byte	0
 1404 001c 00000000 		.4byte	0
 1405              		.section	.debug_line,"",%progbits
 1406              	.Ldebug_line0:
 1407 0000 94010000 		.section	.debug_str,"MS",%progbits,1
 1407      02000601 
 1407      00000201 
 1407      FB0E0D00 
 1407      01010101 
 1408              	.LASF6:
 1409 0000 6C6F6E67 		.ascii	"long long int\000"
 1409      206C6F6E 
 1409      6720696E 
 1409      7400
 1410              	.LASF40:
 1411 000e 49535231 		.ascii	"ISR1_StartEx\000"
 1411      5F537461 
 1411      72744578 
 1411      00
 1412              	.LASF34:
 1413 001b 4C45445F 		.ascii	"LED_Write\000"
 1413      57726974 
 1413      6500
 1414              	.LASF17:
 1415 0025 50757473 		.ascii	"Puts\000"
 1415      00
 1416              	.LASF43:
ARM GAS  C:\Users\mac_000\AppData\Local\Temp\ccwS2uRN.s 			page 28


 1417 002a 433A5C55 		.ascii	"C:\\Users\\mac_000\\Documents\\Git_IR_REMO\\PSoC\\I"
 1417      73657273 
 1417      5C6D6163 
 1417      5F303030 
 1417      5C446F63 
 1418 0057 525F5245 		.ascii	"R_REMO4200M.cydsn\000"
 1418      4D4F3432 
 1418      30304D2E 
 1418      63796473 
 1418      6E00
 1419              	.LASF22:
 1420 0069 54696D65 		.ascii	"Timer1_ReadCapture\000"
 1420      72315F52 
 1420      65616443 
 1420      61707475 
 1420      726500
 1421              	.LASF33:
 1422 007c 49535231 		.ascii	"ISR1_Enable\000"
 1422      5F456E61 
 1422      626C6500 
 1423              	.LASF36:
 1424 0088 736E7072 		.ascii	"snprintf\000"
 1424      696E7466 
 1424      00
 1425              	.LASF23:
 1426 0091 55415254 		.ascii	"UART1_UartPutString\000"
 1426      315F5561 
 1426      72745075 
 1426      74537472 
 1426      696E6700 
 1427              	.LASF19:
 1428 00a5 64696666 		.ascii	"diff\000"
 1428      00
 1429              	.LASF32:
 1430 00aa 49525F52 		.ascii	"IR_Read\000"
 1430      65616400 
 1431              	.LASF20:
 1432 00b2 43617074 		.ascii	"Capture\000"
 1432      75726500 
 1433              	.LASF24:
 1434 00ba 49535231 		.ascii	"ISR1_Disable\000"
 1434      5F446973 
 1434      61626C65 
 1434      00
 1435              	.LASF26:
 1436 00c7 54696D65 		.ascii	"Timer2_ReadStatusRegister\000"
 1436      72325F52 
 1436      65616453 
 1436      74617475 
 1436      73526567 
 1437              	.LASF9:
 1438 00e1 666C6F61 		.ascii	"float\000"
 1438      7400
 1439              	.LASF35:
 1440 00e7 54696D65 		.ascii	"Timer1_ReadCounter\000"
 1440      72315F52 
 1440      65616443 
ARM GAS  C:\Users\mac_000\AppData\Local\Temp\ccwS2uRN.s 			page 29


 1440      6F756E74 
 1440      657200
 1441              	.LASF1:
 1442 00fa 756E7369 		.ascii	"unsigned char\000"
 1442      676E6564 
 1442      20636861 
 1442      7200
 1443              	.LASF13:
 1444 0108 72656738 		.ascii	"reg8\000"
 1444      00
 1445              	.LASF5:
 1446 010d 6C6F6E67 		.ascii	"long unsigned int\000"
 1446      20756E73 
 1446      69676E65 
 1446      6420696E 
 1446      7400
 1447              	.LASF3:
 1448 011f 73686F72 		.ascii	"short unsigned int\000"
 1448      7420756E 
 1448      7369676E 
 1448      65642069 
 1448      6E7400
 1449              	.LASF16:
 1450 0132 646F5F63 		.ascii	"do_capture\000"
 1450      61707475 
 1450      726500
 1451              	.LASF10:
 1452 013d 646F7562 		.ascii	"double\000"
 1452      6C6500
 1453              	.LASF38:
 1454 0144 54696D65 		.ascii	"Timer1_Start\000"
 1454      72315F53 
 1454      74617274 
 1454      00
 1455              	.LASF18:
 1456 0151 636F6465 		.ascii	"code\000"
 1456      00
 1457              	.LASF44:
 1458 0156 6D61696E 		.ascii	"main\000"
 1458      00
 1459              	.LASF28:
 1460 015b 54696D65 		.ascii	"Timer1_Init\000"
 1460      72315F49 
 1460      6E697400 
 1461              	.LASF8:
 1462 0167 756E7369 		.ascii	"unsigned int\000"
 1462      676E6564 
 1462      20696E74 
 1462      00
 1463              	.LASF39:
 1464 0174 54696D65 		.ascii	"Timer2_Start\000"
 1464      72325F53 
 1464      74617274 
 1464      00
 1465              	.LASF7:
 1466 0181 6C6F6E67 		.ascii	"long long unsigned int\000"
 1466      206C6F6E 
ARM GAS  C:\Users\mac_000\AppData\Local\Temp\ccwS2uRN.s 			page 30


 1466      6720756E 
 1466      7369676E 
 1466      65642069 
 1467              	.LASF31:
 1468 0198 54696D65 		.ascii	"Timer1_WritePeriod\000"
 1468      72315F57 
 1468      72697465 
 1468      50657269 
 1468      6F6400
 1469              	.LASF25:
 1470 01ab 49535231 		.ascii	"ISR1_ClearPending\000"
 1470      5F436C65 
 1470      61725065 
 1470      6E64696E 
 1470      6700
 1471              	.LASF41:
 1472 01bd 474E5520 		.ascii	"GNU C11 5.4.1 20160609 (release) [ARM/embedded-5-br"
 1472      43313120 
 1472      352E342E 
 1472      31203230 
 1472      31363036 
 1473 01f0 616E6368 		.ascii	"anch revision 237715] -mcpu=cortex-m0 -mthumb -g -O"
 1473      20726576 
 1473      6973696F 
 1473      6E203233 
 1473      37373135 
 1474 0223 67202D66 		.ascii	"g -ffunction-sections -ffat-lto-objects\000"
 1474      66756E63 
 1474      74696F6E 
 1474      2D736563 
 1474      74696F6E 
 1475              	.LASF30:
 1476 024b 54696D65 		.ascii	"Timer1_WriteCounter\000"
 1476      72315F57 
 1476      72697465 
 1476      436F756E 
 1476      74657200 
 1477              	.LASF15:
 1478 025f 73697A65 		.ascii	"sizetype\000"
 1478      74797065 
 1478      00
 1479              	.LASF42:
 1480 0268 6D61696E 		.ascii	"main.c\000"
 1480      2E6300
 1481              	.LASF11:
 1482 026f 63686172 		.ascii	"char\000"
 1482      00
 1483              	.LASF29:
 1484 0274 54696D65 		.ascii	"Timer1_Enable\000"
 1484      72315F45 
 1484      6E61626C 
 1484      6500
 1485              	.LASF2:
 1486 0282 73686F72 		.ascii	"short int\000"
 1486      7420696E 
 1486      7400
 1487              	.LASF12:
ARM GAS  C:\Users\mac_000\AppData\Local\Temp\ccwS2uRN.s 			page 31


 1488 028c 75696E74 		.ascii	"uint8\000"
 1488      3800
 1489              	.LASF4:
 1490 0292 6C6F6E67 		.ascii	"long int\000"
 1490      20696E74 
 1490      00
 1491              	.LASF27:
 1492 029b 54696D65 		.ascii	"Timer1_ClearFIFO\000"
 1492      72315F43 
 1492      6C656172 
 1492      4649464F 
 1492      00
 1493              	.LASF14:
 1494 02ac 6C6F6E67 		.ascii	"long double\000"
 1494      20646F75 
 1494      626C6500 
 1495              	.LASF37:
 1496 02b8 55415254 		.ascii	"UART1_Start\000"
 1496      315F5374 
 1496      61727400 
 1497              	.LASF0:
 1498 02c4 7369676E 		.ascii	"signed char\000"
 1498      65642063 
 1498      68617200 
 1499              	.LASF21:
 1500 02d0 4E436170 		.ascii	"NCapture\000"
 1500      74757265 
 1500      00
 1501              		.ident	"GCC: (GNU Tools for ARM Embedded Processors) 5.4.1 20160609 (release) [ARM/embedded-5-bran
