ARM GAS  C:\Users\mac_000\AppData\Local\Temp\ccaZMF5G.s 			page 1


   1              		.syntax unified
   2              		.cpu cortex-m0
   3              		.fpu softvfp
   4              		.eabi_attribute 20, 1
   5              		.eabi_attribute 21, 1
   6              		.eabi_attribute 23, 3
   7              		.eabi_attribute 24, 1
   8              		.eabi_attribute 25, 1
   9              		.eabi_attribute 26, 1
  10              		.eabi_attribute 30, 1
  11              		.eabi_attribute 34, 0
  12              		.eabi_attribute 18, 4
  13              		.thumb
  14              		.syntax unified
  15              		.file	"main.c"
  16              		.text
  17              	.Ltext0:
  18              		.cfi_sections	.debug_frame
  19              		.section	.text.do_capture,"ax",%progbits
  20              		.align	2
  21              		.global	do_capture
  22              		.code	16
  23              		.thumb_func
  24              		.type	do_capture, %function
  25              	do_capture:
  26              	.LFB33:
  27              		.file 1 "main.c"
   1:main.c        **** /* ========================================
   2:main.c        ****  *
   3:main.c        ****  * Copyright AGRI-HITECH LLC, 2020
   4:main.c        ****  * All Rights Reserved
   5:main.c        ****  * UNPUBLISHED, LICENSED SOFTWARE.
   6:main.c        ****  * ========================================
   7:main.c        ****  * Program & Coded by fanfan (mac@line.to)
   8:main.c        **** */
   9:main.c        **** #include "project.h"
  10:main.c        **** #include <stdio.h>
  11:main.c        **** 
  12:main.c        **** #define T1Period 26000
  13:main.c        **** #define CodeL 34
  14:main.c        **** 
  15:main.c        **** enum { FR = 1, FL = 2, BR = 4, BL = 8} M_Stat;
  16:main.c        **** 
  17:main.c        **** const struct KEY {
  18:main.c        ****     short code; char motor; } key[] = {
  19:main.c        ****         {0x10b1,(FL)},
  20:main.c        ****         {0x10a0,(FR|FL)},
  21:main.c        ****         {0x1021,(FR)},
  22:main.c        ****         {0x1010,(FL|BR)},
  23:main.c        ****         {0x1020,0},
  24:main.c        ****         {0x1080,(BL|FR)},
  25:main.c        ****         {0x1011,(BL)},
  26:main.c        ****         {0x1000,(BL|BR)},
  27:main.c        ****         {0x1081,(BR)},
  28:main.c        ****         {0,0}
  29:main.c        ****     };
  30:main.c        **** static short Capture[100];
ARM GAS  C:\Users\mac_000\AppData\Local\Temp\ccaZMF5G.s 			page 2


  31:main.c        **** static int NCapture = 0;
  32:main.c        **** 
  33:main.c        **** CY_ISR(do_capture) {
  28              		.loc 1 33 0
  29              		.cfi_startproc
  30              		@ args = 0, pretend = 0, frame = 0
  31              		@ frame_needed = 0, uses_anonymous_args = 0
  32 0000 70B5     		push	{r4, r5, r6, lr}
  33              		.cfi_def_cfa_offset 16
  34              		.cfi_offset 4, -16
  35              		.cfi_offset 5, -12
  36              		.cfi_offset 6, -8
  37              		.cfi_offset 14, -4
  34:main.c        ****     Timer1_STATUS_REG;
  38              		.loc 1 34 0
  39 0002 064B     		ldr	r3, .L2
  40 0004 1B68     		ldr	r3, [r3]
  35:main.c        ****     Capture[NCapture++] = Timer1_ReadCapture();
  41              		.loc 1 35 0
  42 0006 064D     		ldr	r5, .L2+4
  43 0008 2C68     		ldr	r4, [r5]
  44 000a 631C     		adds	r3, r4, #1
  45 000c 2B60     		str	r3, [r5]
  46 000e FFF7FEFF 		bl	Timer1_ReadCapture
  47              	.LVL0:
  48 0012 6400     		lsls	r4, r4, #1
  49 0014 2C19     		adds	r4, r5, r4
  50 0016 A080     		strh	r0, [r4, #4]
  36:main.c        **** }
  51              		.loc 1 36 0
  52              		@ sp needed
  53 0018 70BD     		pop	{r4, r5, r6, pc}
  54              	.L3:
  55 001a C046     		.align	2
  56              	.L2:
  57 001c 04010540 		.word	1074069764
  58 0020 00000000 		.word	.LANCHOR0
  59              		.cfi_endproc
  60              	.LFE33:
  61              		.size	do_capture, .-do_capture
  62              		.section	.text.Puts,"ax",%progbits
  63              		.align	2
  64              		.global	Puts
  65              		.code	16
  66              		.thumb_func
  67              		.type	Puts, %function
  68              	Puts:
  69              	.LFB34:
  37:main.c        **** 
  38:main.c        **** void Puts(const char *s) {
  70              		.loc 1 38 0
  71              		.cfi_startproc
  72              		@ args = 0, pretend = 0, frame = 0
  73              		@ frame_needed = 0, uses_anonymous_args = 0
  74              	.LVL1:
  75 0000 10B5     		push	{r4, lr}
  76              		.cfi_def_cfa_offset 8
ARM GAS  C:\Users\mac_000\AppData\Local\Temp\ccaZMF5G.s 			page 3


  77              		.cfi_offset 4, -8
  78              		.cfi_offset 14, -4
  39:main.c        ****     UART1_PutString(s);
  79              		.loc 1 39 0
  80 0002 FFF7FEFF 		bl	UART1_PutString
  81              	.LVL2:
  40:main.c        **** }
  82              		.loc 1 40 0
  83              		@ sp needed
  84 0006 10BD     		pop	{r4, pc}
  85              		.cfi_endproc
  86              	.LFE34:
  87              		.size	Puts, .-Puts
  88              		.section	.text.main,"ax",%progbits
  89              		.align	2
  90              		.global	main
  91              		.code	16
  92              		.thumb_func
  93              		.type	main, %function
  94              	main:
  95              	.LFB35:
  41:main.c        **** 
  42:main.c        **** int main(void)
  43:main.c        **** {
  96              		.loc 1 43 0
  97              		.cfi_startproc
  98              		@ args = 0, pretend = 0, frame = 80
  99              		@ frame_needed = 0, uses_anonymous_args = 0
 100 0000 F0B5     		push	{r4, r5, r6, r7, lr}
 101              		.cfi_def_cfa_offset 20
 102              		.cfi_offset 4, -20
 103              		.cfi_offset 5, -16
 104              		.cfi_offset 6, -12
 105              		.cfi_offset 7, -8
 106              		.cfi_offset 14, -4
 107 0002 95B0     		sub	sp, sp, #84
 108              		.cfi_def_cfa_offset 104
 109              	.LVL3:
  44:main.c        ****     char buf[80];
  45:main.c        ****     unsigned rep, code = 0;
  46:main.c        ****     unsigned char b0, b1, b2, b3;
  47:main.c        ****     
  48:main.c        ****     int i;
  49:main.c        **** 
  50:main.c        ****     UART1_Start();
 110              		.loc 1 50 0
 111 0004 FFF7FEFF 		bl	UART1_Start
 112              	.LVL4:
  51:main.c        ****     Timer1_Start();
 113              		.loc 1 51 0
 114 0008 FFF7FEFF 		bl	Timer1_Start
 115              	.LVL5:
  52:main.c        ****     
  53:main.c        ****     ISR1_StartEx(do_capture);
 116              		.loc 1 53 0
 117 000c 5448     		ldr	r0, .L26
 118 000e FFF7FEFF 		bl	ISR1_StartEx
ARM GAS  C:\Users\mac_000\AppData\Local\Temp\ccaZMF5G.s 			page 4


 119              	.LVL6:
  54:main.c        ****     CyGlobalIntEnable;
 120              		.loc 1 54 0
 121              		.syntax divided
 122              	@ 54 "main.c" 1
 123 0012 62B6     		CPSIE   i
 124              	@ 0 "" 2
  45:main.c        ****     unsigned char b0, b1, b2, b3;
 125              		.loc 1 45 0
 126              		.thumb
 127              		.syntax unified
 128 0014 0024     		movs	r4, #0
 129              	.LVL7:
 130              	.L6:
 131              	.LBB2:
  55:main.c        ****     
  56:main.c        ****     for(;;)
  57:main.c        ****     {  
  58:main.c        ****         ISR1_Disable();
 132              		.loc 1 58 0
 133 0016 FFF7FEFF 		bl	ISR1_Disable
 134              	.LVL8:
  59:main.c        ****         ISR1_ClearPending();
 135              		.loc 1 59 0
 136 001a FFF7FEFF 		bl	ISR1_ClearPending
 137              	.LVL9:
  60:main.c        ****         NCapture=0;
 138              		.loc 1 60 0
 139 001e 0022     		movs	r2, #0
 140 0020 504B     		ldr	r3, .L26+4
 141 0022 1A60     		str	r2, [r3]
  61:main.c        ****         Timer1_Init();
 142              		.loc 1 61 0
 143 0024 FFF7FEFF 		bl	Timer1_Init
 144              	.LVL10:
  62:main.c        ****         Timer1_Enable();
 145              		.loc 1 62 0
 146 0028 FFF7FEFF 		bl	Timer1_Enable
 147              	.LVL11:
  63:main.c        ****         Timer1_WriteCounter(T1Period);
 148              		.loc 1 63 0
 149 002c 4E4D     		ldr	r5, .L26+8
 150 002e 2800     		movs	r0, r5
 151 0030 FFF7FEFF 		bl	Timer1_WriteCounter
 152              	.LVL12:
  64:main.c        ****         Timer1_WritePeriod(T1Period);        
 153              		.loc 1 64 0
 154 0034 2800     		movs	r0, r5
 155 0036 FFF7FEFF 		bl	Timer1_WritePeriod
 156              	.LVL13:
  65:main.c        ****         LED_Write(1);
 157              		.loc 1 65 0
 158 003a 0120     		movs	r0, #1
 159 003c FFF7FEFF 		bl	LED_Write
 160              	.LVL14:
  66:main.c        ****         ISR1_Enable();
 161              		.loc 1 66 0
ARM GAS  C:\Users\mac_000\AppData\Local\Temp\ccaZMF5G.s 			page 5


 162 0040 FFF7FEFF 		bl	ISR1_Enable
 163              	.LVL15:
 164              	.L7:
  67:main.c        ****         
  68:main.c        ****         while (Timer1_ReadCounter() > 10);
 165              		.loc 1 68 0 discriminator 1
 166 0044 FFF7FEFF 		bl	Timer1_ReadCounter
 167              	.LVL16:
 168 0048 0A28     		cmp	r0, #10
 169 004a FBD8     		bhi	.L7
  69:main.c        ****         LED_Write(0);
 170              		.loc 1 69 0
 171 004c 0020     		movs	r0, #0
 172 004e FFF7FEFF 		bl	LED_Write
 173              	.LVL17:
  70:main.c        ****         snprintf(buf, 80, "interrupt %d\r\n", NCapture);
 174              		.loc 1 70 0
 175 0052 444B     		ldr	r3, .L26+4
 176 0054 1B68     		ldr	r3, [r3]
 177 0056 454A     		ldr	r2, .L26+12
 178 0058 5021     		movs	r1, #80
 179 005a 6846     		mov	r0, sp
 180 005c FFF7FEFF 		bl	snprintf
 181              	.LVL18:
  71:main.c        ****         Puts(buf);
 182              		.loc 1 71 0
 183 0060 6846     		mov	r0, sp
 184 0062 FFF7FEFF 		bl	Puts
 185              	.LVL19:
  72:main.c        ****         unsigned L = 0;
 186              		.loc 1 72 0
 187 0066 0023     		movs	r3, #0
  73:main.c        ****         for (i = 1; i < NCapture; i++) {
 188              		.loc 1 73 0
 189 0068 0121     		movs	r1, #1
 190 006a 17E0     		b	.L8
 191              	.LVL20:
 192              	.L11:
 193              	.LBB3:
  74:main.c        ****             unsigned long bit;
  75:main.c        ****             int diff;
  76:main.c        ****             
  77:main.c        ****             diff = Capture[i-1] -Capture[i];
 194              		.loc 1 77 0
 195 006c 4A1E     		subs	r2, r1, #1
 196 006e 3D4D     		ldr	r5, .L26+4
 197 0070 5200     		lsls	r2, r2, #1
 198 0072 AA18     		adds	r2, r5, r2
 199 0074 0420     		movs	r0, #4
 200 0076 125E     		ldrsh	r2, [r2, r0]
 201 0078 4800     		lsls	r0, r1, #1
 202 007a 2818     		adds	r0, r5, r0
 203 007c 0425     		movs	r5, #4
 204 007e 405F     		ldrsh	r0, [r0, r5]
 205 0080 121A     		subs	r2, r2, r0
 206              	.LVL21:
  78:main.c        ****  
ARM GAS  C:\Users\mac_000\AppData\Local\Temp\ccaZMF5G.s 			page 6


  79:main.c        ****             if (diff < 450) {
 207              		.loc 1 79 0
 208 0082 C220     		movs	r0, #194
 209 0084 FF30     		adds	r0, r0, #255
 210 0086 8242     		cmp	r2, r0
 211 0088 01DC     		bgt	.L23
  80:main.c        ****                 bit = 0;
 212              		.loc 1 80 0
 213 008a 0022     		movs	r2, #0
 214              	.LVL22:
 215 008c 01E0     		b	.L9
 216              	.LVL23:
 217              	.L23:
  81:main.c        ****             }
  82:main.c        ****             else {
  83:main.c        ****                 bit = 0x80000000u;
 218              		.loc 1 83 0
 219 008e 8022     		movs	r2, #128
 220              	.LVL24:
 221 0090 1206     		lsls	r2, r2, #24
 222              	.L9:
 223              	.LVL25:
  84:main.c        ****             }
  85:main.c        ****             L >>= 1;
 224              		.loc 1 85 0
 225 0092 5B08     		lsrs	r3, r3, #1
 226              	.LVL26:
  86:main.c        ****             L = L | bit;
 227              		.loc 1 86 0
 228 0094 1343     		orrs	r3, r2
 229              	.LVL27:
  87:main.c        ****             if (i >= CodeL) break;
 230              		.loc 1 87 0
 231 0096 2129     		cmp	r1, #33
 232 0098 04DC     		bgt	.L10
 233              	.LBE3:
  73:main.c        ****             unsigned long bit;
 234              		.loc 1 73 0 discriminator 2
 235 009a 0131     		adds	r1, r1, #1
 236              	.LVL28:
 237              	.L8:
  73:main.c        ****             unsigned long bit;
 238              		.loc 1 73 0 is_stmt 0 discriminator 1
 239 009c 314A     		ldr	r2, .L26+4
 240 009e 1668     		ldr	r6, [r2]
 241 00a0 B142     		cmp	r1, r6
 242 00a2 E3DB     		blt	.L11
 243              	.L10:
  88:main.c        ****         }
  89:main.c        ****         if (NCapture <= 3) {
 244              		.loc 1 89 0 is_stmt 1
 245 00a4 032E     		cmp	r6, #3
 246 00a6 01DC     		bgt	.L24
  90:main.c        ****             rep = 1;
 247              		.loc 1 90 0
 248 00a8 0127     		movs	r7, #1
 249 00aa 02E0     		b	.L12
ARM GAS  C:\Users\mac_000\AppData\Local\Temp\ccaZMF5G.s 			page 7


 250              	.L24:
  91:main.c        ****         }
  92:main.c        ****         else {
  93:main.c        ****             rep = 0;
  94:main.c        ****             code = -1;
 251              		.loc 1 94 0
 252 00ac 0124     		movs	r4, #1
 253              	.LVL29:
 254 00ae 6442     		rsbs	r4, r4, #0
  93:main.c        ****             code = -1;
 255              		.loc 1 93 0
 256 00b0 0027     		movs	r7, #0
 257              	.L12:
 258              	.LVL30:
  95:main.c        ****         }
  96:main.c        ****         
  97:main.c        **** 
  98:main.c        ****         if (NCapture >= CodeL) {
 259              		.loc 1 98 0
 260 00b2 212E     		cmp	r6, #33
 261 00b4 18DD     		ble	.L13
 262              	.LVL31:
  99:main.c        ****             b0 = L & 0xff;
 100:main.c        ****             b1 = (L & 0xff00) >> 8;
 263              		.loc 1 100 0
 264 00b6 180A     		lsrs	r0, r3, #8
 101:main.c        ****             b2 = (L & 0xff0000) >> 16;
 265              		.loc 1 101 0
 266 00b8 190C     		lsrs	r1, r3, #16
 267              	.LVL32:
 102:main.c        ****             b3 = (L & 0xff000000) >> 24;
 268              		.loc 1 102 0
 269 00ba 1D0E     		lsrs	r5, r3, #24
 103:main.c        ****             if (((b0 ^ (~b1 & 0xff)) | (b2 ^ (~b3 & 0xff))) == 0) {
 270              		.loc 1 103 0
 271 00bc FF22     		movs	r2, #255
 272 00be 1600     		movs	r6, r2
 273 00c0 8643     		bics	r6, r0
 274 00c2 3000     		movs	r0, r6
 275 00c4 1600     		movs	r6, r2
 276 00c6 1E40     		ands	r6, r3
 277 00c8 7040     		eors	r0, r6
 278 00ca 1140     		ands	r1, r2
 279              	.LVL33:
 280 00cc AA43     		bics	r2, r5
 281 00ce 4A40     		eors	r2, r1
 282 00d0 0243     		orrs	r2, r0
 283 00d2 05D1     		bne	.L14
 104:main.c        ****                 code = ((b0 & 0xff) << 8) | (b2 & 0xff);
 284              		.loc 1 104 0
 285 00d4 1C02     		lsls	r4, r3, #8
 286              	.LVL34:
 287 00d6 FF22     		movs	r2, #255
 288 00d8 1202     		lsls	r2, r2, #8
 289 00da 1440     		ands	r4, r2
 290 00dc 0C43     		orrs	r4, r1
 291              	.LVL35:
ARM GAS  C:\Users\mac_000\AppData\Local\Temp\ccaZMF5G.s 			page 8


 292 00de 03E0     		b	.L13
 293              	.L14:
 105:main.c        ****             }
 106:main.c        ****             else if (rep == 0) {
 294              		.loc 1 106 0
 295 00e0 002F     		cmp	r7, #0
 296 00e2 01D1     		bne	.L13
 107:main.c        ****                 code = -1;
 297              		.loc 1 107 0
 298 00e4 0124     		movs	r4, #1
 299              	.LVL36:
 300 00e6 6442     		rsbs	r4, r4, #0
 301              	.LVL37:
 302              	.L13:
 108:main.c        ****             }
 109:main.c        ****         }      
 110:main.c        ****         snprintf(buf, 80, "%x\r\n", L);
 303              		.loc 1 110 0
 304 00e8 214A     		ldr	r2, .L26+16
 305 00ea 5021     		movs	r1, #80
 306 00ec 6846     		mov	r0, sp
 307 00ee FFF7FEFF 		bl	snprintf
 308              	.LVL38:
 111:main.c        ****         Puts(buf);
 309              		.loc 1 111 0
 310 00f2 6846     		mov	r0, sp
 311 00f4 FFF7FEFF 		bl	Puts
 312              	.LVL39:
 112:main.c        ****         
 113:main.c        ****         struct KEY const *p;
 114:main.c        ****         for (p = &key[0]; p->code != 0; p++) {
 313              		.loc 1 114 0
 314 00f8 1E4D     		ldr	r5, .L26+20
 315 00fa 2BE0     		b	.L15
 316              	.LVL40:
 317              	.L22:
 115:main.c        ****             if ((short)code == p->code) {
 318              		.loc 1 115 0
 319 00fc 22B2     		sxth	r2, r4
 320 00fe 9342     		cmp	r3, r2
 321 0100 27D1     		bne	.L16
 116:main.c        ****                 if (p->motor & BL) {
 322              		.loc 1 116 0
 323 0102 AB78     		ldrb	r3, [r5, #2]
 324 0104 1B07     		lsls	r3, r3, #28
 325 0106 05D5     		bpl	.L17
 117:main.c        ****                     M_BL_Write(1); Puts("BL ");
 326              		.loc 1 117 0
 327 0108 0120     		movs	r0, #1
 328 010a FFF7FEFF 		bl	M_BL_Write
 329              	.LVL41:
 330 010e 1A48     		ldr	r0, .L26+24
 331 0110 FFF7FEFF 		bl	Puts
 332              	.LVL42:
 333              	.L17:
 118:main.c        ****                 };
 119:main.c        ****                 if (p->motor & BR) {
ARM GAS  C:\Users\mac_000\AppData\Local\Temp\ccaZMF5G.s 			page 9


 334              		.loc 1 119 0
 335 0114 AB78     		ldrb	r3, [r5, #2]
 336 0116 5B07     		lsls	r3, r3, #29
 337 0118 05D5     		bpl	.L18
 120:main.c        ****                     M_BR_Write(1); Puts("BR ");
 338              		.loc 1 120 0
 339 011a 0120     		movs	r0, #1
 340 011c FFF7FEFF 		bl	M_BR_Write
 341              	.LVL43:
 342 0120 1648     		ldr	r0, .L26+28
 343 0122 FFF7FEFF 		bl	Puts
 344              	.LVL44:
 345              	.L18:
 121:main.c        ****                 };
 122:main.c        ****                 if (p->motor & FL) {
 346              		.loc 1 122 0
 347 0126 AB78     		ldrb	r3, [r5, #2]
 348 0128 9B07     		lsls	r3, r3, #30
 349 012a 05D5     		bpl	.L19
 123:main.c        ****                     M_FL_Write(1); Puts("FL ");
 350              		.loc 1 123 0
 351 012c 0120     		movs	r0, #1
 352 012e FFF7FEFF 		bl	M_FL_Write
 353              	.LVL45:
 354 0132 1348     		ldr	r0, .L26+32
 355 0134 FFF7FEFF 		bl	Puts
 356              	.LVL46:
 357              	.L19:
 124:main.c        ****                 };
 125:main.c        ****                 if (p->motor & FR) {
 358              		.loc 1 125 0
 359 0138 AB78     		ldrb	r3, [r5, #2]
 360 013a DB07     		lsls	r3, r3, #31
 361 013c 05D5     		bpl	.L20
 126:main.c        ****                     M_FR_Write(1); Puts("FR ");
 362              		.loc 1 126 0
 363 013e 0120     		movs	r0, #1
 364 0140 FFF7FEFF 		bl	M_FR_Write
 365              	.LVL47:
 366 0144 0F48     		ldr	r0, .L26+36
 367 0146 FFF7FEFF 		bl	Puts
 368              	.LVL48:
 369              	.L20:
 127:main.c        ****                 };
 128:main.c        ****                 Puts("\r\n");
 370              		.loc 1 128 0
 371 014a 0F48     		ldr	r0, .L26+40
 372 014c FFF7FEFF 		bl	Puts
 373              	.LVL49:
 129:main.c        ****                 break;
 374              		.loc 1 129 0
 375 0150 61E7     		b	.L6
 376              	.L16:
 114:main.c        ****             if ((short)code == p->code) {
 377              		.loc 1 114 0 discriminator 2
 378 0152 0435     		adds	r5, r5, #4
 379              	.LVL50:
ARM GAS  C:\Users\mac_000\AppData\Local\Temp\ccaZMF5G.s 			page 10


 380              	.L15:
 114:main.c        ****             if ((short)code == p->code) {
 381              		.loc 1 114 0 is_stmt 0 discriminator 1
 382 0154 0022     		movs	r2, #0
 383 0156 AB5E     		ldrsh	r3, [r5, r2]
 384 0158 002B     		cmp	r3, #0
 385 015a CFD1     		bne	.L22
 386 015c 5BE7     		b	.L6
 387              	.L27:
 388 015e C046     		.align	2
 389              	.L26:
 390 0160 00000000 		.word	do_capture
 391 0164 00000000 		.word	.LANCHOR0
 392 0168 90650000 		.word	26000
 393 016c 00000000 		.word	.LC4
 394 0170 10000000 		.word	.LC6
 395 0174 00000000 		.word	.LANCHOR1
 396 0178 18000000 		.word	.LC8
 397 017c 1C000000 		.word	.LC10
 398 0180 20000000 		.word	.LC12
 399 0184 24000000 		.word	.LC14
 400 0188 28000000 		.word	.LC16
 401              	.LBE2:
 402              		.cfi_endproc
 403              	.LFE35:
 404              		.size	main, .-main
 405              		.global	key
 406              		.comm	M_Stat,1,1
 407              		.section	.rodata
 408              		.align	2
 409              		.set	.LANCHOR1,. + 0
 410              		.type	key, %object
 411              		.size	key, 40
 412              	key:
 413 0000 B110     		.short	4273
 414 0002 02       		.byte	2
 415 0003 00       		.space	1
 416 0004 A010     		.short	4256
 417 0006 03       		.byte	3
 418 0007 00       		.space	1
 419 0008 2110     		.short	4129
 420 000a 01       		.byte	1
 421 000b 00       		.space	1
 422 000c 1010     		.short	4112
 423 000e 06       		.byte	6
 424 000f 00       		.space	1
 425 0010 2010     		.short	4128
 426 0012 00       		.byte	0
 427 0013 00       		.space	1
 428 0014 8010     		.short	4224
 429 0016 09       		.byte	9
 430 0017 00       		.space	1
 431 0018 1110     		.short	4113
 432 001a 08       		.byte	8
 433 001b 00       		.space	1
 434 001c 0010     		.short	4096
 435 001e 0C       		.byte	12
ARM GAS  C:\Users\mac_000\AppData\Local\Temp\ccaZMF5G.s 			page 11


 436 001f 00       		.space	1
 437 0020 8110     		.short	4225
 438 0022 04       		.byte	4
 439 0023 00       		.space	1
 440 0024 0000     		.short	0
 441 0026 00       		.byte	0
 442 0027 00       		.space	1
 443              		.section	.rodata.str1.4,"aMS",%progbits,1
 444              		.align	2
 445              	.LC4:
 446 0000 696E7465 		.ascii	"interrupt %d\015\012\000"
 446      72727570 
 446      74202564 
 446      0D0A00
 447 000f 00       		.space	1
 448              	.LC6:
 449 0010 25780D0A 		.ascii	"%x\015\012\000"
 449      00
 450 0015 000000   		.space	3
 451              	.LC8:
 452 0018 424C2000 		.ascii	"BL \000"
 453              	.LC10:
 454 001c 42522000 		.ascii	"BR \000"
 455              	.LC12:
 456 0020 464C2000 		.ascii	"FL \000"
 457              	.LC14:
 458 0024 46522000 		.ascii	"FR \000"
 459              	.LC16:
 460 0028 0D0A00   		.ascii	"\015\012\000"
 461              		.bss
 462              		.align	2
 463              		.set	.LANCHOR0,. + 0
 464              		.type	NCapture, %object
 465              		.size	NCapture, 4
 466              	NCapture:
 467 0000 00000000 		.space	4
 468              		.type	Capture, %object
 469              		.size	Capture, 200
 470              	Capture:
 471 0004 00000000 		.space	200
 471      00000000 
 471      00000000 
 471      00000000 
 471      00000000 
 472              		.text
 473              	.Letext0:
 474              		.file 2 "Generated_Source\\PSoC4/cytypes.h"
 475              		.file 3 "Generated_Source\\PSoC4/Timer1.h"
 476              		.file 4 "Generated_Source\\PSoC4/UART1.h"
 477              		.file 5 "Generated_Source\\PSoC4/ISR1.h"
 478              		.file 6 "Generated_Source\\PSoC4/LED.h"
 479              		.file 7 "c:\\program files (x86)\\cypress\\psoc creator\\4.3\\psoc creator\\import\\gnu\\arm\\5.4.
 480              		.file 8 "Generated_Source\\PSoC4/M_BL.h"
 481              		.file 9 "Generated_Source\\PSoC4/M_BR.h"
 482              		.file 10 "Generated_Source\\PSoC4/M_FL.h"
 483              		.file 11 "Generated_Source\\PSoC4/M_FR.h"
 484              		.section	.debug_info,"",%progbits
ARM GAS  C:\Users\mac_000\AppData\Local\Temp\ccaZMF5G.s 			page 12


 485              	.Ldebug_info0:
 486 0000 50050000 		.4byte	0x550
 487 0004 0400     		.2byte	0x4
 488 0006 00000000 		.4byte	.Ldebug_abbrev0
 489 000a 04       		.byte	0x4
 490 000b 01       		.uleb128 0x1
 491 000c 5E000000 		.4byte	.LASF43
 492 0010 0C       		.byte	0xc
 493 0011 56020000 		.4byte	.LASF44
 494 0015 A1010000 		.4byte	.LASF45
 495 0019 00000000 		.4byte	.Ldebug_ranges0+0
 496 001d 00000000 		.4byte	0
 497 0021 00000000 		.4byte	.Ldebug_line0
 498 0025 02       		.uleb128 0x2
 499 0026 01       		.byte	0x1
 500 0027 06       		.byte	0x6
 501 0028 FF000000 		.4byte	.LASF0
 502 002c 02       		.uleb128 0x2
 503 002d 01       		.byte	0x1
 504 002e 08       		.byte	0x8
 505 002f 7C010000 		.4byte	.LASF1
 506 0033 02       		.uleb128 0x2
 507 0034 02       		.byte	0x2
 508 0035 05       		.byte	0x5
 509 0036 0F000000 		.4byte	.LASF2
 510 003a 02       		.uleb128 0x2
 511 003b 02       		.byte	0x2
 512 003c 07       		.byte	0x7
 513 003d 12020000 		.4byte	.LASF3
 514 0041 02       		.uleb128 0x2
 515 0042 04       		.byte	0x4
 516 0043 05       		.byte	0x5
 517 0044 3F010000 		.4byte	.LASF4
 518 0048 02       		.uleb128 0x2
 519 0049 04       		.byte	0x4
 520 004a 07       		.byte	0x7
 521 004b 5D020000 		.4byte	.LASF5
 522 004f 02       		.uleb128 0x2
 523 0050 08       		.byte	0x8
 524 0051 05       		.byte	0x5
 525 0052 1E010000 		.4byte	.LASF6
 526 0056 02       		.uleb128 0x2
 527 0057 08       		.byte	0x8
 528 0058 07       		.byte	0x7
 529 0059 DC010000 		.4byte	.LASF7
 530 005d 03       		.uleb128 0x3
 531 005e 04       		.byte	0x4
 532 005f 05       		.byte	0x5
 533 0060 696E7400 		.ascii	"int\000"
 534 0064 02       		.uleb128 0x2
 535 0065 04       		.byte	0x4
 536 0066 07       		.byte	0x7
 537 0067 F3010000 		.4byte	.LASF8
 538 006b 04       		.uleb128 0x4
 539 006c 4F020000 		.4byte	.LASF12
 540 0070 02       		.byte	0x2
 541 0071 F901     		.2byte	0x1f9
ARM GAS  C:\Users\mac_000\AppData\Local\Temp\ccaZMF5G.s 			page 13


 542 0073 48000000 		.4byte	0x48
 543 0077 02       		.uleb128 0x2
 544 0078 04       		.byte	0x4
 545 0079 04       		.byte	0x4
 546 007a 0B010000 		.4byte	.LASF9
 547 007e 02       		.uleb128 0x2
 548 007f 08       		.byte	0x8
 549 0080 04       		.byte	0x4
 550 0081 6F020000 		.4byte	.LASF10
 551 0085 02       		.uleb128 0x2
 552 0086 01       		.byte	0x1
 553 0087 08       		.byte	0x8
 554 0088 39020000 		.4byte	.LASF11
 555 008c 04       		.uleb128 0x4
 556 008d 0C020000 		.4byte	.LASF13
 557 0091 02       		.byte	0x2
 558 0092 A302     		.2byte	0x2a3
 559 0094 98000000 		.4byte	0x98
 560 0098 05       		.uleb128 0x5
 561 0099 6B000000 		.4byte	0x6b
 562 009d 02       		.uleb128 0x2
 563 009e 08       		.byte	0x8
 564 009f 04       		.byte	0x4
 565 00a0 8A010000 		.4byte	.LASF14
 566 00a4 02       		.uleb128 0x2
 567 00a5 04       		.byte	0x4
 568 00a6 07       		.byte	0x7
 569 00a7 24000000 		.4byte	.LASF15
 570 00ab 06       		.uleb128 0x6
 571 00ac 04       		.byte	0x4
 572 00ad B1000000 		.4byte	0xb1
 573 00b1 07       		.uleb128 0x7
 574 00b2 85000000 		.4byte	0x85
 575 00b6 08       		.uleb128 0x8
 576 00b7 01       		.byte	0x1
 577 00b8 2C000000 		.4byte	0x2c
 578 00bc 01       		.byte	0x1
 579 00bd 0F       		.byte	0xf
 580 00be D7000000 		.4byte	0xd7
 581 00c2 09       		.uleb128 0x9
 582 00c3 465200   		.ascii	"FR\000"
 583 00c6 01       		.byte	0x1
 584 00c7 09       		.uleb128 0x9
 585 00c8 464C00   		.ascii	"FL\000"
 586 00cb 02       		.byte	0x2
 587 00cc 09       		.uleb128 0x9
 588 00cd 425200   		.ascii	"BR\000"
 589 00d0 04       		.byte	0x4
 590 00d1 09       		.uleb128 0x9
 591 00d2 424C00   		.ascii	"BL\000"
 592 00d5 08       		.byte	0x8
 593 00d6 00       		.byte	0
 594 00d7 0A       		.uleb128 0xa
 595 00d8 4B455900 		.ascii	"KEY\000"
 596 00dc 04       		.byte	0x4
 597 00dd 01       		.byte	0x1
 598 00de 11       		.byte	0x11
ARM GAS  C:\Users\mac_000\AppData\Local\Temp\ccaZMF5G.s 			page 14


 599 00df FC000000 		.4byte	0xfc
 600 00e3 0B       		.uleb128 0xb
 601 00e4 07020000 		.4byte	.LASF16
 602 00e8 01       		.byte	0x1
 603 00e9 12       		.byte	0x12
 604 00ea 33000000 		.4byte	0x33
 605 00ee 00       		.byte	0
 606 00ef 0B       		.uleb128 0xb
 607 00f0 3E020000 		.4byte	.LASF17
 608 00f4 01       		.byte	0x1
 609 00f5 12       		.byte	0x12
 610 00f6 85000000 		.4byte	0x85
 611 00fa 02       		.byte	0x2
 612 00fb 00       		.byte	0
 613 00fc 0C       		.uleb128 0xc
 614 00fd 44020000 		.4byte	.LASF18
 615 0101 01       		.byte	0x1
 616 0102 21       		.byte	0x21
 617 0103 00000000 		.4byte	.LFB33
 618 0107 24000000 		.4byte	.LFE33-.LFB33
 619 010b 01       		.uleb128 0x1
 620 010c 9C       		.byte	0x9c
 621 010d 1B010000 		.4byte	0x11b
 622 0111 0D       		.uleb128 0xd
 623 0112 12000000 		.4byte	.LVL0
 624 0116 7B040000 		.4byte	0x47b
 625 011a 00       		.byte	0
 626 011b 0C       		.uleb128 0xc
 627 011c FA000000 		.4byte	.LASF19
 628 0120 01       		.byte	0x1
 629 0121 26       		.byte	0x26
 630 0122 00000000 		.4byte	.LFB34
 631 0126 08000000 		.4byte	.LFE34-.LFB34
 632 012a 01       		.uleb128 0x1
 633 012b 9C       		.byte	0x9c
 634 012c 4F010000 		.4byte	0x14f
 635 0130 0E       		.uleb128 0xe
 636 0131 7300     		.ascii	"s\000"
 637 0133 01       		.byte	0x1
 638 0134 26       		.byte	0x26
 639 0135 AB000000 		.4byte	0xab
 640 0139 00000000 		.4byte	.LLST0
 641 013d 0F       		.uleb128 0xf
 642 013e 06000000 		.4byte	.LVL2
 643 0142 87040000 		.4byte	0x487
 644 0146 10       		.uleb128 0x10
 645 0147 01       		.uleb128 0x1
 646 0148 50       		.byte	0x50
 647 0149 03       		.uleb128 0x3
 648 014a F3       		.byte	0xf3
 649 014b 01       		.uleb128 0x1
 650 014c 50       		.byte	0x50
 651 014d 00       		.byte	0
 652 014e 00       		.byte	0
 653 014f 11       		.uleb128 0x11
 654 0150 4C000000 		.4byte	.LASF46
 655 0154 01       		.byte	0x1
ARM GAS  C:\Users\mac_000\AppData\Local\Temp\ccaZMF5G.s 			page 15


 656 0155 2A       		.byte	0x2a
 657 0156 5D000000 		.4byte	0x5d
 658 015a 00000000 		.4byte	.LFB35
 659 015e 8C010000 		.4byte	.LFE35-.LFB35
 660 0162 01       		.uleb128 0x1
 661 0163 9C       		.byte	0x9c
 662 0164 F7030000 		.4byte	0x3f7
 663 0168 12       		.uleb128 0x12
 664 0169 62756600 		.ascii	"buf\000"
 665 016d 01       		.byte	0x1
 666 016e 2C       		.byte	0x2c
 667 016f F7030000 		.4byte	0x3f7
 668 0173 03       		.uleb128 0x3
 669 0174 91       		.byte	0x91
 670 0175 987F     		.sleb128 -104
 671 0177 12       		.uleb128 0x12
 672 0178 72657000 		.ascii	"rep\000"
 673 017c 01       		.byte	0x1
 674 017d 2D       		.byte	0x2d
 675 017e 64000000 		.4byte	0x64
 676 0182 01       		.uleb128 0x1
 677 0183 57       		.byte	0x57
 678 0184 13       		.uleb128 0x13
 679 0185 07020000 		.4byte	.LASF16
 680 0189 01       		.byte	0x1
 681 018a 2D       		.byte	0x2d
 682 018b 64000000 		.4byte	0x64
 683 018f 21000000 		.4byte	.LLST1
 684 0193 14       		.uleb128 0x14
 685 0194 623000   		.ascii	"b0\000"
 686 0197 01       		.byte	0x1
 687 0198 2E       		.byte	0x2e
 688 0199 2C000000 		.4byte	0x2c
 689 019d 61000000 		.4byte	.LLST2
 690 01a1 15       		.uleb128 0x15
 691 01a2 623100   		.ascii	"b1\000"
 692 01a5 01       		.byte	0x1
 693 01a6 2E       		.byte	0x2e
 694 01a7 2C000000 		.4byte	0x2c
 695 01ab 14       		.uleb128 0x14
 696 01ac 623200   		.ascii	"b2\000"
 697 01af 01       		.byte	0x1
 698 01b0 2E       		.byte	0x2e
 699 01b1 2C000000 		.4byte	0x2c
 700 01b5 74000000 		.4byte	.LLST3
 701 01b9 15       		.uleb128 0x15
 702 01ba 623300   		.ascii	"b3\000"
 703 01bd 01       		.byte	0x1
 704 01be 2E       		.byte	0x2e
 705 01bf 2C000000 		.4byte	0x2c
 706 01c3 14       		.uleb128 0x14
 707 01c4 6900     		.ascii	"i\000"
 708 01c6 01       		.byte	0x1
 709 01c7 30       		.byte	0x30
 710 01c8 5D000000 		.4byte	0x5d
 711 01cc 96000000 		.4byte	.LLST4
 712 01d0 16       		.uleb128 0x16
ARM GAS  C:\Users\mac_000\AppData\Local\Temp\ccaZMF5G.s 			page 16


 713 01d1 16000000 		.4byte	.LBB2
 714 01d5 76010000 		.4byte	.LBE2-.LBB2
 715 01d9 D1030000 		.4byte	0x3d1
 716 01dd 14       		.uleb128 0x14
 717 01de 4C00     		.ascii	"L\000"
 718 01e0 01       		.byte	0x1
 719 01e1 48       		.byte	0x48
 720 01e2 64000000 		.4byte	0x64
 721 01e6 B5000000 		.4byte	.LLST5
 722 01ea 14       		.uleb128 0x14
 723 01eb 7000     		.ascii	"p\000"
 724 01ed 01       		.byte	0x1
 725 01ee 71       		.byte	0x71
 726 01ef 07040000 		.4byte	0x407
 727 01f3 D4000000 		.4byte	.LLST6
 728 01f7 16       		.uleb128 0x16
 729 01f8 6C000000 		.4byte	.LBB3
 730 01fc 2E000000 		.4byte	.LBE3-.LBB3
 731 0200 23020000 		.4byte	0x223
 732 0204 14       		.uleb128 0x14
 733 0205 62697400 		.ascii	"bit\000"
 734 0209 01       		.byte	0x1
 735 020a 4A       		.byte	0x4a
 736 020b 48000000 		.4byte	0x48
 737 020f F7000000 		.4byte	.LLST7
 738 0213 13       		.uleb128 0x13
 739 0214 00000000 		.4byte	.LASF20
 740 0218 01       		.byte	0x1
 741 0219 4B       		.byte	0x4b
 742 021a 5D000000 		.4byte	0x5d
 743 021e 0A010000 		.4byte	.LLST8
 744 0222 00       		.byte	0
 745 0223 0D       		.uleb128 0xd
 746 0224 1A000000 		.4byte	.LVL8
 747 0228 92040000 		.4byte	0x492
 748 022c 0D       		.uleb128 0xd
 749 022d 1E000000 		.4byte	.LVL9
 750 0231 9D040000 		.4byte	0x49d
 751 0235 0D       		.uleb128 0xd
 752 0236 28000000 		.4byte	.LVL10
 753 023a A8040000 		.4byte	0x4a8
 754 023e 0D       		.uleb128 0xd
 755 023f 2C000000 		.4byte	.LVL11
 756 0243 B4040000 		.4byte	0x4b4
 757 0247 17       		.uleb128 0x17
 758 0248 34000000 		.4byte	.LVL12
 759 024c C0040000 		.4byte	0x4c0
 760 0250 5B020000 		.4byte	0x25b
 761 0254 10       		.uleb128 0x10
 762 0255 01       		.uleb128 0x1
 763 0256 50       		.byte	0x50
 764 0257 02       		.uleb128 0x2
 765 0258 75       		.byte	0x75
 766 0259 00       		.sleb128 0
 767 025a 00       		.byte	0
 768 025b 17       		.uleb128 0x17
 769 025c 3A000000 		.4byte	.LVL13
ARM GAS  C:\Users\mac_000\AppData\Local\Temp\ccaZMF5G.s 			page 17


 770 0260 CC040000 		.4byte	0x4cc
 771 0264 6F020000 		.4byte	0x26f
 772 0268 10       		.uleb128 0x10
 773 0269 01       		.uleb128 0x1
 774 026a 50       		.byte	0x50
 775 026b 02       		.uleb128 0x2
 776 026c 75       		.byte	0x75
 777 026d 00       		.sleb128 0
 778 026e 00       		.byte	0
 779 026f 17       		.uleb128 0x17
 780 0270 40000000 		.4byte	.LVL14
 781 0274 D8040000 		.4byte	0x4d8
 782 0278 82020000 		.4byte	0x282
 783 027c 10       		.uleb128 0x10
 784 027d 01       		.uleb128 0x1
 785 027e 50       		.byte	0x50
 786 027f 01       		.uleb128 0x1
 787 0280 31       		.byte	0x31
 788 0281 00       		.byte	0
 789 0282 0D       		.uleb128 0xd
 790 0283 44000000 		.4byte	.LVL15
 791 0287 E3040000 		.4byte	0x4e3
 792 028b 0D       		.uleb128 0xd
 793 028c 48000000 		.4byte	.LVL16
 794 0290 EE040000 		.4byte	0x4ee
 795 0294 17       		.uleb128 0x17
 796 0295 52000000 		.4byte	.LVL17
 797 0299 D8040000 		.4byte	0x4d8
 798 029d A7020000 		.4byte	0x2a7
 799 02a1 10       		.uleb128 0x10
 800 02a2 01       		.uleb128 0x1
 801 02a3 50       		.byte	0x50
 802 02a4 01       		.uleb128 0x1
 803 02a5 30       		.byte	0x30
 804 02a6 00       		.byte	0
 805 02a7 17       		.uleb128 0x17
 806 02a8 60000000 		.4byte	.LVL18
 807 02ac FA040000 		.4byte	0x4fa
 808 02b0 CA020000 		.4byte	0x2ca
 809 02b4 10       		.uleb128 0x10
 810 02b5 01       		.uleb128 0x1
 811 02b6 50       		.byte	0x50
 812 02b7 02       		.uleb128 0x2
 813 02b8 7D       		.byte	0x7d
 814 02b9 00       		.sleb128 0
 815 02ba 10       		.uleb128 0x10
 816 02bb 01       		.uleb128 0x1
 817 02bc 51       		.byte	0x51
 818 02bd 02       		.uleb128 0x2
 819 02be 08       		.byte	0x8
 820 02bf 50       		.byte	0x50
 821 02c0 10       		.uleb128 0x10
 822 02c1 01       		.uleb128 0x1
 823 02c2 52       		.byte	0x52
 824 02c3 05       		.uleb128 0x5
 825 02c4 03       		.byte	0x3
 826 02c5 00000000 		.4byte	.LC4
ARM GAS  C:\Users\mac_000\AppData\Local\Temp\ccaZMF5G.s 			page 18


 827 02c9 00       		.byte	0
 828 02ca 17       		.uleb128 0x17
 829 02cb 66000000 		.4byte	.LVL19
 830 02cf 1B010000 		.4byte	0x11b
 831 02d3 DE020000 		.4byte	0x2de
 832 02d7 10       		.uleb128 0x10
 833 02d8 01       		.uleb128 0x1
 834 02d9 50       		.byte	0x50
 835 02da 02       		.uleb128 0x2
 836 02db 7D       		.byte	0x7d
 837 02dc 00       		.sleb128 0
 838 02dd 00       		.byte	0
 839 02de 17       		.uleb128 0x17
 840 02df F2000000 		.4byte	.LVL38
 841 02e3 FA040000 		.4byte	0x4fa
 842 02e7 01030000 		.4byte	0x301
 843 02eb 10       		.uleb128 0x10
 844 02ec 01       		.uleb128 0x1
 845 02ed 50       		.byte	0x50
 846 02ee 02       		.uleb128 0x2
 847 02ef 7D       		.byte	0x7d
 848 02f0 00       		.sleb128 0
 849 02f1 10       		.uleb128 0x10
 850 02f2 01       		.uleb128 0x1
 851 02f3 51       		.byte	0x51
 852 02f4 02       		.uleb128 0x2
 853 02f5 08       		.byte	0x8
 854 02f6 50       		.byte	0x50
 855 02f7 10       		.uleb128 0x10
 856 02f8 01       		.uleb128 0x1
 857 02f9 52       		.byte	0x52
 858 02fa 05       		.uleb128 0x5
 859 02fb 03       		.byte	0x3
 860 02fc 10000000 		.4byte	.LC6
 861 0300 00       		.byte	0
 862 0301 17       		.uleb128 0x17
 863 0302 F8000000 		.4byte	.LVL39
 864 0306 1B010000 		.4byte	0x11b
 865 030a 15030000 		.4byte	0x315
 866 030e 10       		.uleb128 0x10
 867 030f 01       		.uleb128 0x1
 868 0310 50       		.byte	0x50
 869 0311 02       		.uleb128 0x2
 870 0312 7D       		.byte	0x7d
 871 0313 00       		.sleb128 0
 872 0314 00       		.byte	0
 873 0315 17       		.uleb128 0x17
 874 0316 0E010000 		.4byte	.LVL41
 875 031a 05050000 		.4byte	0x505
 876 031e 28030000 		.4byte	0x328
 877 0322 10       		.uleb128 0x10
 878 0323 01       		.uleb128 0x1
 879 0324 50       		.byte	0x50
 880 0325 01       		.uleb128 0x1
 881 0326 31       		.byte	0x31
 882 0327 00       		.byte	0
 883 0328 17       		.uleb128 0x17
ARM GAS  C:\Users\mac_000\AppData\Local\Temp\ccaZMF5G.s 			page 19


 884 0329 14010000 		.4byte	.LVL42
 885 032d 1B010000 		.4byte	0x11b
 886 0331 3F030000 		.4byte	0x33f
 887 0335 10       		.uleb128 0x10
 888 0336 01       		.uleb128 0x1
 889 0337 50       		.byte	0x50
 890 0338 05       		.uleb128 0x5
 891 0339 03       		.byte	0x3
 892 033a 18000000 		.4byte	.LC8
 893 033e 00       		.byte	0
 894 033f 17       		.uleb128 0x17
 895 0340 20010000 		.4byte	.LVL43
 896 0344 10050000 		.4byte	0x510
 897 0348 52030000 		.4byte	0x352
 898 034c 10       		.uleb128 0x10
 899 034d 01       		.uleb128 0x1
 900 034e 50       		.byte	0x50
 901 034f 01       		.uleb128 0x1
 902 0350 31       		.byte	0x31
 903 0351 00       		.byte	0
 904 0352 17       		.uleb128 0x17
 905 0353 26010000 		.4byte	.LVL44
 906 0357 1B010000 		.4byte	0x11b
 907 035b 69030000 		.4byte	0x369
 908 035f 10       		.uleb128 0x10
 909 0360 01       		.uleb128 0x1
 910 0361 50       		.byte	0x50
 911 0362 05       		.uleb128 0x5
 912 0363 03       		.byte	0x3
 913 0364 1C000000 		.4byte	.LC10
 914 0368 00       		.byte	0
 915 0369 17       		.uleb128 0x17
 916 036a 32010000 		.4byte	.LVL45
 917 036e 1B050000 		.4byte	0x51b
 918 0372 7C030000 		.4byte	0x37c
 919 0376 10       		.uleb128 0x10
 920 0377 01       		.uleb128 0x1
 921 0378 50       		.byte	0x50
 922 0379 01       		.uleb128 0x1
 923 037a 31       		.byte	0x31
 924 037b 00       		.byte	0
 925 037c 17       		.uleb128 0x17
 926 037d 38010000 		.4byte	.LVL46
 927 0381 1B010000 		.4byte	0x11b
 928 0385 93030000 		.4byte	0x393
 929 0389 10       		.uleb128 0x10
 930 038a 01       		.uleb128 0x1
 931 038b 50       		.byte	0x50
 932 038c 05       		.uleb128 0x5
 933 038d 03       		.byte	0x3
 934 038e 20000000 		.4byte	.LC12
 935 0392 00       		.byte	0
 936 0393 17       		.uleb128 0x17
 937 0394 44010000 		.4byte	.LVL47
 938 0398 26050000 		.4byte	0x526
 939 039c A6030000 		.4byte	0x3a6
 940 03a0 10       		.uleb128 0x10
ARM GAS  C:\Users\mac_000\AppData\Local\Temp\ccaZMF5G.s 			page 20


 941 03a1 01       		.uleb128 0x1
 942 03a2 50       		.byte	0x50
 943 03a3 01       		.uleb128 0x1
 944 03a4 31       		.byte	0x31
 945 03a5 00       		.byte	0
 946 03a6 17       		.uleb128 0x17
 947 03a7 4A010000 		.4byte	.LVL48
 948 03ab 1B010000 		.4byte	0x11b
 949 03af BD030000 		.4byte	0x3bd
 950 03b3 10       		.uleb128 0x10
 951 03b4 01       		.uleb128 0x1
 952 03b5 50       		.byte	0x50
 953 03b6 05       		.uleb128 0x5
 954 03b7 03       		.byte	0x3
 955 03b8 24000000 		.4byte	.LC14
 956 03bc 00       		.byte	0
 957 03bd 0F       		.uleb128 0xf
 958 03be 50010000 		.4byte	.LVL49
 959 03c2 1B010000 		.4byte	0x11b
 960 03c6 10       		.uleb128 0x10
 961 03c7 01       		.uleb128 0x1
 962 03c8 50       		.byte	0x50
 963 03c9 05       		.uleb128 0x5
 964 03ca 03       		.byte	0x3
 965 03cb 28000000 		.4byte	.LC16
 966 03cf 00       		.byte	0
 967 03d0 00       		.byte	0
 968 03d1 0D       		.uleb128 0xd
 969 03d2 08000000 		.4byte	.LVL4
 970 03d6 31050000 		.4byte	0x531
 971 03da 0D       		.uleb128 0xd
 972 03db 0C000000 		.4byte	.LVL5
 973 03df 3C050000 		.4byte	0x53c
 974 03e3 0F       		.uleb128 0xf
 975 03e4 12000000 		.4byte	.LVL6
 976 03e8 48050000 		.4byte	0x548
 977 03ec 10       		.uleb128 0x10
 978 03ed 01       		.uleb128 0x1
 979 03ee 50       		.byte	0x50
 980 03ef 05       		.uleb128 0x5
 981 03f0 03       		.byte	0x3
 982 03f1 00000000 		.4byte	do_capture
 983 03f5 00       		.byte	0
 984 03f6 00       		.byte	0
 985 03f7 18       		.uleb128 0x18
 986 03f8 85000000 		.4byte	0x85
 987 03fc 07040000 		.4byte	0x407
 988 0400 19       		.uleb128 0x19
 989 0401 A4000000 		.4byte	0xa4
 990 0405 4F       		.byte	0x4f
 991 0406 00       		.byte	0
 992 0407 06       		.uleb128 0x6
 993 0408 04       		.byte	0x4
 994 0409 0D040000 		.4byte	0x40d
 995 040d 07       		.uleb128 0x7
 996 040e D7000000 		.4byte	0xd7
 997 0412 18       		.uleb128 0x18
ARM GAS  C:\Users\mac_000\AppData\Local\Temp\ccaZMF5G.s 			page 21


 998 0413 33000000 		.4byte	0x33
 999 0417 22040000 		.4byte	0x422
 1000 041b 19       		.uleb128 0x19
 1001 041c A4000000 		.4byte	0xa4
 1002 0420 63       		.byte	0x63
 1003 0421 00       		.byte	0
 1004 0422 1A       		.uleb128 0x1a
 1005 0423 2C010000 		.4byte	.LASF21
 1006 0427 01       		.byte	0x1
 1007 0428 1E       		.byte	0x1e
 1008 0429 12040000 		.4byte	0x412
 1009 042d 05       		.uleb128 0x5
 1010 042e 03       		.byte	0x3
 1011 042f 04000000 		.4byte	Capture
 1012 0433 1A       		.uleb128 0x1a
 1013 0434 76020000 		.4byte	.LASF22
 1014 0438 01       		.byte	0x1
 1015 0439 1F       		.byte	0x1f
 1016 043a 5D000000 		.4byte	0x5d
 1017 043e 05       		.uleb128 0x5
 1018 043f 03       		.byte	0x3
 1019 0440 00000000 		.4byte	NCapture
 1020 0444 1B       		.uleb128 0x1b
 1021 0445 00020000 		.4byte	.LASF23
 1022 0449 01       		.byte	0x1
 1023 044a 0F       		.byte	0xf
 1024 044b B6000000 		.4byte	0xb6
 1025 044f 05       		.uleb128 0x5
 1026 0450 03       		.byte	0x3
 1027 0451 00000000 		.4byte	M_Stat
 1028 0455 18       		.uleb128 0x18
 1029 0456 0D040000 		.4byte	0x40d
 1030 045a 65040000 		.4byte	0x465
 1031 045e 19       		.uleb128 0x19
 1032 045f A4000000 		.4byte	0xa4
 1033 0463 09       		.byte	0x9
 1034 0464 00       		.byte	0
 1035 0465 1C       		.uleb128 0x1c
 1036 0466 6B657900 		.ascii	"key\000"
 1037 046a 01       		.byte	0x1
 1038 046b 12       		.byte	0x12
 1039 046c 76040000 		.4byte	0x476
 1040 0470 05       		.uleb128 0x5
 1041 0471 03       		.byte	0x3
 1042 0472 00000000 		.4byte	key
 1043 0476 07       		.uleb128 0x7
 1044 0477 55040000 		.4byte	0x455
 1045 047b 1D       		.uleb128 0x1d
 1046 047c 7F020000 		.4byte	.LASF24
 1047 0480 7F020000 		.4byte	.LASF24
 1048 0484 03       		.byte	0x3
 1049 0485 4D01     		.2byte	0x14d
 1050 0487 1E       		.uleb128 0x1e
 1051 0488 BC020000 		.4byte	.LASF25
 1052 048c BC020000 		.4byte	.LASF25
 1053 0490 04       		.byte	0x4
 1054 0491 26       		.byte	0x26
ARM GAS  C:\Users\mac_000\AppData\Local\Temp\ccaZMF5G.s 			page 22


 1055 0492 1E       		.uleb128 0x1e
 1056 0493 51000000 		.4byte	.LASF26
 1057 0497 51000000 		.4byte	.LASF26
 1058 049b 05       		.byte	0x5
 1059 049c 25       		.byte	0x25
 1060 049d 1E       		.uleb128 0x1e
 1061 049e 9E020000 		.4byte	.LASF27
 1062 04a2 9E020000 		.4byte	.LASF27
 1063 04a6 05       		.byte	0x5
 1064 04a7 28       		.byte	0x28
 1065 04a8 1D       		.uleb128 0x1d
 1066 04a9 92020000 		.4byte	.LASF28
 1067 04ad 92020000 		.4byte	.LASF28
 1068 04b1 03       		.byte	0x3
 1069 04b2 3001     		.2byte	0x130
 1070 04b4 1D       		.uleb128 0x1d
 1071 04b5 EC000000 		.4byte	.LASF29
 1072 04b9 EC000000 		.4byte	.LASF29
 1073 04bd 03       		.byte	0x3
 1074 04be 3101     		.2byte	0x131
 1075 04c0 1D       		.uleb128 0x1d
 1076 04c1 25020000 		.4byte	.LASF30
 1077 04c5 25020000 		.4byte	.LASF30
 1078 04c9 03       		.byte	0x3
 1079 04ca 4A01     		.2byte	0x14a
 1080 04cc 1D       		.uleb128 0x1d
 1081 04cd 48010000 		.4byte	.LASF31
 1082 04d1 48010000 		.4byte	.LASF31
 1083 04d5 03       		.byte	0x3
 1084 04d6 5001     		.2byte	0x150
 1085 04d8 1E       		.uleb128 0x1e
 1086 04d9 05000000 		.4byte	.LASF32
 1087 04dd 05000000 		.4byte	.LASF32
 1088 04e1 06       		.byte	0x6
 1089 04e2 33       		.byte	0x33
 1090 04e3 1E       		.uleb128 0x1e
 1091 04e4 B0020000 		.4byte	.LASF33
 1092 04e8 B0020000 		.4byte	.LASF33
 1093 04ec 05       		.byte	0x5
 1094 04ed 23       		.byte	0x23
 1095 04ee 1D       		.uleb128 0x1d
 1096 04ef 39000000 		.4byte	.LASF34
 1097 04f3 39000000 		.4byte	.LASF34
 1098 04f7 03       		.byte	0x3
 1099 04f8 4B01     		.2byte	0x14b
 1100 04fa 1E       		.uleb128 0x1e
 1101 04fb 73010000 		.4byte	.LASF35
 1102 04ff 73010000 		.4byte	.LASF35
 1103 0503 07       		.byte	0x7
 1104 0504 FD       		.byte	0xfd
 1105 0505 1E       		.uleb128 0x1e
 1106 0506 19000000 		.4byte	.LASF36
 1107 050a 19000000 		.4byte	.LASF36
 1108 050e 08       		.byte	0x8
 1109 050f 33       		.byte	0x33
 1110 0510 1E       		.uleb128 0x1e
 1111 0511 34010000 		.4byte	.LASF37
ARM GAS  C:\Users\mac_000\AppData\Local\Temp\ccaZMF5G.s 			page 23


 1112 0515 34010000 		.4byte	.LASF37
 1113 0519 09       		.byte	0x9
 1114 051a 33       		.byte	0x33
 1115 051b 1E       		.uleb128 0x1e
 1116 051c 96010000 		.4byte	.LASF38
 1117 0520 96010000 		.4byte	.LASF38
 1118 0524 0A       		.byte	0xa
 1119 0525 33       		.byte	0x33
 1120 0526 1E       		.uleb128 0x1e
 1121 0527 68010000 		.4byte	.LASF39
 1122 052b 68010000 		.4byte	.LASF39
 1123 052f 0B       		.byte	0xb
 1124 0530 33       		.byte	0x33
 1125 0531 1E       		.uleb128 0x1e
 1126 0532 2D000000 		.4byte	.LASF40
 1127 0536 2D000000 		.4byte	.LASF40
 1128 053a 04       		.byte	0x4
 1129 053b 1F       		.byte	0x1f
 1130 053c 1D       		.uleb128 0x1d
 1131 053d 11010000 		.4byte	.LASF41
 1132 0541 11010000 		.4byte	.LASF41
 1133 0545 03       		.byte	0x3
 1134 0546 3201     		.2byte	0x132
 1135 0548 1E       		.uleb128 0x1e
 1136 0549 5B010000 		.4byte	.LASF42
 1137 054d 5B010000 		.4byte	.LASF42
 1138 0551 05       		.byte	0x5
 1139 0552 18       		.byte	0x18
 1140 0553 00       		.byte	0
 1141              		.section	.debug_abbrev,"",%progbits
 1142              	.Ldebug_abbrev0:
 1143 0000 01       		.uleb128 0x1
 1144 0001 11       		.uleb128 0x11
 1145 0002 01       		.byte	0x1
 1146 0003 25       		.uleb128 0x25
 1147 0004 0E       		.uleb128 0xe
 1148 0005 13       		.uleb128 0x13
 1149 0006 0B       		.uleb128 0xb
 1150 0007 03       		.uleb128 0x3
 1151 0008 0E       		.uleb128 0xe
 1152 0009 1B       		.uleb128 0x1b
 1153 000a 0E       		.uleb128 0xe
 1154 000b 55       		.uleb128 0x55
 1155 000c 17       		.uleb128 0x17
 1156 000d 11       		.uleb128 0x11
 1157 000e 01       		.uleb128 0x1
 1158 000f 10       		.uleb128 0x10
 1159 0010 17       		.uleb128 0x17
 1160 0011 00       		.byte	0
 1161 0012 00       		.byte	0
 1162 0013 02       		.uleb128 0x2
 1163 0014 24       		.uleb128 0x24
 1164 0015 00       		.byte	0
 1165 0016 0B       		.uleb128 0xb
 1166 0017 0B       		.uleb128 0xb
 1167 0018 3E       		.uleb128 0x3e
 1168 0019 0B       		.uleb128 0xb
ARM GAS  C:\Users\mac_000\AppData\Local\Temp\ccaZMF5G.s 			page 24


 1169 001a 03       		.uleb128 0x3
 1170 001b 0E       		.uleb128 0xe
 1171 001c 00       		.byte	0
 1172 001d 00       		.byte	0
 1173 001e 03       		.uleb128 0x3
 1174 001f 24       		.uleb128 0x24
 1175 0020 00       		.byte	0
 1176 0021 0B       		.uleb128 0xb
 1177 0022 0B       		.uleb128 0xb
 1178 0023 3E       		.uleb128 0x3e
 1179 0024 0B       		.uleb128 0xb
 1180 0025 03       		.uleb128 0x3
 1181 0026 08       		.uleb128 0x8
 1182 0027 00       		.byte	0
 1183 0028 00       		.byte	0
 1184 0029 04       		.uleb128 0x4
 1185 002a 16       		.uleb128 0x16
 1186 002b 00       		.byte	0
 1187 002c 03       		.uleb128 0x3
 1188 002d 0E       		.uleb128 0xe
 1189 002e 3A       		.uleb128 0x3a
 1190 002f 0B       		.uleb128 0xb
 1191 0030 3B       		.uleb128 0x3b
 1192 0031 05       		.uleb128 0x5
 1193 0032 49       		.uleb128 0x49
 1194 0033 13       		.uleb128 0x13
 1195 0034 00       		.byte	0
 1196 0035 00       		.byte	0
 1197 0036 05       		.uleb128 0x5
 1198 0037 35       		.uleb128 0x35
 1199 0038 00       		.byte	0
 1200 0039 49       		.uleb128 0x49
 1201 003a 13       		.uleb128 0x13
 1202 003b 00       		.byte	0
 1203 003c 00       		.byte	0
 1204 003d 06       		.uleb128 0x6
 1205 003e 0F       		.uleb128 0xf
 1206 003f 00       		.byte	0
 1207 0040 0B       		.uleb128 0xb
 1208 0041 0B       		.uleb128 0xb
 1209 0042 49       		.uleb128 0x49
 1210 0043 13       		.uleb128 0x13
 1211 0044 00       		.byte	0
 1212 0045 00       		.byte	0
 1213 0046 07       		.uleb128 0x7
 1214 0047 26       		.uleb128 0x26
 1215 0048 00       		.byte	0
 1216 0049 49       		.uleb128 0x49
 1217 004a 13       		.uleb128 0x13
 1218 004b 00       		.byte	0
 1219 004c 00       		.byte	0
 1220 004d 08       		.uleb128 0x8
 1221 004e 04       		.uleb128 0x4
 1222 004f 01       		.byte	0x1
 1223 0050 0B       		.uleb128 0xb
 1224 0051 0B       		.uleb128 0xb
 1225 0052 49       		.uleb128 0x49
ARM GAS  C:\Users\mac_000\AppData\Local\Temp\ccaZMF5G.s 			page 25


 1226 0053 13       		.uleb128 0x13
 1227 0054 3A       		.uleb128 0x3a
 1228 0055 0B       		.uleb128 0xb
 1229 0056 3B       		.uleb128 0x3b
 1230 0057 0B       		.uleb128 0xb
 1231 0058 01       		.uleb128 0x1
 1232 0059 13       		.uleb128 0x13
 1233 005a 00       		.byte	0
 1234 005b 00       		.byte	0
 1235 005c 09       		.uleb128 0x9
 1236 005d 28       		.uleb128 0x28
 1237 005e 00       		.byte	0
 1238 005f 03       		.uleb128 0x3
 1239 0060 08       		.uleb128 0x8
 1240 0061 1C       		.uleb128 0x1c
 1241 0062 0B       		.uleb128 0xb
 1242 0063 00       		.byte	0
 1243 0064 00       		.byte	0
 1244 0065 0A       		.uleb128 0xa
 1245 0066 13       		.uleb128 0x13
 1246 0067 01       		.byte	0x1
 1247 0068 03       		.uleb128 0x3
 1248 0069 08       		.uleb128 0x8
 1249 006a 0B       		.uleb128 0xb
 1250 006b 0B       		.uleb128 0xb
 1251 006c 3A       		.uleb128 0x3a
 1252 006d 0B       		.uleb128 0xb
 1253 006e 3B       		.uleb128 0x3b
 1254 006f 0B       		.uleb128 0xb
 1255 0070 01       		.uleb128 0x1
 1256 0071 13       		.uleb128 0x13
 1257 0072 00       		.byte	0
 1258 0073 00       		.byte	0
 1259 0074 0B       		.uleb128 0xb
 1260 0075 0D       		.uleb128 0xd
 1261 0076 00       		.byte	0
 1262 0077 03       		.uleb128 0x3
 1263 0078 0E       		.uleb128 0xe
 1264 0079 3A       		.uleb128 0x3a
 1265 007a 0B       		.uleb128 0xb
 1266 007b 3B       		.uleb128 0x3b
 1267 007c 0B       		.uleb128 0xb
 1268 007d 49       		.uleb128 0x49
 1269 007e 13       		.uleb128 0x13
 1270 007f 38       		.uleb128 0x38
 1271 0080 0B       		.uleb128 0xb
 1272 0081 00       		.byte	0
 1273 0082 00       		.byte	0
 1274 0083 0C       		.uleb128 0xc
 1275 0084 2E       		.uleb128 0x2e
 1276 0085 01       		.byte	0x1
 1277 0086 3F       		.uleb128 0x3f
 1278 0087 19       		.uleb128 0x19
 1279 0088 03       		.uleb128 0x3
 1280 0089 0E       		.uleb128 0xe
 1281 008a 3A       		.uleb128 0x3a
 1282 008b 0B       		.uleb128 0xb
ARM GAS  C:\Users\mac_000\AppData\Local\Temp\ccaZMF5G.s 			page 26


 1283 008c 3B       		.uleb128 0x3b
 1284 008d 0B       		.uleb128 0xb
 1285 008e 27       		.uleb128 0x27
 1286 008f 19       		.uleb128 0x19
 1287 0090 11       		.uleb128 0x11
 1288 0091 01       		.uleb128 0x1
 1289 0092 12       		.uleb128 0x12
 1290 0093 06       		.uleb128 0x6
 1291 0094 40       		.uleb128 0x40
 1292 0095 18       		.uleb128 0x18
 1293 0096 9742     		.uleb128 0x2117
 1294 0098 19       		.uleb128 0x19
 1295 0099 01       		.uleb128 0x1
 1296 009a 13       		.uleb128 0x13
 1297 009b 00       		.byte	0
 1298 009c 00       		.byte	0
 1299 009d 0D       		.uleb128 0xd
 1300 009e 898201   		.uleb128 0x4109
 1301 00a1 00       		.byte	0
 1302 00a2 11       		.uleb128 0x11
 1303 00a3 01       		.uleb128 0x1
 1304 00a4 31       		.uleb128 0x31
 1305 00a5 13       		.uleb128 0x13
 1306 00a6 00       		.byte	0
 1307 00a7 00       		.byte	0
 1308 00a8 0E       		.uleb128 0xe
 1309 00a9 05       		.uleb128 0x5
 1310 00aa 00       		.byte	0
 1311 00ab 03       		.uleb128 0x3
 1312 00ac 08       		.uleb128 0x8
 1313 00ad 3A       		.uleb128 0x3a
 1314 00ae 0B       		.uleb128 0xb
 1315 00af 3B       		.uleb128 0x3b
 1316 00b0 0B       		.uleb128 0xb
 1317 00b1 49       		.uleb128 0x49
 1318 00b2 13       		.uleb128 0x13
 1319 00b3 02       		.uleb128 0x2
 1320 00b4 17       		.uleb128 0x17
 1321 00b5 00       		.byte	0
 1322 00b6 00       		.byte	0
 1323 00b7 0F       		.uleb128 0xf
 1324 00b8 898201   		.uleb128 0x4109
 1325 00bb 01       		.byte	0x1
 1326 00bc 11       		.uleb128 0x11
 1327 00bd 01       		.uleb128 0x1
 1328 00be 31       		.uleb128 0x31
 1329 00bf 13       		.uleb128 0x13
 1330 00c0 00       		.byte	0
 1331 00c1 00       		.byte	0
 1332 00c2 10       		.uleb128 0x10
 1333 00c3 8A8201   		.uleb128 0x410a
 1334 00c6 00       		.byte	0
 1335 00c7 02       		.uleb128 0x2
 1336 00c8 18       		.uleb128 0x18
 1337 00c9 9142     		.uleb128 0x2111
 1338 00cb 18       		.uleb128 0x18
 1339 00cc 00       		.byte	0
ARM GAS  C:\Users\mac_000\AppData\Local\Temp\ccaZMF5G.s 			page 27


 1340 00cd 00       		.byte	0
 1341 00ce 11       		.uleb128 0x11
 1342 00cf 2E       		.uleb128 0x2e
 1343 00d0 01       		.byte	0x1
 1344 00d1 3F       		.uleb128 0x3f
 1345 00d2 19       		.uleb128 0x19
 1346 00d3 03       		.uleb128 0x3
 1347 00d4 0E       		.uleb128 0xe
 1348 00d5 3A       		.uleb128 0x3a
 1349 00d6 0B       		.uleb128 0xb
 1350 00d7 3B       		.uleb128 0x3b
 1351 00d8 0B       		.uleb128 0xb
 1352 00d9 27       		.uleb128 0x27
 1353 00da 19       		.uleb128 0x19
 1354 00db 49       		.uleb128 0x49
 1355 00dc 13       		.uleb128 0x13
 1356 00dd 8701     		.uleb128 0x87
 1357 00df 19       		.uleb128 0x19
 1358 00e0 11       		.uleb128 0x11
 1359 00e1 01       		.uleb128 0x1
 1360 00e2 12       		.uleb128 0x12
 1361 00e3 06       		.uleb128 0x6
 1362 00e4 40       		.uleb128 0x40
 1363 00e5 18       		.uleb128 0x18
 1364 00e6 9742     		.uleb128 0x2117
 1365 00e8 19       		.uleb128 0x19
 1366 00e9 01       		.uleb128 0x1
 1367 00ea 13       		.uleb128 0x13
 1368 00eb 00       		.byte	0
 1369 00ec 00       		.byte	0
 1370 00ed 12       		.uleb128 0x12
 1371 00ee 34       		.uleb128 0x34
 1372 00ef 00       		.byte	0
 1373 00f0 03       		.uleb128 0x3
 1374 00f1 08       		.uleb128 0x8
 1375 00f2 3A       		.uleb128 0x3a
 1376 00f3 0B       		.uleb128 0xb
 1377 00f4 3B       		.uleb128 0x3b
 1378 00f5 0B       		.uleb128 0xb
 1379 00f6 49       		.uleb128 0x49
 1380 00f7 13       		.uleb128 0x13
 1381 00f8 02       		.uleb128 0x2
 1382 00f9 18       		.uleb128 0x18
 1383 00fa 00       		.byte	0
 1384 00fb 00       		.byte	0
 1385 00fc 13       		.uleb128 0x13
 1386 00fd 34       		.uleb128 0x34
 1387 00fe 00       		.byte	0
 1388 00ff 03       		.uleb128 0x3
 1389 0100 0E       		.uleb128 0xe
 1390 0101 3A       		.uleb128 0x3a
 1391 0102 0B       		.uleb128 0xb
 1392 0103 3B       		.uleb128 0x3b
 1393 0104 0B       		.uleb128 0xb
 1394 0105 49       		.uleb128 0x49
 1395 0106 13       		.uleb128 0x13
 1396 0107 02       		.uleb128 0x2
ARM GAS  C:\Users\mac_000\AppData\Local\Temp\ccaZMF5G.s 			page 28


 1397 0108 17       		.uleb128 0x17
 1398 0109 00       		.byte	0
 1399 010a 00       		.byte	0
 1400 010b 14       		.uleb128 0x14
 1401 010c 34       		.uleb128 0x34
 1402 010d 00       		.byte	0
 1403 010e 03       		.uleb128 0x3
 1404 010f 08       		.uleb128 0x8
 1405 0110 3A       		.uleb128 0x3a
 1406 0111 0B       		.uleb128 0xb
 1407 0112 3B       		.uleb128 0x3b
 1408 0113 0B       		.uleb128 0xb
 1409 0114 49       		.uleb128 0x49
 1410 0115 13       		.uleb128 0x13
 1411 0116 02       		.uleb128 0x2
 1412 0117 17       		.uleb128 0x17
 1413 0118 00       		.byte	0
 1414 0119 00       		.byte	0
 1415 011a 15       		.uleb128 0x15
 1416 011b 34       		.uleb128 0x34
 1417 011c 00       		.byte	0
 1418 011d 03       		.uleb128 0x3
 1419 011e 08       		.uleb128 0x8
 1420 011f 3A       		.uleb128 0x3a
 1421 0120 0B       		.uleb128 0xb
 1422 0121 3B       		.uleb128 0x3b
 1423 0122 0B       		.uleb128 0xb
 1424 0123 49       		.uleb128 0x49
 1425 0124 13       		.uleb128 0x13
 1426 0125 00       		.byte	0
 1427 0126 00       		.byte	0
 1428 0127 16       		.uleb128 0x16
 1429 0128 0B       		.uleb128 0xb
 1430 0129 01       		.byte	0x1
 1431 012a 11       		.uleb128 0x11
 1432 012b 01       		.uleb128 0x1
 1433 012c 12       		.uleb128 0x12
 1434 012d 06       		.uleb128 0x6
 1435 012e 01       		.uleb128 0x1
 1436 012f 13       		.uleb128 0x13
 1437 0130 00       		.byte	0
 1438 0131 00       		.byte	0
 1439 0132 17       		.uleb128 0x17
 1440 0133 898201   		.uleb128 0x4109
 1441 0136 01       		.byte	0x1
 1442 0137 11       		.uleb128 0x11
 1443 0138 01       		.uleb128 0x1
 1444 0139 31       		.uleb128 0x31
 1445 013a 13       		.uleb128 0x13
 1446 013b 01       		.uleb128 0x1
 1447 013c 13       		.uleb128 0x13
 1448 013d 00       		.byte	0
 1449 013e 00       		.byte	0
 1450 013f 18       		.uleb128 0x18
 1451 0140 01       		.uleb128 0x1
 1452 0141 01       		.byte	0x1
 1453 0142 49       		.uleb128 0x49
ARM GAS  C:\Users\mac_000\AppData\Local\Temp\ccaZMF5G.s 			page 29


 1454 0143 13       		.uleb128 0x13
 1455 0144 01       		.uleb128 0x1
 1456 0145 13       		.uleb128 0x13
 1457 0146 00       		.byte	0
 1458 0147 00       		.byte	0
 1459 0148 19       		.uleb128 0x19
 1460 0149 21       		.uleb128 0x21
 1461 014a 00       		.byte	0
 1462 014b 49       		.uleb128 0x49
 1463 014c 13       		.uleb128 0x13
 1464 014d 2F       		.uleb128 0x2f
 1465 014e 0B       		.uleb128 0xb
 1466 014f 00       		.byte	0
 1467 0150 00       		.byte	0
 1468 0151 1A       		.uleb128 0x1a
 1469 0152 34       		.uleb128 0x34
 1470 0153 00       		.byte	0
 1471 0154 03       		.uleb128 0x3
 1472 0155 0E       		.uleb128 0xe
 1473 0156 3A       		.uleb128 0x3a
 1474 0157 0B       		.uleb128 0xb
 1475 0158 3B       		.uleb128 0x3b
 1476 0159 0B       		.uleb128 0xb
 1477 015a 49       		.uleb128 0x49
 1478 015b 13       		.uleb128 0x13
 1479 015c 02       		.uleb128 0x2
 1480 015d 18       		.uleb128 0x18
 1481 015e 00       		.byte	0
 1482 015f 00       		.byte	0
 1483 0160 1B       		.uleb128 0x1b
 1484 0161 34       		.uleb128 0x34
 1485 0162 00       		.byte	0
 1486 0163 03       		.uleb128 0x3
 1487 0164 0E       		.uleb128 0xe
 1488 0165 3A       		.uleb128 0x3a
 1489 0166 0B       		.uleb128 0xb
 1490 0167 3B       		.uleb128 0x3b
 1491 0168 0B       		.uleb128 0xb
 1492 0169 49       		.uleb128 0x49
 1493 016a 13       		.uleb128 0x13
 1494 016b 3F       		.uleb128 0x3f
 1495 016c 19       		.uleb128 0x19
 1496 016d 02       		.uleb128 0x2
 1497 016e 18       		.uleb128 0x18
 1498 016f 00       		.byte	0
 1499 0170 00       		.byte	0
 1500 0171 1C       		.uleb128 0x1c
 1501 0172 34       		.uleb128 0x34
 1502 0173 00       		.byte	0
 1503 0174 03       		.uleb128 0x3
 1504 0175 08       		.uleb128 0x8
 1505 0176 3A       		.uleb128 0x3a
 1506 0177 0B       		.uleb128 0xb
 1507 0178 3B       		.uleb128 0x3b
 1508 0179 0B       		.uleb128 0xb
 1509 017a 49       		.uleb128 0x49
 1510 017b 13       		.uleb128 0x13
ARM GAS  C:\Users\mac_000\AppData\Local\Temp\ccaZMF5G.s 			page 30


 1511 017c 3F       		.uleb128 0x3f
 1512 017d 19       		.uleb128 0x19
 1513 017e 02       		.uleb128 0x2
 1514 017f 18       		.uleb128 0x18
 1515 0180 00       		.byte	0
 1516 0181 00       		.byte	0
 1517 0182 1D       		.uleb128 0x1d
 1518 0183 2E       		.uleb128 0x2e
 1519 0184 00       		.byte	0
 1520 0185 3F       		.uleb128 0x3f
 1521 0186 19       		.uleb128 0x19
 1522 0187 3C       		.uleb128 0x3c
 1523 0188 19       		.uleb128 0x19
 1524 0189 6E       		.uleb128 0x6e
 1525 018a 0E       		.uleb128 0xe
 1526 018b 03       		.uleb128 0x3
 1527 018c 0E       		.uleb128 0xe
 1528 018d 3A       		.uleb128 0x3a
 1529 018e 0B       		.uleb128 0xb
 1530 018f 3B       		.uleb128 0x3b
 1531 0190 05       		.uleb128 0x5
 1532 0191 00       		.byte	0
 1533 0192 00       		.byte	0
 1534 0193 1E       		.uleb128 0x1e
 1535 0194 2E       		.uleb128 0x2e
 1536 0195 00       		.byte	0
 1537 0196 3F       		.uleb128 0x3f
 1538 0197 19       		.uleb128 0x19
 1539 0198 3C       		.uleb128 0x3c
 1540 0199 19       		.uleb128 0x19
 1541 019a 6E       		.uleb128 0x6e
 1542 019b 0E       		.uleb128 0xe
 1543 019c 03       		.uleb128 0x3
 1544 019d 0E       		.uleb128 0xe
 1545 019e 3A       		.uleb128 0x3a
 1546 019f 0B       		.uleb128 0xb
 1547 01a0 3B       		.uleb128 0x3b
 1548 01a1 0B       		.uleb128 0xb
 1549 01a2 00       		.byte	0
 1550 01a3 00       		.byte	0
 1551 01a4 00       		.byte	0
 1552              		.section	.debug_loc,"",%progbits
 1553              	.Ldebug_loc0:
 1554              	.LLST0:
 1555 0000 00000000 		.4byte	.LVL1
 1556 0004 05000000 		.4byte	.LVL2-1
 1557 0008 0100     		.2byte	0x1
 1558 000a 50       		.byte	0x50
 1559 000b 05000000 		.4byte	.LVL2-1
 1560 000f 08000000 		.4byte	.LFE34
 1561 0013 0400     		.2byte	0x4
 1562 0015 F3       		.byte	0xf3
 1563 0016 01       		.uleb128 0x1
 1564 0017 50       		.byte	0x50
 1565 0018 9F       		.byte	0x9f
 1566 0019 00000000 		.4byte	0
 1567 001d 00000000 		.4byte	0
ARM GAS  C:\Users\mac_000\AppData\Local\Temp\ccaZMF5G.s 			page 31


 1568              	.LLST1:
 1569 0021 04000000 		.4byte	.LVL3
 1570 0025 16000000 		.4byte	.LVL7
 1571 0029 0200     		.2byte	0x2
 1572 002b 30       		.byte	0x30
 1573 002c 9F       		.byte	0x9f
 1574 002d 16000000 		.4byte	.LVL7
 1575 0031 AE000000 		.4byte	.LVL29
 1576 0035 0100     		.2byte	0x1
 1577 0037 54       		.byte	0x54
 1578 0038 B2000000 		.4byte	.LVL30
 1579 003c D6000000 		.4byte	.LVL34
 1580 0040 0100     		.2byte	0x1
 1581 0042 54       		.byte	0x54
 1582 0043 DE000000 		.4byte	.LVL35
 1583 0047 E6000000 		.4byte	.LVL36
 1584 004b 0100     		.2byte	0x1
 1585 004d 54       		.byte	0x54
 1586 004e E8000000 		.4byte	.LVL37
 1587 0052 8C010000 		.4byte	.LFE35
 1588 0056 0100     		.2byte	0x1
 1589 0058 54       		.byte	0x54
 1590 0059 00000000 		.4byte	0
 1591 005d 00000000 		.4byte	0
 1592              	.LLST2:
 1593 0061 B6000000 		.4byte	.LVL31
 1594 0065 E8000000 		.4byte	.LVL37
 1595 0069 0100     		.2byte	0x1
 1596 006b 53       		.byte	0x53
 1597 006c 00000000 		.4byte	0
 1598 0070 00000000 		.4byte	0
 1599              	.LLST3:
 1600 0074 BA000000 		.4byte	.LVL32
 1601 0078 CC000000 		.4byte	.LVL33
 1602 007c 0100     		.2byte	0x1
 1603 007e 51       		.byte	0x51
 1604 007f CC000000 		.4byte	.LVL33
 1605 0083 E8000000 		.4byte	.LVL37
 1606 0087 0500     		.2byte	0x5
 1607 0089 73       		.byte	0x73
 1608 008a 00       		.sleb128 0
 1609 008b 40       		.byte	0x40
 1610 008c 25       		.byte	0x25
 1611 008d 9F       		.byte	0x9f
 1612 008e 00000000 		.4byte	0
 1613 0092 00000000 		.4byte	0
 1614              	.LLST4:
 1615 0096 66000000 		.4byte	.LVL19
 1616 009a 6C000000 		.4byte	.LVL20
 1617 009e 0200     		.2byte	0x2
 1618 00a0 31       		.byte	0x31
 1619 00a1 9F       		.byte	0x9f
 1620 00a2 6C000000 		.4byte	.LVL20
 1621 00a6 BA000000 		.4byte	.LVL32
 1622 00aa 0100     		.2byte	0x1
 1623 00ac 51       		.byte	0x51
 1624 00ad 00000000 		.4byte	0
ARM GAS  C:\Users\mac_000\AppData\Local\Temp\ccaZMF5G.s 			page 32


 1625 00b1 00000000 		.4byte	0
 1626              	.LLST5:
 1627 00b5 66000000 		.4byte	.LVL19
 1628 00b9 6C000000 		.4byte	.LVL20
 1629 00bd 0200     		.2byte	0x2
 1630 00bf 30       		.byte	0x30
 1631 00c0 9F       		.byte	0x9f
 1632 00c1 6C000000 		.4byte	.LVL20
 1633 00c5 F1000000 		.4byte	.LVL38-1
 1634 00c9 0100     		.2byte	0x1
 1635 00cb 53       		.byte	0x53
 1636 00cc 00000000 		.4byte	0
 1637 00d0 00000000 		.4byte	0
 1638              	.LLST6:
 1639 00d4 F8000000 		.4byte	.LVL39
 1640 00d8 FC000000 		.4byte	.LVL40
 1641 00dc 0600     		.2byte	0x6
 1642 00de 03       		.byte	0x3
 1643 00df 00000000 		.4byte	key
 1644 00e3 9F       		.byte	0x9f
 1645 00e4 FC000000 		.4byte	.LVL40
 1646 00e8 8C010000 		.4byte	.LFE35
 1647 00ec 0100     		.2byte	0x1
 1648 00ee 55       		.byte	0x55
 1649 00ef 00000000 		.4byte	0
 1650 00f3 00000000 		.4byte	0
 1651              	.LLST7:
 1652 00f7 92000000 		.4byte	.LVL25
 1653 00fb 9C000000 		.4byte	.LVL28
 1654 00ff 0100     		.2byte	0x1
 1655 0101 52       		.byte	0x52
 1656 0102 00000000 		.4byte	0
 1657 0106 00000000 		.4byte	0
 1658              	.LLST8:
 1659 010a 82000000 		.4byte	.LVL21
 1660 010e 8C000000 		.4byte	.LVL22
 1661 0112 0100     		.2byte	0x1
 1662 0114 52       		.byte	0x52
 1663 0115 8C000000 		.4byte	.LVL22
 1664 0119 8E000000 		.4byte	.LVL23
 1665 011d 2200     		.2byte	0x22
 1666 011f 71       		.byte	0x71
 1667 0120 7F       		.sleb128 -1
 1668 0121 31       		.byte	0x31
 1669 0122 24       		.byte	0x24
 1670 0123 03       		.byte	0x3
 1671 0124 04000000 		.4byte	.LANCHOR0+4
 1672 0128 22       		.byte	0x22
 1673 0129 94       		.byte	0x94
 1674 012a 02       		.byte	0x2
 1675 012b 40       		.byte	0x40
 1676 012c 24       		.byte	0x24
 1677 012d 40       		.byte	0x40
 1678 012e 26       		.byte	0x26
 1679 012f 71       		.byte	0x71
 1680 0130 00       		.sleb128 0
 1681 0131 31       		.byte	0x31
ARM GAS  C:\Users\mac_000\AppData\Local\Temp\ccaZMF5G.s 			page 33


 1682 0132 24       		.byte	0x24
 1683 0133 03       		.byte	0x3
 1684 0134 04000000 		.4byte	.LANCHOR0+4
 1685 0138 22       		.byte	0x22
 1686 0139 94       		.byte	0x94
 1687 013a 02       		.byte	0x2
 1688 013b 40       		.byte	0x40
 1689 013c 24       		.byte	0x24
 1690 013d 40       		.byte	0x40
 1691 013e 26       		.byte	0x26
 1692 013f 1C       		.byte	0x1c
 1693 0140 9F       		.byte	0x9f
 1694 0141 8E000000 		.4byte	.LVL23
 1695 0145 90000000 		.4byte	.LVL24
 1696 0149 0100     		.2byte	0x1
 1697 014b 52       		.byte	0x52
 1698 014c 90000000 		.4byte	.LVL24
 1699 0150 9C000000 		.4byte	.LVL28
 1700 0154 2200     		.2byte	0x22
 1701 0156 71       		.byte	0x71
 1702 0157 7F       		.sleb128 -1
 1703 0158 31       		.byte	0x31
 1704 0159 24       		.byte	0x24
 1705 015a 03       		.byte	0x3
 1706 015b 04000000 		.4byte	.LANCHOR0+4
 1707 015f 22       		.byte	0x22
 1708 0160 94       		.byte	0x94
 1709 0161 02       		.byte	0x2
 1710 0162 40       		.byte	0x40
 1711 0163 24       		.byte	0x24
 1712 0164 40       		.byte	0x40
 1713 0165 26       		.byte	0x26
 1714 0166 71       		.byte	0x71
 1715 0167 00       		.sleb128 0
 1716 0168 31       		.byte	0x31
 1717 0169 24       		.byte	0x24
 1718 016a 03       		.byte	0x3
 1719 016b 04000000 		.4byte	.LANCHOR0+4
 1720 016f 22       		.byte	0x22
 1721 0170 94       		.byte	0x94
 1722 0171 02       		.byte	0x2
 1723 0172 40       		.byte	0x40
 1724 0173 24       		.byte	0x24
 1725 0174 40       		.byte	0x40
 1726 0175 26       		.byte	0x26
 1727 0176 1C       		.byte	0x1c
 1728 0177 9F       		.byte	0x9f
 1729 0178 00000000 		.4byte	0
 1730 017c 00000000 		.4byte	0
 1731              		.section	.debug_aranges,"",%progbits
 1732 0000 2C000000 		.4byte	0x2c
 1733 0004 0200     		.2byte	0x2
 1734 0006 00000000 		.4byte	.Ldebug_info0
 1735 000a 04       		.byte	0x4
 1736 000b 00       		.byte	0
 1737 000c 0000     		.2byte	0
 1738 000e 0000     		.2byte	0
ARM GAS  C:\Users\mac_000\AppData\Local\Temp\ccaZMF5G.s 			page 34


 1739 0010 00000000 		.4byte	.LFB33
 1740 0014 24000000 		.4byte	.LFE33-.LFB33
 1741 0018 00000000 		.4byte	.LFB34
 1742 001c 08000000 		.4byte	.LFE34-.LFB34
 1743 0020 00000000 		.4byte	.LFB35
 1744 0024 8C010000 		.4byte	.LFE35-.LFB35
 1745 0028 00000000 		.4byte	0
 1746 002c 00000000 		.4byte	0
 1747              		.section	.debug_ranges,"",%progbits
 1748              	.Ldebug_ranges0:
 1749 0000 00000000 		.4byte	.LFB33
 1750 0004 24000000 		.4byte	.LFE33
 1751 0008 00000000 		.4byte	.LFB34
 1752 000c 08000000 		.4byte	.LFE34
 1753 0010 00000000 		.4byte	.LFB35
 1754 0014 8C010000 		.4byte	.LFE35
 1755 0018 00000000 		.4byte	0
 1756 001c 00000000 		.4byte	0
 1757              		.section	.debug_line,"",%progbits
 1758              	.Ldebug_line0:
 1759 0000 98010000 		.section	.debug_str,"MS",%progbits,1
 1759      02000601 
 1759      00000201 
 1759      FB0E0D00 
 1759      01010101 
 1760              	.LASF20:
 1761 0000 64696666 		.ascii	"diff\000"
 1761      00
 1762              	.LASF32:
 1763 0005 4C45445F 		.ascii	"LED_Write\000"
 1763      57726974 
 1763      6500
 1764              	.LASF2:
 1765 000f 73686F72 		.ascii	"short int\000"
 1765      7420696E 
 1765      7400
 1766              	.LASF36:
 1767 0019 4D5F424C 		.ascii	"M_BL_Write\000"
 1767      5F577269 
 1767      746500
 1768              	.LASF15:
 1769 0024 73697A65 		.ascii	"sizetype\000"
 1769      74797065 
 1769      00
 1770              	.LASF40:
 1771 002d 55415254 		.ascii	"UART1_Start\000"
 1771      315F5374 
 1771      61727400 
 1772              	.LASF34:
 1773 0039 54696D65 		.ascii	"Timer1_ReadCounter\000"
 1773      72315F52 
 1773      65616443 
 1773      6F756E74 
 1773      657200
 1774              	.LASF46:
 1775 004c 6D61696E 		.ascii	"main\000"
 1775      00
ARM GAS  C:\Users\mac_000\AppData\Local\Temp\ccaZMF5G.s 			page 35


 1776              	.LASF26:
 1777 0051 49535231 		.ascii	"ISR1_Disable\000"
 1777      5F446973 
 1777      61626C65 
 1777      00
 1778              	.LASF43:
 1779 005e 474E5520 		.ascii	"GNU C11 5.4.1 20160609 (release) [ARM/embedded-5-br"
 1779      43313120 
 1779      352E342E 
 1779      31203230 
 1779      31363036 
 1780 0091 616E6368 		.ascii	"anch revision 237715] -mcpu=cortex-m0 -mthumb -g -O"
 1780      20726576 
 1780      6973696F 
 1780      6E203233 
 1780      37373135 
 1781 00c4 67202D66 		.ascii	"g -ffunction-sections -ffat-lto-objects\000"
 1781      66756E63 
 1781      74696F6E 
 1781      2D736563 
 1781      74696F6E 
 1782              	.LASF29:
 1783 00ec 54696D65 		.ascii	"Timer1_Enable\000"
 1783      72315F45 
 1783      6E61626C 
 1783      6500
 1784              	.LASF19:
 1785 00fa 50757473 		.ascii	"Puts\000"
 1785      00
 1786              	.LASF0:
 1787 00ff 7369676E 		.ascii	"signed char\000"
 1787      65642063 
 1787      68617200 
 1788              	.LASF9:
 1789 010b 666C6F61 		.ascii	"float\000"
 1789      7400
 1790              	.LASF41:
 1791 0111 54696D65 		.ascii	"Timer1_Start\000"
 1791      72315F53 
 1791      74617274 
 1791      00
 1792              	.LASF6:
 1793 011e 6C6F6E67 		.ascii	"long long int\000"
 1793      206C6F6E 
 1793      6720696E 
 1793      7400
 1794              	.LASF21:
 1795 012c 43617074 		.ascii	"Capture\000"
 1795      75726500 
 1796              	.LASF37:
 1797 0134 4D5F4252 		.ascii	"M_BR_Write\000"
 1797      5F577269 
 1797      746500
 1798              	.LASF4:
 1799 013f 6C6F6E67 		.ascii	"long int\000"
 1799      20696E74 
 1799      00
ARM GAS  C:\Users\mac_000\AppData\Local\Temp\ccaZMF5G.s 			page 36


 1800              	.LASF31:
 1801 0148 54696D65 		.ascii	"Timer1_WritePeriod\000"
 1801      72315F57 
 1801      72697465 
 1801      50657269 
 1801      6F6400
 1802              	.LASF42:
 1803 015b 49535231 		.ascii	"ISR1_StartEx\000"
 1803      5F537461 
 1803      72744578 
 1803      00
 1804              	.LASF39:
 1805 0168 4D5F4652 		.ascii	"M_FR_Write\000"
 1805      5F577269 
 1805      746500
 1806              	.LASF35:
 1807 0173 736E7072 		.ascii	"snprintf\000"
 1807      696E7466 
 1807      00
 1808              	.LASF1:
 1809 017c 756E7369 		.ascii	"unsigned char\000"
 1809      676E6564 
 1809      20636861 
 1809      7200
 1810              	.LASF14:
 1811 018a 6C6F6E67 		.ascii	"long double\000"
 1811      20646F75 
 1811      626C6500 
 1812              	.LASF38:
 1813 0196 4D5F464C 		.ascii	"M_FL_Write\000"
 1813      5F577269 
 1813      746500
 1814              	.LASF45:
 1815 01a1 433A5C55 		.ascii	"C:\\Users\\mac_000\\Documents\\Git_IR_REMO\\PSoC\\D"
 1815      73657273 
 1815      5C6D6163 
 1815      5F303030 
 1815      5C446F63 
 1816 01ce 65736967 		.ascii	"esign01.cydsn\000"
 1816      6E30312E 
 1816      63796473 
 1816      6E00
 1817              	.LASF7:
 1818 01dc 6C6F6E67 		.ascii	"long long unsigned int\000"
 1818      206C6F6E 
 1818      6720756E 
 1818      7369676E 
 1818      65642069 
 1819              	.LASF8:
 1820 01f3 756E7369 		.ascii	"unsigned int\000"
 1820      676E6564 
 1820      20696E74 
 1820      00
 1821              	.LASF23:
 1822 0200 4D5F5374 		.ascii	"M_Stat\000"
 1822      617400
 1823              	.LASF16:
ARM GAS  C:\Users\mac_000\AppData\Local\Temp\ccaZMF5G.s 			page 37


 1824 0207 636F6465 		.ascii	"code\000"
 1824      00
 1825              	.LASF13:
 1826 020c 72656733 		.ascii	"reg32\000"
 1826      3200
 1827              	.LASF3:
 1828 0212 73686F72 		.ascii	"short unsigned int\000"
 1828      7420756E 
 1828      7369676E 
 1828      65642069 
 1828      6E7400
 1829              	.LASF30:
 1830 0225 54696D65 		.ascii	"Timer1_WriteCounter\000"
 1830      72315F57 
 1830      72697465 
 1830      436F756E 
 1830      74657200 
 1831              	.LASF11:
 1832 0239 63686172 		.ascii	"char\000"
 1832      00
 1833              	.LASF17:
 1834 023e 6D6F746F 		.ascii	"motor\000"
 1834      7200
 1835              	.LASF18:
 1836 0244 646F5F63 		.ascii	"do_capture\000"
 1836      61707475 
 1836      726500
 1837              	.LASF12:
 1838 024f 75696E74 		.ascii	"uint32\000"
 1838      333200
 1839              	.LASF44:
 1840 0256 6D61696E 		.ascii	"main.c\000"
 1840      2E6300
 1841              	.LASF5:
 1842 025d 6C6F6E67 		.ascii	"long unsigned int\000"
 1842      20756E73 
 1842      69676E65 
 1842      6420696E 
 1842      7400
 1843              	.LASF10:
 1844 026f 646F7562 		.ascii	"double\000"
 1844      6C6500
 1845              	.LASF22:
 1846 0276 4E436170 		.ascii	"NCapture\000"
 1846      74757265 
 1846      00
 1847              	.LASF24:
 1848 027f 54696D65 		.ascii	"Timer1_ReadCapture\000"
 1848      72315F52 
 1848      65616443 
 1848      61707475 
 1848      726500
 1849              	.LASF28:
 1850 0292 54696D65 		.ascii	"Timer1_Init\000"
 1850      72315F49 
 1850      6E697400 
 1851              	.LASF27:
ARM GAS  C:\Users\mac_000\AppData\Local\Temp\ccaZMF5G.s 			page 38


 1852 029e 49535231 		.ascii	"ISR1_ClearPending\000"
 1852      5F436C65 
 1852      61725065 
 1852      6E64696E 
 1852      6700
 1853              	.LASF33:
 1854 02b0 49535231 		.ascii	"ISR1_Enable\000"
 1854      5F456E61 
 1854      626C6500 
 1855              	.LASF25:
 1856 02bc 55415254 		.ascii	"UART1_PutString\000"
 1856      315F5075 
 1856      74537472 
 1856      696E6700 
 1857              		.ident	"GCC: (GNU Tools for ARM Embedded Processors) 5.4.1 20160609 (release) [ARM/embedded-5-bran
